[0.019s] Invoking command in '/home/prodriguez/GITS/xarm_ros2_bueno/build/xarm_gazebo': AMENT_PREFIX_PATH=/home/prodriguez/GITS/xarm_ros2_bueno/install/xarm_controller:/home/prodriguez/GITS/xarm_ros2_bueno/install/xarm_api:/home/prodriguez/GITS/xarm_ros2_bueno/install/xarm_sdk:/home/prodriguez/GITS/xarm_ros2_bueno/install/xarm_msgs:/home/prodriguez/GITS/xarm_ros2_bueno/install/xarm_description:/home/prodriguez/GITS/xarm_ros2_bueno/install/uf_ros_lib:${AMENT_PREFIX_PATH} CMAKE_PREFIX_PATH=/home/prodriguez/GITS/xarm_ros2_bueno/install/xarm_controller:/home/prodriguez/GITS/xarm_ros2_bueno/install/xarm_api:/home/prodriguez/GITS/xarm_ros2_bueno/install/xarm_sdk:/home/prodriguez/GITS/xarm_ros2_bueno/install/xarm_msgs:/home/prodriguez/GITS/xarm_ros2_bueno/install/xarm_description:/home/prodriguez/GITS/dev_ws/install/xarm_planner:/home/prodriguez/GITS/dev_ws/install/xarm_moveit_servo:/home/prodriguez/GITS/dev_ws/install/xarm_moveit_config:/home/prodriguez/GITS/dev_ws/install/xarm_gazebo:/home/prodriguez/GITS/dev_ws/install/xarm_controller:/home/prodriguez/GITS/dev_ws/install/xarm_api:/home/prodriguez/GITS/dev_ws/install/xarm_sdk:/home/prodriguez/GITS/dev_ws/install/xarm_msgs:/home/prodriguez/GITS/dev_ws/install/xarm_description:/home/prodriguez/GITS/dev_ws/install/realsense_gazebo_plugin:/home/prodriguez/ros2_ws/install/turtlesim:/home/prodriguez/ros2_ws/install/action_tutorials_interfaces:/home/prodriguez/GITS/dev_ws/install/uf_ros_lib:/home/prodriguez/ros2_ws/install/python_parameters:/home/prodriguez/ros2_ws/install/py_pubsub:/opt/ros/humble LD_LIBRARY_PATH=/home/prodriguez/GITS/xarm_ros2_bueno/install/xarm_controller/lib:/home/prodriguez/GITS/xarm_ros2_bueno/install/xarm_api/lib:/home/prodriguez/GITS/xarm_ros2_bueno/install/xarm_sdk/lib:/home/prodriguez/GITS/xarm_ros2_bueno/install/xarm_msgs/lib:/home/prodriguez/GITS/dev_ws/install/xarm_planner/lib:/home/prodriguez/GITS/dev_ws/install/xarm_moveit_servo/lib:/home/prodriguez/GITS/dev_ws/install/xarm_gazebo/lib:/home/prodriguez/GITS/dev_ws/install/xarm_controller/lib:/home/prodriguez/GITS/dev_ws/install/xarm_api/lib:/home/prodriguez/GITS/dev_ws/install/xarm_sdk/lib:/home/prodriguez/GITS/dev_ws/install/xarm_msgs/lib:/home/prodriguez/GITS/dev_ws/install/realsense_gazebo_plugin/lib:/home/prodriguez/ros2_ws/install/turtlesim/lib:/home/prodriguez/ros2_ws/install/action_tutorials_interfaces/lib:/usr/lib/x86_64-linux-gnu/gazebo-11/plugins:/opt/ros/humble/opt/rviz_ogre_vendor/lib:/opt/ros/humble/lib/x86_64-linux-gnu:/opt/ros/humble/lib:/usr/lib/x86_64-linux-gnu/gazebo-11/plugins PYTHONPATH=/home/prodriguez/GITS/xarm_ros2_bueno/install/xarm_msgs/local/lib/python3.10/dist-packages:/home/prodriguez/GITS/xarm_ros2_bueno/install/uf_ros_lib/lib/python3.10/site-packages:${PYTHONPATH} /usr/bin/cmake /home/prodriguez/GITS/xarm_ros2_bueno/src/xarm_ros2/xarm_gazebo -DCMAKE_INSTALL_PREFIX=/home/prodriguez/GITS/xarm_ros2_bueno/install/xarm_gazebo
[0.073s] -- The C compiler identification is GNU 11.4.0
[0.126s] -- The CXX compiler identification is GNU 11.4.0
[0.133s] -- Detecting C compiler ABI info
[0.202s] -- Detecting C compiler ABI info - done
[0.209s] -- Check for working C compiler: /usr/bin/cc - skipped
[0.209s] -- Detecting C compile features
[0.209s] -- Detecting C compile features - done
[0.212s] -- Detecting CXX compiler ABI info
[0.291s] -- Detecting CXX compiler ABI info - done
[0.298s] -- Check for working CXX compiler: /usr/bin/c++ - skipped
[0.298s] -- Detecting CXX compile features
[0.298s] -- Detecting CXX compile features - done
[0.302s] -- Found ament_cmake: 1.3.9 (/opt/ros/humble/share/ament_cmake/cmake)
[0.453s] -- Found Python3: /usr/bin/python3 (found version "3.10.12") found components: Interpreter 
[0.565s] -- Found rclcpp: 16.0.9 (/opt/ros/humble/share/rclcpp/cmake)
[0.630s] -- Found rosidl_generator_c: 3.1.5 (/opt/ros/humble/share/rosidl_generator_c/cmake)
[0.639s] -- Found rosidl_adapter: 3.1.5 (/opt/ros/humble/share/rosidl_adapter/cmake)
[0.651s] -- Found rosidl_generator_cpp: 3.1.5 (/opt/ros/humble/share/rosidl_generator_cpp/cmake)
[0.669s] -- Using all available rosidl_typesupport_c: rosidl_typesupport_fastrtps_c;rosidl_typesupport_introspection_c
[0.694s] -- Using all available rosidl_typesupport_cpp: rosidl_typesupport_fastrtps_cpp;rosidl_typesupport_introspection_cpp
[0.782s] -- Found rmw_implementation_cmake: 6.1.2 (/opt/ros/humble/share/rmw_implementation_cmake/cmake)
[0.787s] -- Found rmw_fastrtps_cpp: 6.2.6 (/opt/ros/humble/share/rmw_fastrtps_cpp/cmake)
[0.903s] -- Found OpenSSL: /usr/lib/x86_64-linux-gnu/libcrypto.so (found version "3.0.2")  
[0.934s] -- Found FastRTPS: /opt/ros/humble/include  
[0.988s] -- Using RMW implementation 'rmw_fastrtps_cpp' as default
[1.004s] -- Looking for pthread.h
[1.077s] -- Looking for pthread.h - found
[1.077s] -- Performing Test CMAKE_HAVE_LIBC_PTHREAD
[1.151s] -- Performing Test CMAKE_HAVE_LIBC_PTHREAD - Success
[1.152s] -- Found Threads: TRUE  
[1.317s] -- Found control_toolbox: 3.2.0 (/opt/ros/humble/share/control_toolbox/cmake)
[1.898s] -- Found parameter_traits: 0.3.8 (/opt/ros/humble/share/parameter_traits/cmake)
[1.936s] -- Found rclcpp_lifecycle: 16.0.9 (/opt/ros/humble/share/rclcpp_lifecycle/cmake)
[2.027s] -- Found controller_manager: 2.41.0 (/opt/ros/humble/share/controller_manager/cmake)
[2.612s] -- Found gazebo_ros: 3.7.0 (/opt/ros/humble/share/gazebo_ros/cmake)
[2.627s] -- Found PkgConfig: /usr/bin/pkg-config (found version "0.29.2") 
[2.629s] -- Checking for module 'bullet>=2.82'
[2.643s] --   Found bullet, version 3.05
[2.755s] -- Found fcl: /usr/include (found suitable version "0.7.0", minimum required is "0.5.0") 
[2.810s] -- Found assimp: /usr/include (found version "5.2.0") 
[2.835s] -- Found DART: /usr/include (Required is at least version "6.6") found components: dart 
[2.874s] -- Found Boost: /usr/lib/x86_64-linux-gnu/cmake/Boost-1.74.0/BoostConfig.cmake (found suitable version "1.74.0", minimum required is "1.40.0") found components: thread system filesystem program_options regex iostreams date_time 
[2.889s] -- Found Protobuf: /usr/lib/x86_64-linux-gnu/libprotobuf.so (found version "3.12.4") 
[2.898s] -- Looking for ignition-math6 -- found version 6.15.1
[2.907s] -- Searching for dependencies of ignition-math6
[2.908s] -- Looking for OGRE...
[2.908s] -- OGRE_PREFIX_WATCH changed.
[2.914s] -- Checking for module 'OGRE'
[2.929s] --   Found OGRE, version 1.9.0
[2.966s] -- Found Ogre Ghadamon (1.9.0)
[2.974s] -- Found OGRE: optimized;/usr/lib/x86_64-linux-gnu/libOgreMain.so;debug;/usr/lib/x86_64-linux-gnu/libOgreMain.so
[2.983s] -- Looking for OGRE_Paging...
[2.990s] -- Found OGRE_Paging: optimized;/usr/lib/x86_64-linux-gnu/libOgrePaging.so;debug;/usr/lib/x86_64-linux-gnu/libOgrePaging.so
[2.990s] -- Looking for OGRE_Terrain...
[2.997s] -- Found OGRE_Terrain: optimized;/usr/lib/x86_64-linux-gnu/libOgreTerrain.so;debug;/usr/lib/x86_64-linux-gnu/libOgreTerrain.so
[2.997s] -- Looking for OGRE_Property...
[3.004s] -- Found OGRE_Property: optimized;/usr/lib/x86_64-linux-gnu/libOgreProperty.so;debug;/usr/lib/x86_64-linux-gnu/libOgreProperty.so
[3.004s] -- Looking for OGRE_RTShaderSystem...
[3.011s] -- Found OGRE_RTShaderSystem: optimized;/usr/lib/x86_64-linux-gnu/libOgreRTShaderSystem.so;debug;/usr/lib/x86_64-linux-gnu/libOgreRTShaderSystem.so
[3.011s] -- Looking for OGRE_Volume...
[3.017s] -- Found OGRE_Volume: optimized;/usr/lib/x86_64-linux-gnu/libOgreVolume.so;debug;/usr/lib/x86_64-linux-gnu/libOgreVolume.so
[3.017s] -- Looking for OGRE_Overlay...
[3.024s] -- Found OGRE_Overlay: optimized;/usr/lib/x86_64-linux-gnu/libOgreOverlay.so;debug;/usr/lib/x86_64-linux-gnu/libOgreOverlay.so
[3.183s] -- Looking for ignition-math6 -- found version 6.15.1
[3.187s] -- Looking for ignition-transport8 -- found version 8.2.1
[3.188s] -- Searching for dependencies of ignition-transport8
[3.208s] -- Found Protobuf: /usr/lib/x86_64-linux-gnu/libprotobuf.so (found suitable version "3.12.4", minimum required is "3") 
[3.222s] -- Config-file not installed for ZeroMQ -- checking for pkg-config
[3.227s] -- Checking for module 'libzmq >= 4'
[3.242s] --   Found libzmq , version 4.3.4
[3.282s] -- Found ZeroMQ: TRUE (Required is at least version "4") 
[3.287s] -- Checking for module 'uuid'
[3.302s] --   Found uuid, version 2.37.2
[3.338s] -- Found UUID: TRUE  
[3.342s] -- Looking for ignition-msgs5 -- found version 5.8.1
[3.343s] -- Searching for dependencies of ignition-msgs5
[3.364s] -- Looking for ignition-math6 -- found version 6.15.1
[3.369s] -- Checking for module 'tinyxml2'
[3.384s] --   Found tinyxml2, version 9.0.0
[3.422s] -- Looking for ignition-msgs5 -- found version 5.8.1
[3.426s] -- Looking for ignition-common3 -- found version 3.14.0
[3.427s] -- Searching for dependencies of ignition-common3
[3.427s] -- Looking for dlfcn.h - found
[3.428s] -- Looking for libdl - found
[3.429s] -- Found DL: TRUE  
[3.442s] -- Found tinyobjloader: /usr/lib/x86_64-linux-gnu/cmake/tinyobjloader/tinyobjloader-config.cmake (found version "2.0.0") 
[3.443s] -- Searching for <ignition-common3> component [graphics]
[3.447s] -- Looking for ignition-common3-graphics -- found version 3.14.0
[3.447s] -- Searching for dependencies of ignition-common3-graphics
[3.448s] -- Looking for ignition-math6 -- found version 6.15.1
[3.452s] -- Looking for ignition-fuel_tools4 -- found version 4.4.0
[3.453s] -- Searching for dependencies of ignition-fuel_tools4
[3.540s] -- Found CURL: /usr/lib/x86_64-linux-gnu/libcurl.so (found version "7.81.0")  
[3.550s] -- Checking for module 'jsoncpp'
[3.565s] --   Found jsoncpp, version 1.9.5
[3.602s] -- Found JSONCPP: TRUE  
[3.607s] -- Checking for module 'libzip'
[3.622s] --   Found libzip, version 1.7.3
[3.659s] -- Found ZIP: TRUE  
[3.659s] -- Looking for ignition-common3 -- found version 3.14.0
[3.660s] -- Looking for ignition-math6 -- found version 6.15.1
[3.660s] -- Looking for ignition-msgs5 -- found version 5.8.1
[3.665s] -- Gazebo version: 11.10
[3.666s] -- Checking for module 'tbb'
[3.681s] --   Found tbb, version 2021.5.0
[3.726s] -- Found ament_lint_auto: 0.12.11 (/opt/ros/humble/share/ament_lint_auto/cmake)
[4.111s] -- Added test 'copyright' to check source files copyright and LICENSE
[4.113s] -- Added test 'cppcheck' to perform static code analysis on C / C++ code
[4.114s] -- Configured cppcheck include dirs: /home/prodriguez/GITS/xarm_ros2_bueno/src/xarm_ros2/xarm_gazebo/include
[4.114s] -- Configured cppcheck exclude dirs and/or files: 
[4.115s] -- Added test 'cpplint' to check C / C++ code against the Google style
[4.115s] -- Configured cpplint exclude dirs and/or files: 
[4.116s] -- Added test 'flake8' to check Python code syntax and style conventions
[4.117s] -- Added test 'lint_cmake' to check CMake code style
[4.118s] -- Added test 'pep257' to check Python code against some of the docstring style conventions in PEP 257
[4.120s] -- Added test 'uncrustify' to check C / C++ code style
[4.120s] -- Configured uncrustify additional arguments: 
[4.120s] -- Added test 'xmllint' to check XML markup files
[4.122s] -- Configuring done
[4.166s] -- Generating done
[4.168s] -- Build files have been written to: /home/prodriguez/GITS/xarm_ros2_bueno/build/xarm_gazebo
[4.180s] Invoked command in '/home/prodriguez/GITS/xarm_ros2_bueno/build/xarm_gazebo' returned '0': AMENT_PREFIX_PATH=/home/prodriguez/GITS/xarm_ros2_bueno/install/xarm_controller:/home/prodriguez/GITS/xarm_ros2_bueno/install/xarm_api:/home/prodriguez/GITS/xarm_ros2_bueno/install/xarm_sdk:/home/prodriguez/GITS/xarm_ros2_bueno/install/xarm_msgs:/home/prodriguez/GITS/xarm_ros2_bueno/install/xarm_description:/home/prodriguez/GITS/xarm_ros2_bueno/install/uf_ros_lib:${AMENT_PREFIX_PATH} CMAKE_PREFIX_PATH=/home/prodriguez/GITS/xarm_ros2_bueno/install/xarm_controller:/home/prodriguez/GITS/xarm_ros2_bueno/install/xarm_api:/home/prodriguez/GITS/xarm_ros2_bueno/install/xarm_sdk:/home/prodriguez/GITS/xarm_ros2_bueno/install/xarm_msgs:/home/prodriguez/GITS/xarm_ros2_bueno/install/xarm_description:/home/prodriguez/GITS/dev_ws/install/xarm_planner:/home/prodriguez/GITS/dev_ws/install/xarm_moveit_servo:/home/prodriguez/GITS/dev_ws/install/xarm_moveit_config:/home/prodriguez/GITS/dev_ws/install/xarm_gazebo:/home/prodriguez/GITS/dev_ws/install/xarm_controller:/home/prodriguez/GITS/dev_ws/install/xarm_api:/home/prodriguez/GITS/dev_ws/install/xarm_sdk:/home/prodriguez/GITS/dev_ws/install/xarm_msgs:/home/prodriguez/GITS/dev_ws/install/xarm_description:/home/prodriguez/GITS/dev_ws/install/realsense_gazebo_plugin:/home/prodriguez/ros2_ws/install/turtlesim:/home/prodriguez/ros2_ws/install/action_tutorials_interfaces:/home/prodriguez/GITS/dev_ws/install/uf_ros_lib:/home/prodriguez/ros2_ws/install/python_parameters:/home/prodriguez/ros2_ws/install/py_pubsub:/opt/ros/humble LD_LIBRARY_PATH=/home/prodriguez/GITS/xarm_ros2_bueno/install/xarm_controller/lib:/home/prodriguez/GITS/xarm_ros2_bueno/install/xarm_api/lib:/home/prodriguez/GITS/xarm_ros2_bueno/install/xarm_sdk/lib:/home/prodriguez/GITS/xarm_ros2_bueno/install/xarm_msgs/lib:/home/prodriguez/GITS/dev_ws/install/xarm_planner/lib:/home/prodriguez/GITS/dev_ws/install/xarm_moveit_servo/lib:/home/prodriguez/GITS/dev_ws/install/xarm_gazebo/lib:/home/prodriguez/GITS/dev_ws/install/xarm_controller/lib:/home/prodriguez/GITS/dev_ws/install/xarm_api/lib:/home/prodriguez/GITS/dev_ws/install/xarm_sdk/lib:/home/prodriguez/GITS/dev_ws/install/xarm_msgs/lib:/home/prodriguez/GITS/dev_ws/install/realsense_gazebo_plugin/lib:/home/prodriguez/ros2_ws/install/turtlesim/lib:/home/prodriguez/ros2_ws/install/action_tutorials_interfaces/lib:/usr/lib/x86_64-linux-gnu/gazebo-11/plugins:/opt/ros/humble/opt/rviz_ogre_vendor/lib:/opt/ros/humble/lib/x86_64-linux-gnu:/opt/ros/humble/lib:/usr/lib/x86_64-linux-gnu/gazebo-11/plugins PYTHONPATH=/home/prodriguez/GITS/xarm_ros2_bueno/install/xarm_msgs/local/lib/python3.10/dist-packages:/home/prodriguez/GITS/xarm_ros2_bueno/install/uf_ros_lib/lib/python3.10/site-packages:${PYTHONPATH} /usr/bin/cmake /home/prodriguez/GITS/xarm_ros2_bueno/src/xarm_ros2/xarm_gazebo -DCMAKE_INSTALL_PREFIX=/home/prodriguez/GITS/xarm_ros2_bueno/install/xarm_gazebo
[4.182s] Invoking command in '/home/prodriguez/GITS/xarm_ros2_bueno/build/xarm_gazebo': AMENT_PREFIX_PATH=/home/prodriguez/GITS/xarm_ros2_bueno/install/xarm_controller:/home/prodriguez/GITS/xarm_ros2_bueno/install/xarm_api:/home/prodriguez/GITS/xarm_ros2_bueno/install/xarm_sdk:/home/prodriguez/GITS/xarm_ros2_bueno/install/xarm_msgs:/home/prodriguez/GITS/xarm_ros2_bueno/install/xarm_description:/home/prodriguez/GITS/xarm_ros2_bueno/install/uf_ros_lib:${AMENT_PREFIX_PATH} CMAKE_PREFIX_PATH=/home/prodriguez/GITS/xarm_ros2_bueno/install/xarm_controller:/home/prodriguez/GITS/xarm_ros2_bueno/install/xarm_api:/home/prodriguez/GITS/xarm_ros2_bueno/install/xarm_sdk:/home/prodriguez/GITS/xarm_ros2_bueno/install/xarm_msgs:/home/prodriguez/GITS/xarm_ros2_bueno/install/xarm_description:/home/prodriguez/GITS/dev_ws/install/xarm_planner:/home/prodriguez/GITS/dev_ws/install/xarm_moveit_servo:/home/prodriguez/GITS/dev_ws/install/xarm_moveit_config:/home/prodriguez/GITS/dev_ws/install/xarm_gazebo:/home/prodriguez/GITS/dev_ws/install/xarm_controller:/home/prodriguez/GITS/dev_ws/install/xarm_api:/home/prodriguez/GITS/dev_ws/install/xarm_sdk:/home/prodriguez/GITS/dev_ws/install/xarm_msgs:/home/prodriguez/GITS/dev_ws/install/xarm_description:/home/prodriguez/GITS/dev_ws/install/realsense_gazebo_plugin:/home/prodriguez/ros2_ws/install/turtlesim:/home/prodriguez/ros2_ws/install/action_tutorials_interfaces:/home/prodriguez/GITS/dev_ws/install/uf_ros_lib:/home/prodriguez/ros2_ws/install/python_parameters:/home/prodriguez/ros2_ws/install/py_pubsub:/opt/ros/humble LD_LIBRARY_PATH=/home/prodriguez/GITS/xarm_ros2_bueno/install/xarm_controller/lib:/home/prodriguez/GITS/xarm_ros2_bueno/install/xarm_api/lib:/home/prodriguez/GITS/xarm_ros2_bueno/install/xarm_sdk/lib:/home/prodriguez/GITS/xarm_ros2_bueno/install/xarm_msgs/lib:/home/prodriguez/GITS/dev_ws/install/xarm_planner/lib:/home/prodriguez/GITS/dev_ws/install/xarm_moveit_servo/lib:/home/prodriguez/GITS/dev_ws/install/xarm_gazebo/lib:/home/prodriguez/GITS/dev_ws/install/xarm_controller/lib:/home/prodriguez/GITS/dev_ws/install/xarm_api/lib:/home/prodriguez/GITS/dev_ws/install/xarm_sdk/lib:/home/prodriguez/GITS/dev_ws/install/xarm_msgs/lib:/home/prodriguez/GITS/dev_ws/install/realsense_gazebo_plugin/lib:/home/prodriguez/ros2_ws/install/turtlesim/lib:/home/prodriguez/ros2_ws/install/action_tutorials_interfaces/lib:/usr/lib/x86_64-linux-gnu/gazebo-11/plugins:/opt/ros/humble/opt/rviz_ogre_vendor/lib:/opt/ros/humble/lib/x86_64-linux-gnu:/opt/ros/humble/lib:/usr/lib/x86_64-linux-gnu/gazebo-11/plugins PYTHONPATH=/home/prodriguez/GITS/xarm_ros2_bueno/install/xarm_msgs/local/lib/python3.10/dist-packages:/home/prodriguez/GITS/xarm_ros2_bueno/install/uf_ros_lib/lib/python3.10/site-packages:${PYTHONPATH} /usr/bin/cmake --build /home/prodriguez/GITS/xarm_ros2_bueno/build/xarm_gazebo -- -j6 -l6
[4.240s] [ 50%] [32mBuilding CXX object CMakeFiles/gazebo_mimic_joint_plugin.dir/src/mimic_joint_plugin.cpp.o[0m
[15.321s] [100%] [32m[1mLinking CXX shared library libgazebo_mimic_joint_plugin.so[0m
[15.768s] [100%] Built target gazebo_mimic_joint_plugin
[15.779s] Invoked command in '/home/prodriguez/GITS/xarm_ros2_bueno/build/xarm_gazebo' returned '0': AMENT_PREFIX_PATH=/home/prodriguez/GITS/xarm_ros2_bueno/install/xarm_controller:/home/prodriguez/GITS/xarm_ros2_bueno/install/xarm_api:/home/prodriguez/GITS/xarm_ros2_bueno/install/xarm_sdk:/home/prodriguez/GITS/xarm_ros2_bueno/install/xarm_msgs:/home/prodriguez/GITS/xarm_ros2_bueno/install/xarm_description:/home/prodriguez/GITS/xarm_ros2_bueno/install/uf_ros_lib:${AMENT_PREFIX_PATH} CMAKE_PREFIX_PATH=/home/prodriguez/GITS/xarm_ros2_bueno/install/xarm_controller:/home/prodriguez/GITS/xarm_ros2_bueno/install/xarm_api:/home/prodriguez/GITS/xarm_ros2_bueno/install/xarm_sdk:/home/prodriguez/GITS/xarm_ros2_bueno/install/xarm_msgs:/home/prodriguez/GITS/xarm_ros2_bueno/install/xarm_description:/home/prodriguez/GITS/dev_ws/install/xarm_planner:/home/prodriguez/GITS/dev_ws/install/xarm_moveit_servo:/home/prodriguez/GITS/dev_ws/install/xarm_moveit_config:/home/prodriguez/GITS/dev_ws/install/xarm_gazebo:/home/prodriguez/GITS/dev_ws/install/xarm_controller:/home/prodriguez/GITS/dev_ws/install/xarm_api:/home/prodriguez/GITS/dev_ws/install/xarm_sdk:/home/prodriguez/GITS/dev_ws/install/xarm_msgs:/home/prodriguez/GITS/dev_ws/install/xarm_description:/home/prodriguez/GITS/dev_ws/install/realsense_gazebo_plugin:/home/prodriguez/ros2_ws/install/turtlesim:/home/prodriguez/ros2_ws/install/action_tutorials_interfaces:/home/prodriguez/GITS/dev_ws/install/uf_ros_lib:/home/prodriguez/ros2_ws/install/python_parameters:/home/prodriguez/ros2_ws/install/py_pubsub:/opt/ros/humble LD_LIBRARY_PATH=/home/prodriguez/GITS/xarm_ros2_bueno/install/xarm_controller/lib:/home/prodriguez/GITS/xarm_ros2_bueno/install/xarm_api/lib:/home/prodriguez/GITS/xarm_ros2_bueno/install/xarm_sdk/lib:/home/prodriguez/GITS/xarm_ros2_bueno/install/xarm_msgs/lib:/home/prodriguez/GITS/dev_ws/install/xarm_planner/lib:/home/prodriguez/GITS/dev_ws/install/xarm_moveit_servo/lib:/home/prodriguez/GITS/dev_ws/install/xarm_gazebo/lib:/home/prodriguez/GITS/dev_ws/install/xarm_controller/lib:/home/prodriguez/GITS/dev_ws/install/xarm_api/lib:/home/prodriguez/GITS/dev_ws/install/xarm_sdk/lib:/home/prodriguez/GITS/dev_ws/install/xarm_msgs/lib:/home/prodriguez/GITS/dev_ws/install/realsense_gazebo_plugin/lib:/home/prodriguez/ros2_ws/install/turtlesim/lib:/home/prodriguez/ros2_ws/install/action_tutorials_interfaces/lib:/usr/lib/x86_64-linux-gnu/gazebo-11/plugins:/opt/ros/humble/opt/rviz_ogre_vendor/lib:/opt/ros/humble/lib/x86_64-linux-gnu:/opt/ros/humble/lib:/usr/lib/x86_64-linux-gnu/gazebo-11/plugins PYTHONPATH=/home/prodriguez/GITS/xarm_ros2_bueno/install/xarm_msgs/local/lib/python3.10/dist-packages:/home/prodriguez/GITS/xarm_ros2_bueno/install/uf_ros_lib/lib/python3.10/site-packages:${PYTHONPATH} /usr/bin/cmake --build /home/prodriguez/GITS/xarm_ros2_bueno/build/xarm_gazebo -- -j6 -l6
[15.812s] Invoking command in '/home/prodriguez/GITS/xarm_ros2_bueno/build/xarm_gazebo': AMENT_PREFIX_PATH=/home/prodriguez/GITS/xarm_ros2_bueno/install/xarm_controller:/home/prodriguez/GITS/xarm_ros2_bueno/install/xarm_api:/home/prodriguez/GITS/xarm_ros2_bueno/install/xarm_sdk:/home/prodriguez/GITS/xarm_ros2_bueno/install/xarm_msgs:/home/prodriguez/GITS/xarm_ros2_bueno/install/xarm_description:/home/prodriguez/GITS/xarm_ros2_bueno/install/uf_ros_lib:${AMENT_PREFIX_PATH} CMAKE_PREFIX_PATH=/home/prodriguez/GITS/xarm_ros2_bueno/install/xarm_controller:/home/prodriguez/GITS/xarm_ros2_bueno/install/xarm_api:/home/prodriguez/GITS/xarm_ros2_bueno/install/xarm_sdk:/home/prodriguez/GITS/xarm_ros2_bueno/install/xarm_msgs:/home/prodriguez/GITS/xarm_ros2_bueno/install/xarm_description:/home/prodriguez/GITS/dev_ws/install/xarm_planner:/home/prodriguez/GITS/dev_ws/install/xarm_moveit_servo:/home/prodriguez/GITS/dev_ws/install/xarm_moveit_config:/home/prodriguez/GITS/dev_ws/install/xarm_gazebo:/home/prodriguez/GITS/dev_ws/install/xarm_controller:/home/prodriguez/GITS/dev_ws/install/xarm_api:/home/prodriguez/GITS/dev_ws/install/xarm_sdk:/home/prodriguez/GITS/dev_ws/install/xarm_msgs:/home/prodriguez/GITS/dev_ws/install/xarm_description:/home/prodriguez/GITS/dev_ws/install/realsense_gazebo_plugin:/home/prodriguez/ros2_ws/install/turtlesim:/home/prodriguez/ros2_ws/install/action_tutorials_interfaces:/home/prodriguez/GITS/dev_ws/install/uf_ros_lib:/home/prodriguez/ros2_ws/install/python_parameters:/home/prodriguez/ros2_ws/install/py_pubsub:/opt/ros/humble LD_LIBRARY_PATH=/home/prodriguez/GITS/xarm_ros2_bueno/install/xarm_controller/lib:/home/prodriguez/GITS/xarm_ros2_bueno/install/xarm_api/lib:/home/prodriguez/GITS/xarm_ros2_bueno/install/xarm_sdk/lib:/home/prodriguez/GITS/xarm_ros2_bueno/install/xarm_msgs/lib:/home/prodriguez/GITS/dev_ws/install/xarm_planner/lib:/home/prodriguez/GITS/dev_ws/install/xarm_moveit_servo/lib:/home/prodriguez/GITS/dev_ws/install/xarm_gazebo/lib:/home/prodriguez/GITS/dev_ws/install/xarm_controller/lib:/home/prodriguez/GITS/dev_ws/install/xarm_api/lib:/home/prodriguez/GITS/dev_ws/install/xarm_sdk/lib:/home/prodriguez/GITS/dev_ws/install/xarm_msgs/lib:/home/prodriguez/GITS/dev_ws/install/realsense_gazebo_plugin/lib:/home/prodriguez/ros2_ws/install/turtlesim/lib:/home/prodriguez/ros2_ws/install/action_tutorials_interfaces/lib:/usr/lib/x86_64-linux-gnu/gazebo-11/plugins:/opt/ros/humble/opt/rviz_ogre_vendor/lib:/opt/ros/humble/lib/x86_64-linux-gnu:/opt/ros/humble/lib:/usr/lib/x86_64-linux-gnu/gazebo-11/plugins PYTHONPATH=/home/prodriguez/GITS/xarm_ros2_bueno/install/xarm_msgs/local/lib/python3.10/dist-packages:/home/prodriguez/GITS/xarm_ros2_bueno/install/uf_ros_lib/lib/python3.10/site-packages:${PYTHONPATH} /usr/bin/cmake --install /home/prodriguez/GITS/xarm_ros2_bueno/build/xarm_gazebo
[15.820s] -- Install configuration: ""
[15.820s] -- Installing: /home/prodriguez/GITS/xarm_ros2_bueno/install/xarm_gazebo/include
[15.820s] -- Installing: /home/prodriguez/GITS/xarm_ros2_bueno/install/xarm_gazebo/include/xarm_gazebo
[15.820s] -- Installing: /home/prodriguez/GITS/xarm_ros2_bueno/install/xarm_gazebo/include/xarm_gazebo/mimic_joint_plugin.h
[15.820s] -- Installing: /home/prodriguez/GITS/xarm_ros2_bueno/install/xarm_gazebo/lib/libgazebo_mimic_joint_plugin.so
[15.822s] -- Set runtime path of "/home/prodriguez/GITS/xarm_ros2_bueno/install/xarm_gazebo/lib/libgazebo_mimic_joint_plugin.so" to ""
[15.822s] -- Installing: /home/prodriguez/GITS/xarm_ros2_bueno/install/xarm_gazebo/share/xarm_gazebo//worlds
[15.822s] -- Installing: /home/prodriguez/GITS/xarm_ros2_bueno/install/xarm_gazebo/share/xarm_gazebo//worlds/table.world
[15.822s] -- Installing: /home/prodriguez/GITS/xarm_ros2_bueno/install/xarm_gazebo/share/xarm_gazebo//launch
[15.823s] -- Installing: /home/prodriguez/GITS/xarm_ros2_bueno/install/xarm_gazebo/share/xarm_gazebo//launch/xarm7_mirror_beside_table_gazebo.launch.py
[15.823s] -- Installing: /home/prodriguez/GITS/xarm_ros2_bueno/install/xarm_gazebo/share/xarm_gazebo//launch/_robot_beside_table_gazebo.launch.py
[15.823s] -- Installing: /home/prodriguez/GITS/xarm_ros2_bueno/install/xarm_gazebo/share/xarm_gazebo//launch/lite6_beside_table_gazebo.launch.py
[15.823s] -- Installing: /home/prodriguez/GITS/xarm_ros2_bueno/install/xarm_gazebo/share/xarm_gazebo//launch/xarm5_beside_table_gazebo.launch.py
[15.824s] -- Installing: /home/prodriguez/GITS/xarm_ros2_bueno/install/xarm_gazebo/share/xarm_gazebo//launch/xarm6_beside_table_gazebo.launch.py
[15.824s] -- Installing: /home/prodriguez/GITS/xarm_ros2_bueno/install/xarm_gazebo/share/xarm_gazebo//launch/_dual_robot_beside_table_gazebo.launch.py
[15.825s] -- Installing: /home/prodriguez/GITS/xarm_ros2_bueno/install/xarm_gazebo/share/xarm_gazebo//launch/xarm7_beside_table_gazebo.launch.py
[15.825s] -- Installing: /home/prodriguez/GITS/xarm_ros2_bueno/install/xarm_gazebo/share/xarm_gazebo//launch/uf850_beside_table_gazebo.launch.py
[15.825s] -- Installing: /home/prodriguez/GITS/xarm_ros2_bueno/install/xarm_gazebo/share/ament_index/resource_index/package_run_dependencies/xarm_gazebo
[15.825s] -- Installing: /home/prodriguez/GITS/xarm_ros2_bueno/install/xarm_gazebo/share/ament_index/resource_index/parent_prefix_path/xarm_gazebo
[15.826s] -- Installing: /home/prodriguez/GITS/xarm_ros2_bueno/install/xarm_gazebo/share/xarm_gazebo/environment/ament_prefix_path.sh
[15.826s] -- Installing: /home/prodriguez/GITS/xarm_ros2_bueno/install/xarm_gazebo/share/xarm_gazebo/environment/ament_prefix_path.dsv
[15.826s] -- Installing: /home/prodriguez/GITS/xarm_ros2_bueno/install/xarm_gazebo/share/xarm_gazebo/environment/path.sh
[15.826s] -- Installing: /home/prodriguez/GITS/xarm_ros2_bueno/install/xarm_gazebo/share/xarm_gazebo/environment/path.dsv
[15.826s] -- Installing: /home/prodriguez/GITS/xarm_ros2_bueno/install/xarm_gazebo/share/xarm_gazebo/local_setup.bash
[15.826s] -- Installing: /home/prodriguez/GITS/xarm_ros2_bueno/install/xarm_gazebo/share/xarm_gazebo/local_setup.sh
[15.826s] -- Installing: /home/prodriguez/GITS/xarm_ros2_bueno/install/xarm_gazebo/share/xarm_gazebo/local_setup.zsh
[15.826s] -- Installing: /home/prodriguez/GITS/xarm_ros2_bueno/install/xarm_gazebo/share/xarm_gazebo/local_setup.dsv
[15.826s] -- Installing: /home/prodriguez/GITS/xarm_ros2_bueno/install/xarm_gazebo/share/xarm_gazebo/package.dsv
[15.827s] -- Installing: /home/prodriguez/GITS/xarm_ros2_bueno/install/xarm_gazebo/share/ament_index/resource_index/packages/xarm_gazebo
[15.827s] -- Installing: /home/prodriguez/GITS/xarm_ros2_bueno/install/xarm_gazebo/share/xarm_gazebo/cmake/xarm_gazeboConfig.cmake
[15.827s] -- Installing: /home/prodriguez/GITS/xarm_ros2_bueno/install/xarm_gazebo/share/xarm_gazebo/cmake/xarm_gazeboConfig-version.cmake
[15.827s] -- Installing: /home/prodriguez/GITS/xarm_ros2_bueno/install/xarm_gazebo/share/xarm_gazebo/package.xml
[15.829s] Invoked command in '/home/prodriguez/GITS/xarm_ros2_bueno/build/xarm_gazebo' returned '0': AMENT_PREFIX_PATH=/home/prodriguez/GITS/xarm_ros2_bueno/install/xarm_controller:/home/prodriguez/GITS/xarm_ros2_bueno/install/xarm_api:/home/prodriguez/GITS/xarm_ros2_bueno/install/xarm_sdk:/home/prodriguez/GITS/xarm_ros2_bueno/install/xarm_msgs:/home/prodriguez/GITS/xarm_ros2_bueno/install/xarm_description:/home/prodriguez/GITS/xarm_ros2_bueno/install/uf_ros_lib:${AMENT_PREFIX_PATH} CMAKE_PREFIX_PATH=/home/prodriguez/GITS/xarm_ros2_bueno/install/xarm_controller:/home/prodriguez/GITS/xarm_ros2_bueno/install/xarm_api:/home/prodriguez/GITS/xarm_ros2_bueno/install/xarm_sdk:/home/prodriguez/GITS/xarm_ros2_bueno/install/xarm_msgs:/home/prodriguez/GITS/xarm_ros2_bueno/install/xarm_description:/home/prodriguez/GITS/dev_ws/install/xarm_planner:/home/prodriguez/GITS/dev_ws/install/xarm_moveit_servo:/home/prodriguez/GITS/dev_ws/install/xarm_moveit_config:/home/prodriguez/GITS/dev_ws/install/xarm_gazebo:/home/prodriguez/GITS/dev_ws/install/xarm_controller:/home/prodriguez/GITS/dev_ws/install/xarm_api:/home/prodriguez/GITS/dev_ws/install/xarm_sdk:/home/prodriguez/GITS/dev_ws/install/xarm_msgs:/home/prodriguez/GITS/dev_ws/install/xarm_description:/home/prodriguez/GITS/dev_ws/install/realsense_gazebo_plugin:/home/prodriguez/ros2_ws/install/turtlesim:/home/prodriguez/ros2_ws/install/action_tutorials_interfaces:/home/prodriguez/GITS/dev_ws/install/uf_ros_lib:/home/prodriguez/ros2_ws/install/python_parameters:/home/prodriguez/ros2_ws/install/py_pubsub:/opt/ros/humble LD_LIBRARY_PATH=/home/prodriguez/GITS/xarm_ros2_bueno/install/xarm_controller/lib:/home/prodriguez/GITS/xarm_ros2_bueno/install/xarm_api/lib:/home/prodriguez/GITS/xarm_ros2_bueno/install/xarm_sdk/lib:/home/prodriguez/GITS/xarm_ros2_bueno/install/xarm_msgs/lib:/home/prodriguez/GITS/dev_ws/install/xarm_planner/lib:/home/prodriguez/GITS/dev_ws/install/xarm_moveit_servo/lib:/home/prodriguez/GITS/dev_ws/install/xarm_gazebo/lib:/home/prodriguez/GITS/dev_ws/install/xarm_controller/lib:/home/prodriguez/GITS/dev_ws/install/xarm_api/lib:/home/prodriguez/GITS/dev_ws/install/xarm_sdk/lib:/home/prodriguez/GITS/dev_ws/install/xarm_msgs/lib:/home/prodriguez/GITS/dev_ws/install/realsense_gazebo_plugin/lib:/home/prodriguez/ros2_ws/install/turtlesim/lib:/home/prodriguez/ros2_ws/install/action_tutorials_interfaces/lib:/usr/lib/x86_64-linux-gnu/gazebo-11/plugins:/opt/ros/humble/opt/rviz_ogre_vendor/lib:/opt/ros/humble/lib/x86_64-linux-gnu:/opt/ros/humble/lib:/usr/lib/x86_64-linux-gnu/gazebo-11/plugins PYTHONPATH=/home/prodriguez/GITS/xarm_ros2_bueno/install/xarm_msgs/local/lib/python3.10/dist-packages:/home/prodriguez/GITS/xarm_ros2_bueno/install/uf_ros_lib/lib/python3.10/site-packages:${PYTHONPATH} /usr/bin/cmake --install /home/prodriguez/GITS/xarm_ros2_bueno/build/xarm_gazebo
