[0.014s] Invoking command in '/home/prodriguez/GITS/xarm_ros2_bueno/build/xarm_api': AMENT_PREFIX_PATH=/home/prodriguez/GITS/xarm_ros2_bueno/install/xarm_sdk:/home/prodriguez/GITS/xarm_ros2_bueno/install/xarm_msgs:/home/prodriguez/GITS/xarm_ros2_bueno/install/xarm_description:${AMENT_PREFIX_PATH} CMAKE_PREFIX_PATH=/home/prodriguez/GITS/xarm_ros2_bueno/install/xarm_sdk:/home/prodriguez/GITS/xarm_ros2_bueno/install/xarm_msgs:/home/prodriguez/GITS/xarm_ros2_bueno/install/xarm_description:/home/prodriguez/GITS/dev_ws/install/xarm_planner:/home/prodriguez/GITS/dev_ws/install/xarm_moveit_servo:/home/prodriguez/GITS/dev_ws/install/xarm_moveit_config:/home/prodriguez/GITS/dev_ws/install/xarm_gazebo:/home/prodriguez/GITS/dev_ws/install/xarm_controller:/home/prodriguez/GITS/dev_ws/install/xarm_api:/home/prodriguez/GITS/dev_ws/install/xarm_sdk:/home/prodriguez/GITS/dev_ws/install/xarm_msgs:/home/prodriguez/GITS/dev_ws/install/xarm_description:/home/prodriguez/GITS/dev_ws/install/realsense_gazebo_plugin:/home/prodriguez/ros2_ws/install/turtlesim:/home/prodriguez/ros2_ws/install/action_tutorials_interfaces:/home/prodriguez/GITS/dev_ws/install/uf_ros_lib:/home/prodriguez/ros2_ws/install/python_parameters:/home/prodriguez/ros2_ws/install/py_pubsub:/opt/ros/humble LD_LIBRARY_PATH=/home/prodriguez/GITS/xarm_ros2_bueno/install/xarm_sdk/lib:/home/prodriguez/GITS/xarm_ros2_bueno/install/xarm_msgs/lib:/home/prodriguez/GITS/dev_ws/install/xarm_planner/lib:/home/prodriguez/GITS/dev_ws/install/xarm_moveit_servo/lib:/home/prodriguez/GITS/dev_ws/install/xarm_gazebo/lib:/home/prodriguez/GITS/dev_ws/install/xarm_controller/lib:/home/prodriguez/GITS/dev_ws/install/xarm_api/lib:/home/prodriguez/GITS/dev_ws/install/xarm_sdk/lib:/home/prodriguez/GITS/dev_ws/install/xarm_msgs/lib:/home/prodriguez/GITS/dev_ws/install/realsense_gazebo_plugin/lib:/home/prodriguez/ros2_ws/install/turtlesim/lib:/home/prodriguez/ros2_ws/install/action_tutorials_interfaces/lib:/usr/lib/x86_64-linux-gnu/gazebo-11/plugins:/opt/ros/humble/opt/rviz_ogre_vendor/lib:/opt/ros/humble/lib/x86_64-linux-gnu:/opt/ros/humble/lib:/usr/lib/x86_64-linux-gnu/gazebo-11/plugins PYTHONPATH=/home/prodriguez/GITS/xarm_ros2_bueno/install/xarm_msgs/local/lib/python3.10/dist-packages:${PYTHONPATH} /usr/bin/cmake /home/prodriguez/GITS/xarm_ros2_bueno/src/xarm_ros2/xarm_api -DCMAKE_INSTALL_PREFIX=/home/prodriguez/GITS/xarm_ros2_bueno/install/xarm_api
[0.067s] -- The C compiler identification is GNU 11.4.0
[0.120s] -- The CXX compiler identification is GNU 11.4.0
[0.126s] -- Detecting C compiler ABI info
[0.194s] -- Detecting C compiler ABI info - done
[0.201s] -- Check for working C compiler: /usr/bin/cc - skipped
[0.201s] -- Detecting C compile features
[0.202s] -- Detecting C compile features - done
[0.204s] -- Detecting CXX compiler ABI info
[0.281s] -- Detecting CXX compiler ABI info - done
[0.288s] -- Check for working CXX compiler: /usr/bin/c++ - skipped
[0.289s] -- Detecting CXX compile features
[0.289s] -- Detecting CXX compile features - done
[0.293s] -- Found ament_cmake: 1.3.9 (/opt/ros/humble/share/ament_cmake/cmake)
[0.442s] -- Found Python3: /usr/bin/python3 (found version "3.10.12") found components: Interpreter 
[0.550s] -- Found ament_lint_auto: 0.12.11 (/opt/ros/humble/share/ament_lint_auto/cmake)
[0.642s] -- Found rclcpp: 16.0.9 (/opt/ros/humble/share/rclcpp/cmake)
[0.704s] -- Found rosidl_generator_c: 3.1.5 (/opt/ros/humble/share/rosidl_generator_c/cmake)
[0.712s] -- Found rosidl_adapter: 3.1.5 (/opt/ros/humble/share/rosidl_adapter/cmake)
[0.724s] -- Found rosidl_generator_cpp: 3.1.5 (/opt/ros/humble/share/rosidl_generator_cpp/cmake)
[0.741s] -- Using all available rosidl_typesupport_c: rosidl_typesupport_fastrtps_c;rosidl_typesupport_introspection_c
[0.766s] -- Using all available rosidl_typesupport_cpp: rosidl_typesupport_fastrtps_cpp;rosidl_typesupport_introspection_cpp
[0.851s] -- Found rmw_implementation_cmake: 6.1.2 (/opt/ros/humble/share/rmw_implementation_cmake/cmake)
[0.856s] -- Found rmw_fastrtps_cpp: 6.2.6 (/opt/ros/humble/share/rmw_fastrtps_cpp/cmake)
[0.968s] -- Found OpenSSL: /usr/lib/x86_64-linux-gnu/libcrypto.so (found version "3.0.2")  
[0.998s] -- Found FastRTPS: /opt/ros/humble/include  
[1.050s] -- Using RMW implementation 'rmw_fastrtps_cpp' as default
[1.065s] -- Looking for pthread.h
[1.136s] -- Looking for pthread.h - found
[1.136s] -- Performing Test CMAKE_HAVE_LIBC_PTHREAD
[1.209s] -- Performing Test CMAKE_HAVE_LIBC_PTHREAD - Success
[1.210s] -- Found Threads: TRUE  
[1.377s] -- Found rclcpp_action: 16.0.9 (/opt/ros/humble/share/rclcpp_action/cmake)
[1.490s] -- Found sensor_msgs: 4.2.4 (/opt/ros/humble/share/sensor_msgs/cmake)
[1.615s] -- Found control_msgs: 4.6.0 (/opt/ros/humble/share/control_msgs/cmake)
[1.897s] -- Found xarm_msgs: 0.0.0 (/home/prodriguez/GITS/xarm_ros2_bueno/install/xarm_msgs/share/xarm_msgs/cmake)
[1.955s] -- Found xarm_sdk: 0.0.0 (/home/prodriguez/GITS/xarm_ros2_bueno/install/xarm_sdk/share/xarm_sdk/cmake)
[1.982s] -- Added test 'copyright' to check source files copyright and LICENSE
[1.984s] -- Added test 'cppcheck' to perform static code analysis on C / C++ code
[1.984s] -- Configured cppcheck include dirs: /home/prodriguez/GITS/xarm_ros2_bueno/src/xarm_ros2/xarm_api/include
[1.985s] -- Configured cppcheck exclude dirs and/or files: 
[1.986s] -- Added test 'cpplint' to check C / C++ code against the Google style
[1.986s] -- Configured cpplint exclude dirs and/or files: 
[1.987s] -- Added test 'flake8' to check Python code syntax and style conventions
[1.988s] -- Added test 'lint_cmake' to check CMake code style
[1.989s] -- Added test 'pep257' to check Python code against some of the docstring style conventions in PEP 257
[1.991s] -- Added test 'uncrustify' to check C / C++ code style
[1.991s] -- Configured uncrustify additional arguments: 
[1.992s] -- Added test 'xmllint' to check XML markup files
[1.995s] -- Configuring done
[2.028s] -- Generating done
[2.030s] -- Build files have been written to: /home/prodriguez/GITS/xarm_ros2_bueno/build/xarm_api
[2.038s] Invoked command in '/home/prodriguez/GITS/xarm_ros2_bueno/build/xarm_api' returned '0': AMENT_PREFIX_PATH=/home/prodriguez/GITS/xarm_ros2_bueno/install/xarm_sdk:/home/prodriguez/GITS/xarm_ros2_bueno/install/xarm_msgs:/home/prodriguez/GITS/xarm_ros2_bueno/install/xarm_description:${AMENT_PREFIX_PATH} CMAKE_PREFIX_PATH=/home/prodriguez/GITS/xarm_ros2_bueno/install/xarm_sdk:/home/prodriguez/GITS/xarm_ros2_bueno/install/xarm_msgs:/home/prodriguez/GITS/xarm_ros2_bueno/install/xarm_description:/home/prodriguez/GITS/dev_ws/install/xarm_planner:/home/prodriguez/GITS/dev_ws/install/xarm_moveit_servo:/home/prodriguez/GITS/dev_ws/install/xarm_moveit_config:/home/prodriguez/GITS/dev_ws/install/xarm_gazebo:/home/prodriguez/GITS/dev_ws/install/xarm_controller:/home/prodriguez/GITS/dev_ws/install/xarm_api:/home/prodriguez/GITS/dev_ws/install/xarm_sdk:/home/prodriguez/GITS/dev_ws/install/xarm_msgs:/home/prodriguez/GITS/dev_ws/install/xarm_description:/home/prodriguez/GITS/dev_ws/install/realsense_gazebo_plugin:/home/prodriguez/ros2_ws/install/turtlesim:/home/prodriguez/ros2_ws/install/action_tutorials_interfaces:/home/prodriguez/GITS/dev_ws/install/uf_ros_lib:/home/prodriguez/ros2_ws/install/python_parameters:/home/prodriguez/ros2_ws/install/py_pubsub:/opt/ros/humble LD_LIBRARY_PATH=/home/prodriguez/GITS/xarm_ros2_bueno/install/xarm_sdk/lib:/home/prodriguez/GITS/xarm_ros2_bueno/install/xarm_msgs/lib:/home/prodriguez/GITS/dev_ws/install/xarm_planner/lib:/home/prodriguez/GITS/dev_ws/install/xarm_moveit_servo/lib:/home/prodriguez/GITS/dev_ws/install/xarm_gazebo/lib:/home/prodriguez/GITS/dev_ws/install/xarm_controller/lib:/home/prodriguez/GITS/dev_ws/install/xarm_api/lib:/home/prodriguez/GITS/dev_ws/install/xarm_sdk/lib:/home/prodriguez/GITS/dev_ws/install/xarm_msgs/lib:/home/prodriguez/GITS/dev_ws/install/realsense_gazebo_plugin/lib:/home/prodriguez/ros2_ws/install/turtlesim/lib:/home/prodriguez/ros2_ws/install/action_tutorials_interfaces/lib:/usr/lib/x86_64-linux-gnu/gazebo-11/plugins:/opt/ros/humble/opt/rviz_ogre_vendor/lib:/opt/ros/humble/lib/x86_64-linux-gnu:/opt/ros/humble/lib:/usr/lib/x86_64-linux-gnu/gazebo-11/plugins PYTHONPATH=/home/prodriguez/GITS/xarm_ros2_bueno/install/xarm_msgs/local/lib/python3.10/dist-packages:${PYTHONPATH} /usr/bin/cmake /home/prodriguez/GITS/xarm_ros2_bueno/src/xarm_ros2/xarm_api -DCMAKE_INSTALL_PREFIX=/home/prodriguez/GITS/xarm_ros2_bueno/install/xarm_api
[2.040s] Invoking command in '/home/prodriguez/GITS/xarm_ros2_bueno/build/xarm_api': AMENT_PREFIX_PATH=/home/prodriguez/GITS/xarm_ros2_bueno/install/xarm_sdk:/home/prodriguez/GITS/xarm_ros2_bueno/install/xarm_msgs:/home/prodriguez/GITS/xarm_ros2_bueno/install/xarm_description:${AMENT_PREFIX_PATH} CMAKE_PREFIX_PATH=/home/prodriguez/GITS/xarm_ros2_bueno/install/xarm_sdk:/home/prodriguez/GITS/xarm_ros2_bueno/install/xarm_msgs:/home/prodriguez/GITS/xarm_ros2_bueno/install/xarm_description:/home/prodriguez/GITS/dev_ws/install/xarm_planner:/home/prodriguez/GITS/dev_ws/install/xarm_moveit_servo:/home/prodriguez/GITS/dev_ws/install/xarm_moveit_config:/home/prodriguez/GITS/dev_ws/install/xarm_gazebo:/home/prodriguez/GITS/dev_ws/install/xarm_controller:/home/prodriguez/GITS/dev_ws/install/xarm_api:/home/prodriguez/GITS/dev_ws/install/xarm_sdk:/home/prodriguez/GITS/dev_ws/install/xarm_msgs:/home/prodriguez/GITS/dev_ws/install/xarm_description:/home/prodriguez/GITS/dev_ws/install/realsense_gazebo_plugin:/home/prodriguez/ros2_ws/install/turtlesim:/home/prodriguez/ros2_ws/install/action_tutorials_interfaces:/home/prodriguez/GITS/dev_ws/install/uf_ros_lib:/home/prodriguez/ros2_ws/install/python_parameters:/home/prodriguez/ros2_ws/install/py_pubsub:/opt/ros/humble LD_LIBRARY_PATH=/home/prodriguez/GITS/xarm_ros2_bueno/install/xarm_sdk/lib:/home/prodriguez/GITS/xarm_ros2_bueno/install/xarm_msgs/lib:/home/prodriguez/GITS/dev_ws/install/xarm_planner/lib:/home/prodriguez/GITS/dev_ws/install/xarm_moveit_servo/lib:/home/prodriguez/GITS/dev_ws/install/xarm_gazebo/lib:/home/prodriguez/GITS/dev_ws/install/xarm_controller/lib:/home/prodriguez/GITS/dev_ws/install/xarm_api/lib:/home/prodriguez/GITS/dev_ws/install/xarm_sdk/lib:/home/prodriguez/GITS/dev_ws/install/xarm_msgs/lib:/home/prodriguez/GITS/dev_ws/install/realsense_gazebo_plugin/lib:/home/prodriguez/ros2_ws/install/turtlesim/lib:/home/prodriguez/ros2_ws/install/action_tutorials_interfaces/lib:/usr/lib/x86_64-linux-gnu/gazebo-11/plugins:/opt/ros/humble/opt/rviz_ogre_vendor/lib:/opt/ros/humble/lib/x86_64-linux-gnu:/opt/ros/humble/lib:/usr/lib/x86_64-linux-gnu/gazebo-11/plugins PYTHONPATH=/home/prodriguez/GITS/xarm_ros2_bueno/install/xarm_msgs/local/lib/python3.10/dist-packages:${PYTHONPATH} /usr/bin/cmake --build /home/prodriguez/GITS/xarm_ros2_bueno/build/xarm_api -- -j6 -l6
[2.094s] [ 30%] [32mBuilding CXX object CMakeFiles/test_robot_states.dir/test/test_robot_states.cpp.o[0m
[2.094s] [ 30%] [32mBuilding CXX object CMakeFiles/xarm_ros_driver.dir/src/xarm_driver_service.cpp.o[0m
[2.094s] [ 30%] [32mBuilding CXX object CMakeFiles/xarm_ros_driver.dir/src/xarm_driver.cpp.o[0m
[2.094s] [ 30%] [32mBuilding CXX object CMakeFiles/xarm_ros_client.dir/src/xarm_ros_client.cpp.o[0m
[14.968s] [ 38%] [32m[1mLinking CXX executable test_robot_states[0m
[15.743s] [ 38%] Built target test_robot_states
[25.280s] [ 46%] [32m[1mLinking CXX shared library libxarm_ros_client.so[0m
[27.006s] [ 46%] Built target xarm_ros_client
[27.030s] [ 61%] [32mBuilding CXX object CMakeFiles/test_xarm_velo_move.dir/test/test_xarm_velo_move.cpp.o[0m
[27.030s] [ 61%] [32mBuilding CXX object CMakeFiles/test_xarm_ros_client.dir/test/test_xarm_ros_client.cpp.o[0m
[29.576s] [ 69%] [32m[1mLinking CXX shared library libxarm_ros_driver.so[0m
[32.185s] [ 69%] Built target xarm_ros_driver
[32.209s] [ 76%] [32mBuilding CXX object CMakeFiles/xarm_driver_node.dir/src/xarm_driver_node.cpp.o[0m
[32.574s] [ 84%] [32m[1mLinking CXX executable test_xarm_ros_client[0m
[32.672s] [ 92%] [32m[1mLinking CXX executable test_xarm_velo_move[0m
[33.407s] [ 92%] Built target test_xarm_ros_client
[33.502s] [ 92%] Built target test_xarm_velo_move
[36.900s] [100%] [32m[1mLinking CXX executable xarm_driver_node[0m
[37.682s] [100%] Built target xarm_driver_node
[37.693s] Invoked command in '/home/prodriguez/GITS/xarm_ros2_bueno/build/xarm_api' returned '0': AMENT_PREFIX_PATH=/home/prodriguez/GITS/xarm_ros2_bueno/install/xarm_sdk:/home/prodriguez/GITS/xarm_ros2_bueno/install/xarm_msgs:/home/prodriguez/GITS/xarm_ros2_bueno/install/xarm_description:${AMENT_PREFIX_PATH} CMAKE_PREFIX_PATH=/home/prodriguez/GITS/xarm_ros2_bueno/install/xarm_sdk:/home/prodriguez/GITS/xarm_ros2_bueno/install/xarm_msgs:/home/prodriguez/GITS/xarm_ros2_bueno/install/xarm_description:/home/prodriguez/GITS/dev_ws/install/xarm_planner:/home/prodriguez/GITS/dev_ws/install/xarm_moveit_servo:/home/prodriguez/GITS/dev_ws/install/xarm_moveit_config:/home/prodriguez/GITS/dev_ws/install/xarm_gazebo:/home/prodriguez/GITS/dev_ws/install/xarm_controller:/home/prodriguez/GITS/dev_ws/install/xarm_api:/home/prodriguez/GITS/dev_ws/install/xarm_sdk:/home/prodriguez/GITS/dev_ws/install/xarm_msgs:/home/prodriguez/GITS/dev_ws/install/xarm_description:/home/prodriguez/GITS/dev_ws/install/realsense_gazebo_plugin:/home/prodriguez/ros2_ws/install/turtlesim:/home/prodriguez/ros2_ws/install/action_tutorials_interfaces:/home/prodriguez/GITS/dev_ws/install/uf_ros_lib:/home/prodriguez/ros2_ws/install/python_parameters:/home/prodriguez/ros2_ws/install/py_pubsub:/opt/ros/humble LD_LIBRARY_PATH=/home/prodriguez/GITS/xarm_ros2_bueno/install/xarm_sdk/lib:/home/prodriguez/GITS/xarm_ros2_bueno/install/xarm_msgs/lib:/home/prodriguez/GITS/dev_ws/install/xarm_planner/lib:/home/prodriguez/GITS/dev_ws/install/xarm_moveit_servo/lib:/home/prodriguez/GITS/dev_ws/install/xarm_gazebo/lib:/home/prodriguez/GITS/dev_ws/install/xarm_controller/lib:/home/prodriguez/GITS/dev_ws/install/xarm_api/lib:/home/prodriguez/GITS/dev_ws/install/xarm_sdk/lib:/home/prodriguez/GITS/dev_ws/install/xarm_msgs/lib:/home/prodriguez/GITS/dev_ws/install/realsense_gazebo_plugin/lib:/home/prodriguez/ros2_ws/install/turtlesim/lib:/home/prodriguez/ros2_ws/install/action_tutorials_interfaces/lib:/usr/lib/x86_64-linux-gnu/gazebo-11/plugins:/opt/ros/humble/opt/rviz_ogre_vendor/lib:/opt/ros/humble/lib/x86_64-linux-gnu:/opt/ros/humble/lib:/usr/lib/x86_64-linux-gnu/gazebo-11/plugins PYTHONPATH=/home/prodriguez/GITS/xarm_ros2_bueno/install/xarm_msgs/local/lib/python3.10/dist-packages:${PYTHONPATH} /usr/bin/cmake --build /home/prodriguez/GITS/xarm_ros2_bueno/build/xarm_api -- -j6 -l6
[37.748s] Invoking command in '/home/prodriguez/GITS/xarm_ros2_bueno/build/xarm_api': AMENT_PREFIX_PATH=/home/prodriguez/GITS/xarm_ros2_bueno/install/xarm_sdk:/home/prodriguez/GITS/xarm_ros2_bueno/install/xarm_msgs:/home/prodriguez/GITS/xarm_ros2_bueno/install/xarm_description:${AMENT_PREFIX_PATH} CMAKE_PREFIX_PATH=/home/prodriguez/GITS/xarm_ros2_bueno/install/xarm_sdk:/home/prodriguez/GITS/xarm_ros2_bueno/install/xarm_msgs:/home/prodriguez/GITS/xarm_ros2_bueno/install/xarm_description:/home/prodriguez/GITS/dev_ws/install/xarm_planner:/home/prodriguez/GITS/dev_ws/install/xarm_moveit_servo:/home/prodriguez/GITS/dev_ws/install/xarm_moveit_config:/home/prodriguez/GITS/dev_ws/install/xarm_gazebo:/home/prodriguez/GITS/dev_ws/install/xarm_controller:/home/prodriguez/GITS/dev_ws/install/xarm_api:/home/prodriguez/GITS/dev_ws/install/xarm_sdk:/home/prodriguez/GITS/dev_ws/install/xarm_msgs:/home/prodriguez/GITS/dev_ws/install/xarm_description:/home/prodriguez/GITS/dev_ws/install/realsense_gazebo_plugin:/home/prodriguez/ros2_ws/install/turtlesim:/home/prodriguez/ros2_ws/install/action_tutorials_interfaces:/home/prodriguez/GITS/dev_ws/install/uf_ros_lib:/home/prodriguez/ros2_ws/install/python_parameters:/home/prodriguez/ros2_ws/install/py_pubsub:/opt/ros/humble LD_LIBRARY_PATH=/home/prodriguez/GITS/xarm_ros2_bueno/install/xarm_sdk/lib:/home/prodriguez/GITS/xarm_ros2_bueno/install/xarm_msgs/lib:/home/prodriguez/GITS/dev_ws/install/xarm_planner/lib:/home/prodriguez/GITS/dev_ws/install/xarm_moveit_servo/lib:/home/prodriguez/GITS/dev_ws/install/xarm_gazebo/lib:/home/prodriguez/GITS/dev_ws/install/xarm_controller/lib:/home/prodriguez/GITS/dev_ws/install/xarm_api/lib:/home/prodriguez/GITS/dev_ws/install/xarm_sdk/lib:/home/prodriguez/GITS/dev_ws/install/xarm_msgs/lib:/home/prodriguez/GITS/dev_ws/install/realsense_gazebo_plugin/lib:/home/prodriguez/ros2_ws/install/turtlesim/lib:/home/prodriguez/ros2_ws/install/action_tutorials_interfaces/lib:/usr/lib/x86_64-linux-gnu/gazebo-11/plugins:/opt/ros/humble/opt/rviz_ogre_vendor/lib:/opt/ros/humble/lib/x86_64-linux-gnu:/opt/ros/humble/lib:/usr/lib/x86_64-linux-gnu/gazebo-11/plugins PYTHONPATH=/home/prodriguez/GITS/xarm_ros2_bueno/install/xarm_msgs/local/lib/python3.10/dist-packages:${PYTHONPATH} /usr/bin/cmake --install /home/prodriguez/GITS/xarm_ros2_bueno/build/xarm_api
[37.757s] -- Install configuration: ""
[37.757s] -- Installing: /home/prodriguez/GITS/xarm_ros2_bueno/install/xarm_api/share/xarm_api/environment/library_path.sh
[37.757s] -- Installing: /home/prodriguez/GITS/xarm_ros2_bueno/install/xarm_api/share/xarm_api/environment/library_path.dsv
[37.757s] -- Installing: /home/prodriguez/GITS/xarm_ros2_bueno/install/xarm_api/include
[37.758s] -- Installing: /home/prodriguez/GITS/xarm_ros2_bueno/install/xarm_api/include/xarm_api
[37.758s] -- Installing: /home/prodriguez/GITS/xarm_ros2_bueno/install/xarm_api/include/xarm_api/xarm_ros_client.h
[37.758s] -- Installing: /home/prodriguez/GITS/xarm_ros2_bueno/install/xarm_api/include/xarm_api/xarm_driver.h
[37.758s] -- Installing: /home/prodriguez/GITS/xarm_ros2_bueno/install/xarm_api/include/xarm_api/visibility_control.h
[37.758s] -- Installing: /home/prodriguez/GITS/xarm_ros2_bueno/install/xarm_api/include/xarm_api/xarm_msgs.h
[37.758s] -- Installing: /home/prodriguez/GITS/xarm_ros2_bueno/install/xarm_api/lib/libxarm_ros_driver.so
[37.787s] -- Set runtime path of "/home/prodriguez/GITS/xarm_ros2_bueno/install/xarm_api/lib/libxarm_ros_driver.so" to ""
[37.787s] -- Installing: /home/prodriguez/GITS/xarm_ros2_bueno/install/xarm_api/lib/libxarm_ros_client.so
[37.810s] -- Set runtime path of "/home/prodriguez/GITS/xarm_ros2_bueno/install/xarm_api/lib/libxarm_ros_client.so" to ""
[37.810s] -- Installing: /home/prodriguez/GITS/xarm_ros2_bueno/install/xarm_api/lib/xarm_api/xarm_driver_node
[37.810s] -- Set runtime path of "/home/prodriguez/GITS/xarm_ros2_bueno/install/xarm_api/lib/xarm_api/xarm_driver_node" to ""
[37.810s] -- Installing: /home/prodriguez/GITS/xarm_ros2_bueno/install/xarm_api/lib/xarm_api/test_xarm_ros_client
[37.811s] -- Set runtime path of "/home/prodriguez/GITS/xarm_ros2_bueno/install/xarm_api/lib/xarm_api/test_xarm_ros_client" to ""
[37.811s] -- Installing: /home/prodriguez/GITS/xarm_ros2_bueno/install/xarm_api/lib/xarm_api/test_xarm_velo_move
[37.811s] -- Set runtime path of "/home/prodriguez/GITS/xarm_ros2_bueno/install/xarm_api/lib/xarm_api/test_xarm_velo_move" to ""
[37.811s] -- Installing: /home/prodriguez/GITS/xarm_ros2_bueno/install/xarm_api/lib/xarm_api/test_robot_states
[37.818s] -- Set runtime path of "/home/prodriguez/GITS/xarm_ros2_bueno/install/xarm_api/lib/xarm_api/test_robot_states" to ""
[37.818s] -- Installing: /home/prodriguez/GITS/xarm_ros2_bueno/install/xarm_api/share/xarm_api//launch
[37.818s] -- Installing: /home/prodriguez/GITS/xarm_ros2_bueno/install/xarm_api/share/xarm_api//launch/lib
[37.818s] -- Installing: /home/prodriguez/GITS/xarm_ros2_bueno/install/xarm_api/share/xarm_api//launch/lib/robot_api_lib.py
[37.818s] -- Installing: /home/prodriguez/GITS/xarm_ros2_bueno/install/xarm_api/share/xarm_api//launch/lite6_driver.launch.py
[37.818s] -- Installing: /home/prodriguez/GITS/xarm_ros2_bueno/install/xarm_api/share/xarm_api//launch/xarm5_driver.launch.py
[37.819s] -- Installing: /home/prodriguez/GITS/xarm_ros2_bueno/install/xarm_api/share/xarm_api//launch/uf850_driver.launch.py
[37.819s] -- Installing: /home/prodriguez/GITS/xarm_ros2_bueno/install/xarm_api/share/xarm_api//launch/_robot_driver.launch.py
[37.819s] -- Installing: /home/prodriguez/GITS/xarm_ros2_bueno/install/xarm_api/share/xarm_api//launch/xarm7_driver.launch.py
[37.820s] -- Installing: /home/prodriguez/GITS/xarm_ros2_bueno/install/xarm_api/share/xarm_api//launch/xarm6_driver.launch.py
[37.820s] -- Installing: /home/prodriguez/GITS/xarm_ros2_bueno/install/xarm_api/share/xarm_api//config
[37.820s] -- Installing: /home/prodriguez/GITS/xarm_ros2_bueno/install/xarm_api/share/xarm_api//config/xarm_params.yaml
[37.820s] -- Installing: /home/prodriguez/GITS/xarm_ros2_bueno/install/xarm_api/share/ament_index/resource_index/package_run_dependencies/xarm_api
[37.820s] -- Installing: /home/prodriguez/GITS/xarm_ros2_bueno/install/xarm_api/share/ament_index/resource_index/parent_prefix_path/xarm_api
[37.821s] -- Installing: /home/prodriguez/GITS/xarm_ros2_bueno/install/xarm_api/share/xarm_api/environment/ament_prefix_path.sh
[37.821s] -- Installing: /home/prodriguez/GITS/xarm_ros2_bueno/install/xarm_api/share/xarm_api/environment/ament_prefix_path.dsv
[37.821s] -- Installing: /home/prodriguez/GITS/xarm_ros2_bueno/install/xarm_api/share/xarm_api/environment/path.sh
[37.821s] -- Installing: /home/prodriguez/GITS/xarm_ros2_bueno/install/xarm_api/share/xarm_api/environment/path.dsv
[37.821s] -- Installing: /home/prodriguez/GITS/xarm_ros2_bueno/install/xarm_api/share/xarm_api/local_setup.bash
[37.821s] -- Installing: /home/prodriguez/GITS/xarm_ros2_bueno/install/xarm_api/share/xarm_api/local_setup.sh
[37.821s] -- Installing: /home/prodriguez/GITS/xarm_ros2_bueno/install/xarm_api/share/xarm_api/local_setup.zsh
[37.821s] -- Installing: /home/prodriguez/GITS/xarm_ros2_bueno/install/xarm_api/share/xarm_api/local_setup.dsv
[37.821s] -- Installing: /home/prodriguez/GITS/xarm_ros2_bueno/install/xarm_api/share/xarm_api/package.dsv
[37.822s] -- Installing: /home/prodriguez/GITS/xarm_ros2_bueno/install/xarm_api/share/ament_index/resource_index/packages/xarm_api
[37.822s] -- Installing: /home/prodriguez/GITS/xarm_ros2_bueno/install/xarm_api/share/xarm_api/cmake/ament_cmake_export_libraries-extras.cmake
[37.822s] -- Installing: /home/prodriguez/GITS/xarm_ros2_bueno/install/xarm_api/share/xarm_api/cmake/ament_cmake_export_include_directories-extras.cmake
[37.822s] -- Installing: /home/prodriguez/GITS/xarm_ros2_bueno/install/xarm_api/share/xarm_api/cmake/xarm_apiConfig.cmake
[37.822s] -- Installing: /home/prodriguez/GITS/xarm_ros2_bueno/install/xarm_api/share/xarm_api/cmake/xarm_apiConfig-version.cmake
[37.822s] -- Installing: /home/prodriguez/GITS/xarm_ros2_bueno/install/xarm_api/share/xarm_api/package.xml
[37.824s] Invoked command in '/home/prodriguez/GITS/xarm_ros2_bueno/build/xarm_api' returned '0': AMENT_PREFIX_PATH=/home/prodriguez/GITS/xarm_ros2_bueno/install/xarm_sdk:/home/prodriguez/GITS/xarm_ros2_bueno/install/xarm_msgs:/home/prodriguez/GITS/xarm_ros2_bueno/install/xarm_description:${AMENT_PREFIX_PATH} CMAKE_PREFIX_PATH=/home/prodriguez/GITS/xarm_ros2_bueno/install/xarm_sdk:/home/prodriguez/GITS/xarm_ros2_bueno/install/xarm_msgs:/home/prodriguez/GITS/xarm_ros2_bueno/install/xarm_description:/home/prodriguez/GITS/dev_ws/install/xarm_planner:/home/prodriguez/GITS/dev_ws/install/xarm_moveit_servo:/home/prodriguez/GITS/dev_ws/install/xarm_moveit_config:/home/prodriguez/GITS/dev_ws/install/xarm_gazebo:/home/prodriguez/GITS/dev_ws/install/xarm_controller:/home/prodriguez/GITS/dev_ws/install/xarm_api:/home/prodriguez/GITS/dev_ws/install/xarm_sdk:/home/prodriguez/GITS/dev_ws/install/xarm_msgs:/home/prodriguez/GITS/dev_ws/install/xarm_description:/home/prodriguez/GITS/dev_ws/install/realsense_gazebo_plugin:/home/prodriguez/ros2_ws/install/turtlesim:/home/prodriguez/ros2_ws/install/action_tutorials_interfaces:/home/prodriguez/GITS/dev_ws/install/uf_ros_lib:/home/prodriguez/ros2_ws/install/python_parameters:/home/prodriguez/ros2_ws/install/py_pubsub:/opt/ros/humble LD_LIBRARY_PATH=/home/prodriguez/GITS/xarm_ros2_bueno/install/xarm_sdk/lib:/home/prodriguez/GITS/xarm_ros2_bueno/install/xarm_msgs/lib:/home/prodriguez/GITS/dev_ws/install/xarm_planner/lib:/home/prodriguez/GITS/dev_ws/install/xarm_moveit_servo/lib:/home/prodriguez/GITS/dev_ws/install/xarm_gazebo/lib:/home/prodriguez/GITS/dev_ws/install/xarm_controller/lib:/home/prodriguez/GITS/dev_ws/install/xarm_api/lib:/home/prodriguez/GITS/dev_ws/install/xarm_sdk/lib:/home/prodriguez/GITS/dev_ws/install/xarm_msgs/lib:/home/prodriguez/GITS/dev_ws/install/realsense_gazebo_plugin/lib:/home/prodriguez/ros2_ws/install/turtlesim/lib:/home/prodriguez/ros2_ws/install/action_tutorials_interfaces/lib:/usr/lib/x86_64-linux-gnu/gazebo-11/plugins:/opt/ros/humble/opt/rviz_ogre_vendor/lib:/opt/ros/humble/lib/x86_64-linux-gnu:/opt/ros/humble/lib:/usr/lib/x86_64-linux-gnu/gazebo-11/plugins PYTHONPATH=/home/prodriguez/GITS/xarm_ros2_bueno/install/xarm_msgs/local/lib/python3.10/dist-packages:${PYTHONPATH} /usr/bin/cmake --install /home/prodriguez/GITS/xarm_ros2_bueno/build/xarm_api
