[0.021s] Invoking command in '/home/prodriguez/GITS/xarm_ros2_bueno/build/xarm_planner': AMENT_PREFIX_PATH=/home/prodriguez/GITS/xarm_ros2_bueno/install/xarm_moveit_config:/home/prodriguez/GITS/xarm_ros2_bueno/install/xarm_gazebo:/home/prodriguez/GITS/xarm_ros2_bueno/install/xarm_controller:/home/prodriguez/GITS/xarm_ros2_bueno/install/xarm_api:/home/prodriguez/GITS/xarm_ros2_bueno/install/xarm_sdk:/home/prodriguez/GITS/xarm_ros2_bueno/install/xarm_msgs:/home/prodriguez/GITS/xarm_ros2_bueno/install/xarm_description:/home/prodriguez/GITS/xarm_ros2_bueno/install/uf_ros_lib:${AMENT_PREFIX_PATH} CMAKE_PREFIX_PATH=/home/prodriguez/GITS/xarm_ros2_bueno/install/xarm_moveit_config:/home/prodriguez/GITS/xarm_ros2_bueno/install/xarm_gazebo:/home/prodriguez/GITS/xarm_ros2_bueno/install/xarm_controller:/home/prodriguez/GITS/xarm_ros2_bueno/install/xarm_api:/home/prodriguez/GITS/xarm_ros2_bueno/install/xarm_sdk:/home/prodriguez/GITS/xarm_ros2_bueno/install/xarm_msgs:/home/prodriguez/GITS/xarm_ros2_bueno/install/xarm_description:/home/prodriguez/GITS/dev_ws/install/xarm_planner:/home/prodriguez/GITS/dev_ws/install/xarm_moveit_servo:/home/prodriguez/GITS/dev_ws/install/xarm_moveit_config:/home/prodriguez/GITS/dev_ws/install/xarm_gazebo:/home/prodriguez/GITS/dev_ws/install/xarm_controller:/home/prodriguez/GITS/dev_ws/install/xarm_api:/home/prodriguez/GITS/dev_ws/install/xarm_sdk:/home/prodriguez/GITS/dev_ws/install/xarm_msgs:/home/prodriguez/GITS/dev_ws/install/xarm_description:/home/prodriguez/GITS/dev_ws/install/realsense_gazebo_plugin:/home/prodriguez/ros2_ws/install/turtlesim:/home/prodriguez/ros2_ws/install/action_tutorials_interfaces:/home/prodriguez/GITS/dev_ws/install/uf_ros_lib:/home/prodriguez/ros2_ws/install/python_parameters:/home/prodriguez/ros2_ws/install/py_pubsub:/opt/ros/humble LD_LIBRARY_PATH=/home/prodriguez/GITS/xarm_ros2_bueno/install/xarm_gazebo/lib:/home/prodriguez/GITS/xarm_ros2_bueno/install/xarm_controller/lib:/home/prodriguez/GITS/xarm_ros2_bueno/install/xarm_api/lib:/home/prodriguez/GITS/xarm_ros2_bueno/install/xarm_sdk/lib:/home/prodriguez/GITS/xarm_ros2_bueno/install/xarm_msgs/lib:/home/prodriguez/GITS/dev_ws/install/xarm_planner/lib:/home/prodriguez/GITS/dev_ws/install/xarm_moveit_servo/lib:/home/prodriguez/GITS/dev_ws/install/xarm_gazebo/lib:/home/prodriguez/GITS/dev_ws/install/xarm_controller/lib:/home/prodriguez/GITS/dev_ws/install/xarm_api/lib:/home/prodriguez/GITS/dev_ws/install/xarm_sdk/lib:/home/prodriguez/GITS/dev_ws/install/xarm_msgs/lib:/home/prodriguez/GITS/dev_ws/install/realsense_gazebo_plugin/lib:/home/prodriguez/ros2_ws/install/turtlesim/lib:/home/prodriguez/ros2_ws/install/action_tutorials_interfaces/lib:/usr/lib/x86_64-linux-gnu/gazebo-11/plugins:/opt/ros/humble/opt/rviz_ogre_vendor/lib:/opt/ros/humble/lib/x86_64-linux-gnu:/opt/ros/humble/lib:/usr/lib/x86_64-linux-gnu/gazebo-11/plugins PYTHONPATH=/home/prodriguez/GITS/xarm_ros2_bueno/install/xarm_msgs/local/lib/python3.10/dist-packages:/home/prodriguez/GITS/xarm_ros2_bueno/install/uf_ros_lib/lib/python3.10/site-packages:${PYTHONPATH} /usr/bin/cmake /home/prodriguez/GITS/xarm_ros2_bueno/src/xarm_ros2/xarm_planner -DCMAKE_INSTALL_PREFIX=/home/prodriguez/GITS/xarm_ros2_bueno/install/xarm_planner
[0.075s] -- The C compiler identification is GNU 11.4.0
[0.128s] -- The CXX compiler identification is GNU 11.4.0
[0.135s] -- Detecting C compiler ABI info
[0.204s] -- Detecting C compiler ABI info - done
[0.211s] -- Check for working C compiler: /usr/bin/cc - skipped
[0.211s] -- Detecting C compile features
[0.212s] -- Detecting C compile features - done
[0.214s] -- Detecting CXX compiler ABI info
[0.295s] -- Detecting CXX compiler ABI info - done
[0.301s] -- Check for working CXX compiler: /usr/bin/c++ - skipped
[0.302s] -- Detecting CXX compile features
[0.302s] -- Detecting CXX compile features - done
[0.306s] -- Found ament_cmake: 1.3.9 (/opt/ros/humble/share/ament_cmake/cmake)
[0.463s] -- Found Python3: /usr/bin/python3 (found version "3.10.12") found components: Interpreter 
[0.588s] -- Found moveit: 2.5.5 (/opt/ros/humble/share/moveit/cmake)
[0.592s] -- Found moveit_ros_planning_interface: 2.5.5 (/opt/ros/humble/share/moveit_ros_planning_interface/cmake)
[0.783s] -- Found Boost: /usr/lib/x86_64-linux-gnu/cmake/Boost-1.74.0/BoostConfig.cmake (found version "1.74.0") found components: date_time filesystem program_options system thread 
[0.850s] -- Found rosidl_generator_c: 3.1.5 (/opt/ros/humble/share/rosidl_generator_c/cmake)
[0.860s] -- Found rosidl_adapter: 3.1.5 (/opt/ros/humble/share/rosidl_adapter/cmake)
[0.872s] -- Found rosidl_generator_cpp: 3.1.5 (/opt/ros/humble/share/rosidl_generator_cpp/cmake)
[0.891s] -- Using all available rosidl_typesupport_c: rosidl_typesupport_fastrtps_c;rosidl_typesupport_introspection_c
[0.918s] -- Using all available rosidl_typesupport_cpp: rosidl_typesupport_fastrtps_cpp;rosidl_typesupport_introspection_cpp
[1.871s] -- Found Boost: /usr/lib/x86_64-linux-gnu/cmake/Boost-1.74.0/BoostConfig.cmake (found version "1.74.0") found components: chrono date_time filesystem iostreams program_options regex serialization system thread 
[1.900s] -- Found parameter_traits: 0.3.8 (/opt/ros/humble/share/parameter_traits/cmake)
[1.984s] -- Found rmw_implementation_cmake: 6.1.2 (/opt/ros/humble/share/rmw_implementation_cmake/cmake)
[1.990s] -- Found rmw_fastrtps_cpp: 6.2.6 (/opt/ros/humble/share/rmw_fastrtps_cpp/cmake)
[2.109s] -- Found OpenSSL: /usr/lib/x86_64-linux-gnu/libcrypto.so (found version "3.0.2")  
[2.140s] -- Found FastRTPS: /opt/ros/humble/include  
[2.195s] -- Using RMW implementation 'rmw_fastrtps_cpp' as default
[2.212s] -- Found Threads: TRUE  
[2.387s] -- Found rclcpp_lifecycle: 16.0.9 (/opt/ros/humble/share/rclcpp_lifecycle/cmake)
[2.442s] -- Found Boost: /usr/lib/x86_64-linux-gnu/cmake/Boost-1.74.0/BoostConfig.cmake (found version "1.74.0") found components: filesystem 
[2.570s] -- library: /usr/lib/x86_64-linux-gnu/libcurl.so
[2.745s] -- Found Eigen3: TRUE (found version "3.4.0") 
[2.745s] -- Ensuring Eigen3 include directory is part of orocos-kdl CMake target
[3.338s] -- Found Boost: /usr/lib/x86_64-linux-gnu/cmake/Boost-1.74.0/BoostConfig.cmake (found version "1.74.0") found components: system filesystem date_time program_options thread chrono 
[3.897s] -- Found Boost: /usr/lib/x86_64-linux-gnu/cmake/Boost-1.74.0/BoostConfig.cmake (found version "1.74.0") found components: thread system filesystem regex date_time program_options 
[4.158s] -- Found Boost: /usr/lib/x86_64-linux-gnu/cmake/Boost-1.74.0/BoostConfig.cmake (found version "1.74.0") found components: system filesystem date_time program_options thread 
[4.620s] -- Found xarm_msgs: 0.0.0 (/home/prodriguez/GITS/xarm_ros2_bueno/install/xarm_msgs/share/xarm_msgs/cmake)
[4.724s] -- Found ament_lint_auto: 0.12.11 (/opt/ros/humble/share/ament_lint_auto/cmake)
[4.826s] -- Added test 'copyright' to check source files copyright and LICENSE
[4.829s] -- Added test 'cppcheck' to perform static code analysis on C / C++ code
[4.830s] -- Configured cppcheck include dirs: /home/prodriguez/GITS/xarm_ros2_bueno/src/xarm_ros2/xarm_planner/include
[4.830s] -- Configured cppcheck exclude dirs and/or files: 
[4.833s] -- Added test 'cpplint' to check C / C++ code against the Google style
[4.833s] -- Configured cpplint exclude dirs and/or files: 
[4.834s] -- Added test 'flake8' to check Python code syntax and style conventions
[4.835s] -- Added test 'lint_cmake' to check CMake code style
[4.836s] -- Added test 'pep257' to check Python code against some of the docstring style conventions in PEP 257
[4.839s] -- Added test 'uncrustify' to check C / C++ code style
[4.839s] -- Configured uncrustify additional arguments: 
[4.840s] -- Added test 'xmllint' to check XML markup files
[4.842s] -- Configuring done
[4.980s] -- Generating done
[4.983s] -- Build files have been written to: /home/prodriguez/GITS/xarm_ros2_bueno/build/xarm_planner
[4.999s] Invoked command in '/home/prodriguez/GITS/xarm_ros2_bueno/build/xarm_planner' returned '0': AMENT_PREFIX_PATH=/home/prodriguez/GITS/xarm_ros2_bueno/install/xarm_moveit_config:/home/prodriguez/GITS/xarm_ros2_bueno/install/xarm_gazebo:/home/prodriguez/GITS/xarm_ros2_bueno/install/xarm_controller:/home/prodriguez/GITS/xarm_ros2_bueno/install/xarm_api:/home/prodriguez/GITS/xarm_ros2_bueno/install/xarm_sdk:/home/prodriguez/GITS/xarm_ros2_bueno/install/xarm_msgs:/home/prodriguez/GITS/xarm_ros2_bueno/install/xarm_description:/home/prodriguez/GITS/xarm_ros2_bueno/install/uf_ros_lib:${AMENT_PREFIX_PATH} CMAKE_PREFIX_PATH=/home/prodriguez/GITS/xarm_ros2_bueno/install/xarm_moveit_config:/home/prodriguez/GITS/xarm_ros2_bueno/install/xarm_gazebo:/home/prodriguez/GITS/xarm_ros2_bueno/install/xarm_controller:/home/prodriguez/GITS/xarm_ros2_bueno/install/xarm_api:/home/prodriguez/GITS/xarm_ros2_bueno/install/xarm_sdk:/home/prodriguez/GITS/xarm_ros2_bueno/install/xarm_msgs:/home/prodriguez/GITS/xarm_ros2_bueno/install/xarm_description:/home/prodriguez/GITS/dev_ws/install/xarm_planner:/home/prodriguez/GITS/dev_ws/install/xarm_moveit_servo:/home/prodriguez/GITS/dev_ws/install/xarm_moveit_config:/home/prodriguez/GITS/dev_ws/install/xarm_gazebo:/home/prodriguez/GITS/dev_ws/install/xarm_controller:/home/prodriguez/GITS/dev_ws/install/xarm_api:/home/prodriguez/GITS/dev_ws/install/xarm_sdk:/home/prodriguez/GITS/dev_ws/install/xarm_msgs:/home/prodriguez/GITS/dev_ws/install/xarm_description:/home/prodriguez/GITS/dev_ws/install/realsense_gazebo_plugin:/home/prodriguez/ros2_ws/install/turtlesim:/home/prodriguez/ros2_ws/install/action_tutorials_interfaces:/home/prodriguez/GITS/dev_ws/install/uf_ros_lib:/home/prodriguez/ros2_ws/install/python_parameters:/home/prodriguez/ros2_ws/install/py_pubsub:/opt/ros/humble LD_LIBRARY_PATH=/home/prodriguez/GITS/xarm_ros2_bueno/install/xarm_gazebo/lib:/home/prodriguez/GITS/xarm_ros2_bueno/install/xarm_controller/lib:/home/prodriguez/GITS/xarm_ros2_bueno/install/xarm_api/lib:/home/prodriguez/GITS/xarm_ros2_bueno/install/xarm_sdk/lib:/home/prodriguez/GITS/xarm_ros2_bueno/install/xarm_msgs/lib:/home/prodriguez/GITS/dev_ws/install/xarm_planner/lib:/home/prodriguez/GITS/dev_ws/install/xarm_moveit_servo/lib:/home/prodriguez/GITS/dev_ws/install/xarm_gazebo/lib:/home/prodriguez/GITS/dev_ws/install/xarm_controller/lib:/home/prodriguez/GITS/dev_ws/install/xarm_api/lib:/home/prodriguez/GITS/dev_ws/install/xarm_sdk/lib:/home/prodriguez/GITS/dev_ws/install/xarm_msgs/lib:/home/prodriguez/GITS/dev_ws/install/realsense_gazebo_plugin/lib:/home/prodriguez/ros2_ws/install/turtlesim/lib:/home/prodriguez/ros2_ws/install/action_tutorials_interfaces/lib:/usr/lib/x86_64-linux-gnu/gazebo-11/plugins:/opt/ros/humble/opt/rviz_ogre_vendor/lib:/opt/ros/humble/lib/x86_64-linux-gnu:/opt/ros/humble/lib:/usr/lib/x86_64-linux-gnu/gazebo-11/plugins PYTHONPATH=/home/prodriguez/GITS/xarm_ros2_bueno/install/xarm_msgs/local/lib/python3.10/dist-packages:/home/prodriguez/GITS/xarm_ros2_bueno/install/uf_ros_lib/lib/python3.10/site-packages:${PYTHONPATH} /usr/bin/cmake /home/prodriguez/GITS/xarm_ros2_bueno/src/xarm_ros2/xarm_planner -DCMAKE_INSTALL_PREFIX=/home/prodriguez/GITS/xarm_ros2_bueno/install/xarm_planner
[5.001s] Invoking command in '/home/prodriguez/GITS/xarm_ros2_bueno/build/xarm_planner': AMENT_PREFIX_PATH=/home/prodriguez/GITS/xarm_ros2_bueno/install/xarm_moveit_config:/home/prodriguez/GITS/xarm_ros2_bueno/install/xarm_gazebo:/home/prodriguez/GITS/xarm_ros2_bueno/install/xarm_controller:/home/prodriguez/GITS/xarm_ros2_bueno/install/xarm_api:/home/prodriguez/GITS/xarm_ros2_bueno/install/xarm_sdk:/home/prodriguez/GITS/xarm_ros2_bueno/install/xarm_msgs:/home/prodriguez/GITS/xarm_ros2_bueno/install/xarm_description:/home/prodriguez/GITS/xarm_ros2_bueno/install/uf_ros_lib:${AMENT_PREFIX_PATH} CMAKE_PREFIX_PATH=/home/prodriguez/GITS/xarm_ros2_bueno/install/xarm_moveit_config:/home/prodriguez/GITS/xarm_ros2_bueno/install/xarm_gazebo:/home/prodriguez/GITS/xarm_ros2_bueno/install/xarm_controller:/home/prodriguez/GITS/xarm_ros2_bueno/install/xarm_api:/home/prodriguez/GITS/xarm_ros2_bueno/install/xarm_sdk:/home/prodriguez/GITS/xarm_ros2_bueno/install/xarm_msgs:/home/prodriguez/GITS/xarm_ros2_bueno/install/xarm_description:/home/prodriguez/GITS/dev_ws/install/xarm_planner:/home/prodriguez/GITS/dev_ws/install/xarm_moveit_servo:/home/prodriguez/GITS/dev_ws/install/xarm_moveit_config:/home/prodriguez/GITS/dev_ws/install/xarm_gazebo:/home/prodriguez/GITS/dev_ws/install/xarm_controller:/home/prodriguez/GITS/dev_ws/install/xarm_api:/home/prodriguez/GITS/dev_ws/install/xarm_sdk:/home/prodriguez/GITS/dev_ws/install/xarm_msgs:/home/prodriguez/GITS/dev_ws/install/xarm_description:/home/prodriguez/GITS/dev_ws/install/realsense_gazebo_plugin:/home/prodriguez/ros2_ws/install/turtlesim:/home/prodriguez/ros2_ws/install/action_tutorials_interfaces:/home/prodriguez/GITS/dev_ws/install/uf_ros_lib:/home/prodriguez/ros2_ws/install/python_parameters:/home/prodriguez/ros2_ws/install/py_pubsub:/opt/ros/humble LD_LIBRARY_PATH=/home/prodriguez/GITS/xarm_ros2_bueno/install/xarm_gazebo/lib:/home/prodriguez/GITS/xarm_ros2_bueno/install/xarm_controller/lib:/home/prodriguez/GITS/xarm_ros2_bueno/install/xarm_api/lib:/home/prodriguez/GITS/xarm_ros2_bueno/install/xarm_sdk/lib:/home/prodriguez/GITS/xarm_ros2_bueno/install/xarm_msgs/lib:/home/prodriguez/GITS/dev_ws/install/xarm_planner/lib:/home/prodriguez/GITS/dev_ws/install/xarm_moveit_servo/lib:/home/prodriguez/GITS/dev_ws/install/xarm_gazebo/lib:/home/prodriguez/GITS/dev_ws/install/xarm_controller/lib:/home/prodriguez/GITS/dev_ws/install/xarm_api/lib:/home/prodriguez/GITS/dev_ws/install/xarm_sdk/lib:/home/prodriguez/GITS/dev_ws/install/xarm_msgs/lib:/home/prodriguez/GITS/dev_ws/install/realsense_gazebo_plugin/lib:/home/prodriguez/ros2_ws/install/turtlesim/lib:/home/prodriguez/ros2_ws/install/action_tutorials_interfaces/lib:/usr/lib/x86_64-linux-gnu/gazebo-11/plugins:/opt/ros/humble/opt/rviz_ogre_vendor/lib:/opt/ros/humble/lib/x86_64-linux-gnu:/opt/ros/humble/lib:/usr/lib/x86_64-linux-gnu/gazebo-11/plugins PYTHONPATH=/home/prodriguez/GITS/xarm_ros2_bueno/install/xarm_msgs/local/lib/python3.10/dist-packages:/home/prodriguez/GITS/xarm_ros2_bueno/install/uf_ros_lib/lib/python3.10/site-packages:${PYTHONPATH} /usr/bin/cmake --build /home/prodriguez/GITS/xarm_ros2_bueno/build/xarm_planner -- -j6 -l6
[5.063s] [  4%] [32mBuilding CXX object CMakeFiles/xarm_planner.dir/src/xarm_planner.cpp.o[0m
[5.070s] [  9%] [32mBuilding CXX object CMakeFiles/test_xarm_planner_client_pose.dir/test/test_xarm_planner_client_pose.cpp.o[0m
[5.071s] [ 13%] [32mBuilding CXX object CMakeFiles/test_xarm_planner_client_joint.dir/test/test_xarm_planner_client_joint.cpp.o[0m
[5.074s] [ 18%] [32mBuilding CXX object CMakeFiles/test_lite_gripper_realmove.dir/test/test_lite_gripper_realmove.cpp.o[0m
[5.076s] [ 22%] [32mBuilding CXX object CMakeFiles/test_xarm_gripper_planner_client_joint.dir/test/test_xarm_gripper_planner_client_joint.cpp.o[0m
[9.771s] [ 27%] [32m[1mLinking CXX executable test_lite_gripper_realmove[0m
[9.799s] [ 31%] [32m[1mLinking CXX executable test_xarm_planner_client_joint[0m
[9.927s] [ 36%] [32m[1mLinking CXX executable test_xarm_gripper_planner_client_joint[0m
[10.059s] [ 36%] Built target test_lite_gripper_realmove
[10.150s] [ 36%] Built target test_xarm_planner_client_joint
[10.263s] [ 36%] Built target test_xarm_gripper_planner_client_joint
[10.367s] [ 40%] [32m[1mLinking CXX executable test_xarm_planner_client_pose[0m
[10.602s] [ 40%] Built target test_xarm_planner_client_pose
[13.236s] [ 45%] [32m[1mLinking CXX shared library libxarm_planner.so[0m
[13.427s] [ 45%] Built target xarm_planner
[13.453s] [ 50%] [32mBuilding CXX object CMakeFiles/xarm_planner_node.dir/src/xarm_planner_node.cpp.o[0m
[13.454s] [ 54%] [32mBuilding CXX object CMakeFiles/test_xarm_planner_api_joint.dir/test/test_xarm_planner_api_joint.cpp.o[0m
[13.457s] [ 59%] [32mBuilding CXX object CMakeFiles/test_dual_xarm_planner_api_joint.dir/test/test_dual_xarm_planner_api_joint.cpp.o[0m
[13.460s] [ 63%] [32mBuilding CXX object CMakeFiles/xarm_gripper_planner_node.dir/src/xarm_gripper_planner_node.cpp.o[0m
[13.463s] [ 68%] [32mBuilding CXX object CMakeFiles/test_xarm_gripper_planner_api_joint.dir/test/test_xarm_gripper_planner_api_joint.cpp.o[0m
[13.465s] [ 72%] [32mBuilding CXX object CMakeFiles/test_xarm_planner_api_pose.dir/test/test_xarm_planner_api_pose.cpp.o[0m
[21.390s] [ 77%] [32m[1mLinking CXX executable test_xarm_gripper_planner_api_joint[0m
[21.595s] [ 81%] [32m[1mLinking CXX executable test_dual_xarm_planner_api_joint[0m
[21.610s] [ 86%] [32m[1mLinking CXX executable test_xarm_planner_api_pose[0m
[21.735s] [ 86%] Built target test_xarm_gripper_planner_api_joint
[21.897s] [ 90%] [32m[1mLinking CXX executable test_xarm_planner_api_joint[0m
[21.931s] [ 90%] Built target test_dual_xarm_planner_api_joint
[21.944s] [ 90%] Built target test_xarm_planner_api_pose
[22.064s] [ 95%] [32m[1mLinking CXX executable xarm_gripper_planner_node[0m
[22.195s] [ 95%] Built target test_xarm_planner_api_joint
[22.432s] [ 95%] Built target xarm_gripper_planner_node
[23.610s] [100%] [32m[1mLinking CXX executable xarm_planner_node[0m
[24.024s] [100%] Built target xarm_planner_node
[24.036s] Invoked command in '/home/prodriguez/GITS/xarm_ros2_bueno/build/xarm_planner' returned '0': AMENT_PREFIX_PATH=/home/prodriguez/GITS/xarm_ros2_bueno/install/xarm_moveit_config:/home/prodriguez/GITS/xarm_ros2_bueno/install/xarm_gazebo:/home/prodriguez/GITS/xarm_ros2_bueno/install/xarm_controller:/home/prodriguez/GITS/xarm_ros2_bueno/install/xarm_api:/home/prodriguez/GITS/xarm_ros2_bueno/install/xarm_sdk:/home/prodriguez/GITS/xarm_ros2_bueno/install/xarm_msgs:/home/prodriguez/GITS/xarm_ros2_bueno/install/xarm_description:/home/prodriguez/GITS/xarm_ros2_bueno/install/uf_ros_lib:${AMENT_PREFIX_PATH} CMAKE_PREFIX_PATH=/home/prodriguez/GITS/xarm_ros2_bueno/install/xarm_moveit_config:/home/prodriguez/GITS/xarm_ros2_bueno/install/xarm_gazebo:/home/prodriguez/GITS/xarm_ros2_bueno/install/xarm_controller:/home/prodriguez/GITS/xarm_ros2_bueno/install/xarm_api:/home/prodriguez/GITS/xarm_ros2_bueno/install/xarm_sdk:/home/prodriguez/GITS/xarm_ros2_bueno/install/xarm_msgs:/home/prodriguez/GITS/xarm_ros2_bueno/install/xarm_description:/home/prodriguez/GITS/dev_ws/install/xarm_planner:/home/prodriguez/GITS/dev_ws/install/xarm_moveit_servo:/home/prodriguez/GITS/dev_ws/install/xarm_moveit_config:/home/prodriguez/GITS/dev_ws/install/xarm_gazebo:/home/prodriguez/GITS/dev_ws/install/xarm_controller:/home/prodriguez/GITS/dev_ws/install/xarm_api:/home/prodriguez/GITS/dev_ws/install/xarm_sdk:/home/prodriguez/GITS/dev_ws/install/xarm_msgs:/home/prodriguez/GITS/dev_ws/install/xarm_description:/home/prodriguez/GITS/dev_ws/install/realsense_gazebo_plugin:/home/prodriguez/ros2_ws/install/turtlesim:/home/prodriguez/ros2_ws/install/action_tutorials_interfaces:/home/prodriguez/GITS/dev_ws/install/uf_ros_lib:/home/prodriguez/ros2_ws/install/python_parameters:/home/prodriguez/ros2_ws/install/py_pubsub:/opt/ros/humble LD_LIBRARY_PATH=/home/prodriguez/GITS/xarm_ros2_bueno/install/xarm_gazebo/lib:/home/prodriguez/GITS/xarm_ros2_bueno/install/xarm_controller/lib:/home/prodriguez/GITS/xarm_ros2_bueno/install/xarm_api/lib:/home/prodriguez/GITS/xarm_ros2_bueno/install/xarm_sdk/lib:/home/prodriguez/GITS/xarm_ros2_bueno/install/xarm_msgs/lib:/home/prodriguez/GITS/dev_ws/install/xarm_planner/lib:/home/prodriguez/GITS/dev_ws/install/xarm_moveit_servo/lib:/home/prodriguez/GITS/dev_ws/install/xarm_gazebo/lib:/home/prodriguez/GITS/dev_ws/install/xarm_controller/lib:/home/prodriguez/GITS/dev_ws/install/xarm_api/lib:/home/prodriguez/GITS/dev_ws/install/xarm_sdk/lib:/home/prodriguez/GITS/dev_ws/install/xarm_msgs/lib:/home/prodriguez/GITS/dev_ws/install/realsense_gazebo_plugin/lib:/home/prodriguez/ros2_ws/install/turtlesim/lib:/home/prodriguez/ros2_ws/install/action_tutorials_interfaces/lib:/usr/lib/x86_64-linux-gnu/gazebo-11/plugins:/opt/ros/humble/opt/rviz_ogre_vendor/lib:/opt/ros/humble/lib/x86_64-linux-gnu:/opt/ros/humble/lib:/usr/lib/x86_64-linux-gnu/gazebo-11/plugins PYTHONPATH=/home/prodriguez/GITS/xarm_ros2_bueno/install/xarm_msgs/local/lib/python3.10/dist-packages:/home/prodriguez/GITS/xarm_ros2_bueno/install/uf_ros_lib/lib/python3.10/site-packages:${PYTHONPATH} /usr/bin/cmake --build /home/prodriguez/GITS/xarm_ros2_bueno/build/xarm_planner -- -j6 -l6
[24.109s] Invoking command in '/home/prodriguez/GITS/xarm_ros2_bueno/build/xarm_planner': AMENT_PREFIX_PATH=/home/prodriguez/GITS/xarm_ros2_bueno/install/xarm_moveit_config:/home/prodriguez/GITS/xarm_ros2_bueno/install/xarm_gazebo:/home/prodriguez/GITS/xarm_ros2_bueno/install/xarm_controller:/home/prodriguez/GITS/xarm_ros2_bueno/install/xarm_api:/home/prodriguez/GITS/xarm_ros2_bueno/install/xarm_sdk:/home/prodriguez/GITS/xarm_ros2_bueno/install/xarm_msgs:/home/prodriguez/GITS/xarm_ros2_bueno/install/xarm_description:/home/prodriguez/GITS/xarm_ros2_bueno/install/uf_ros_lib:${AMENT_PREFIX_PATH} CMAKE_PREFIX_PATH=/home/prodriguez/GITS/xarm_ros2_bueno/install/xarm_moveit_config:/home/prodriguez/GITS/xarm_ros2_bueno/install/xarm_gazebo:/home/prodriguez/GITS/xarm_ros2_bueno/install/xarm_controller:/home/prodriguez/GITS/xarm_ros2_bueno/install/xarm_api:/home/prodriguez/GITS/xarm_ros2_bueno/install/xarm_sdk:/home/prodriguez/GITS/xarm_ros2_bueno/install/xarm_msgs:/home/prodriguez/GITS/xarm_ros2_bueno/install/xarm_description:/home/prodriguez/GITS/dev_ws/install/xarm_planner:/home/prodriguez/GITS/dev_ws/install/xarm_moveit_servo:/home/prodriguez/GITS/dev_ws/install/xarm_moveit_config:/home/prodriguez/GITS/dev_ws/install/xarm_gazebo:/home/prodriguez/GITS/dev_ws/install/xarm_controller:/home/prodriguez/GITS/dev_ws/install/xarm_api:/home/prodriguez/GITS/dev_ws/install/xarm_sdk:/home/prodriguez/GITS/dev_ws/install/xarm_msgs:/home/prodriguez/GITS/dev_ws/install/xarm_description:/home/prodriguez/GITS/dev_ws/install/realsense_gazebo_plugin:/home/prodriguez/ros2_ws/install/turtlesim:/home/prodriguez/ros2_ws/install/action_tutorials_interfaces:/home/prodriguez/GITS/dev_ws/install/uf_ros_lib:/home/prodriguez/ros2_ws/install/python_parameters:/home/prodriguez/ros2_ws/install/py_pubsub:/opt/ros/humble LD_LIBRARY_PATH=/home/prodriguez/GITS/xarm_ros2_bueno/install/xarm_gazebo/lib:/home/prodriguez/GITS/xarm_ros2_bueno/install/xarm_controller/lib:/home/prodriguez/GITS/xarm_ros2_bueno/install/xarm_api/lib:/home/prodriguez/GITS/xarm_ros2_bueno/install/xarm_sdk/lib:/home/prodriguez/GITS/xarm_ros2_bueno/install/xarm_msgs/lib:/home/prodriguez/GITS/dev_ws/install/xarm_planner/lib:/home/prodriguez/GITS/dev_ws/install/xarm_moveit_servo/lib:/home/prodriguez/GITS/dev_ws/install/xarm_gazebo/lib:/home/prodriguez/GITS/dev_ws/install/xarm_controller/lib:/home/prodriguez/GITS/dev_ws/install/xarm_api/lib:/home/prodriguez/GITS/dev_ws/install/xarm_sdk/lib:/home/prodriguez/GITS/dev_ws/install/xarm_msgs/lib:/home/prodriguez/GITS/dev_ws/install/realsense_gazebo_plugin/lib:/home/prodriguez/ros2_ws/install/turtlesim/lib:/home/prodriguez/ros2_ws/install/action_tutorials_interfaces/lib:/usr/lib/x86_64-linux-gnu/gazebo-11/plugins:/opt/ros/humble/opt/rviz_ogre_vendor/lib:/opt/ros/humble/lib/x86_64-linux-gnu:/opt/ros/humble/lib:/usr/lib/x86_64-linux-gnu/gazebo-11/plugins PYTHONPATH=/home/prodriguez/GITS/xarm_ros2_bueno/install/xarm_msgs/local/lib/python3.10/dist-packages:/home/prodriguez/GITS/xarm_ros2_bueno/install/uf_ros_lib/lib/python3.10/site-packages:${PYTHONPATH} /usr/bin/cmake --install /home/prodriguez/GITS/xarm_ros2_bueno/build/xarm_planner
[24.117s] -- Install configuration: ""
[24.117s] -- Installing: /home/prodriguez/GITS/xarm_ros2_bueno/install/xarm_planner/include
[24.117s] -- Installing: /home/prodriguez/GITS/xarm_ros2_bueno/install/xarm_planner/include/xarm_planner
[24.117s] -- Installing: /home/prodriguez/GITS/xarm_ros2_bueno/install/xarm_planner/include/xarm_planner/xarm_planner.h
[24.117s] -- Installing: /home/prodriguez/GITS/xarm_ros2_bueno/install/xarm_planner/lib/libxarm_planner.so
[24.118s] -- Set runtime path of "/home/prodriguez/GITS/xarm_ros2_bueno/install/xarm_planner/lib/libxarm_planner.so" to ""
[24.118s] -- Installing: /home/prodriguez/GITS/xarm_ros2_bueno/install/xarm_planner/lib/xarm_planner/xarm_planner_node
[24.120s] -- Set runtime path of "/home/prodriguez/GITS/xarm_ros2_bueno/install/xarm_planner/lib/xarm_planner/xarm_planner_node" to ""
[24.120s] -- Installing: /home/prodriguez/GITS/xarm_ros2_bueno/install/xarm_planner/lib/xarm_planner/xarm_gripper_planner_node
[24.121s] -- Set runtime path of "/home/prodriguez/GITS/xarm_ros2_bueno/install/xarm_planner/lib/xarm_planner/xarm_gripper_planner_node" to ""
[24.121s] -- Installing: /home/prodriguez/GITS/xarm_ros2_bueno/install/xarm_planner/lib/xarm_planner/test_xarm_planner_api_joint
[24.122s] -- Set runtime path of "/home/prodriguez/GITS/xarm_ros2_bueno/install/xarm_planner/lib/xarm_planner/test_xarm_planner_api_joint" to ""
[24.122s] -- Installing: /home/prodriguez/GITS/xarm_ros2_bueno/install/xarm_planner/lib/xarm_planner/test_dual_xarm_planner_api_joint
[24.122s] -- Set runtime path of "/home/prodriguez/GITS/xarm_ros2_bueno/install/xarm_planner/lib/xarm_planner/test_dual_xarm_planner_api_joint" to ""
[24.122s] -- Installing: /home/prodriguez/GITS/xarm_ros2_bueno/install/xarm_planner/lib/xarm_planner/test_xarm_planner_api_pose
[24.123s] -- Set runtime path of "/home/prodriguez/GITS/xarm_ros2_bueno/install/xarm_planner/lib/xarm_planner/test_xarm_planner_api_pose" to ""
[24.123s] -- Installing: /home/prodriguez/GITS/xarm_ros2_bueno/install/xarm_planner/lib/xarm_planner/test_xarm_gripper_planner_api_joint
[24.124s] -- Set runtime path of "/home/prodriguez/GITS/xarm_ros2_bueno/install/xarm_planner/lib/xarm_planner/test_xarm_gripper_planner_api_joint" to ""
[24.124s] -- Installing: /home/prodriguez/GITS/xarm_ros2_bueno/install/xarm_planner/lib/xarm_planner/test_xarm_planner_client_joint
[24.125s] -- Set runtime path of "/home/prodriguez/GITS/xarm_ros2_bueno/install/xarm_planner/lib/xarm_planner/test_xarm_planner_client_joint" to ""
[24.125s] -- Installing: /home/prodriguez/GITS/xarm_ros2_bueno/install/xarm_planner/lib/xarm_planner/test_xarm_planner_client_pose
[24.126s] -- Set runtime path of "/home/prodriguez/GITS/xarm_ros2_bueno/install/xarm_planner/lib/xarm_planner/test_xarm_planner_client_pose" to ""
[24.126s] -- Installing: /home/prodriguez/GITS/xarm_ros2_bueno/install/xarm_planner/lib/xarm_planner/test_xarm_gripper_planner_client_joint
[24.127s] -- Set runtime path of "/home/prodriguez/GITS/xarm_ros2_bueno/install/xarm_planner/lib/xarm_planner/test_xarm_gripper_planner_client_joint" to ""
[24.128s] -- Installing: /home/prodriguez/GITS/xarm_ros2_bueno/install/xarm_planner/lib/xarm_planner/test_lite_gripper_realmove
[24.129s] -- Set runtime path of "/home/prodriguez/GITS/xarm_ros2_bueno/install/xarm_planner/lib/xarm_planner/test_lite_gripper_realmove" to ""
[24.129s] -- Installing: /home/prodriguez/GITS/xarm_ros2_bueno/install/xarm_planner/share/xarm_planner//launch
[24.129s] -- Installing: /home/prodriguez/GITS/xarm_ros2_bueno/install/xarm_planner/share/xarm_planner//launch/test_xarm_planner_api_pose.launch.py
[24.129s] -- Installing: /home/prodriguez/GITS/xarm_ros2_bueno/install/xarm_planner/share/xarm_planner//launch/test_xarm_planner_client_joint.launch.py
[24.129s] -- Installing: /home/prodriguez/GITS/xarm_ros2_bueno/install/xarm_planner/share/xarm_planner//launch/xarm7_planner_fake.launch.py
[24.130s] -- Installing: /home/prodriguez/GITS/xarm_ros2_bueno/install/xarm_planner/share/xarm_planner//launch/uf850_planner_fake.launch.py
[24.130s] -- Installing: /home/prodriguez/GITS/xarm_ros2_bueno/install/xarm_planner/share/xarm_planner//launch/lite6_planner_realmove.launch.py
[24.130s] -- Installing: /home/prodriguez/GITS/xarm_ros2_bueno/install/xarm_planner/share/xarm_planner//launch/test_xarm_planner_client_pose.launch.py
[24.130s] -- Installing: /home/prodriguez/GITS/xarm_ros2_bueno/install/xarm_planner/share/xarm_planner//launch/test_xarm_gripper_planner_api_joint.launch.py
[24.131s] -- Installing: /home/prodriguez/GITS/xarm_ros2_bueno/install/xarm_planner/share/xarm_planner//launch/xarm5_planner_gazebo.launch.py
[24.131s] -- Installing: /home/prodriguez/GITS/xarm_ros2_bueno/install/xarm_planner/share/xarm_planner//launch/xarm6_planner_gazebo.launch.py
[24.131s] -- Installing: /home/prodriguez/GITS/xarm_ros2_bueno/install/xarm_planner/share/xarm_planner//launch/xarm5_planner_realmove.launch.py
[24.131s] -- Installing: /home/prodriguez/GITS/xarm_ros2_bueno/install/xarm_planner/share/xarm_planner//launch/test_xarm_gripper_planner_client_joint.launch.py
[24.131s] -- Installing: /home/prodriguez/GITS/xarm_ros2_bueno/install/xarm_planner/share/xarm_planner//launch/_robot_planner2.launch.py
[24.132s] -- Installing: /home/prodriguez/GITS/xarm_ros2_bueno/install/xarm_planner/share/xarm_planner//launch/xarm5_planner_fake.launch.py
[24.132s] -- Installing: /home/prodriguez/GITS/xarm_ros2_bueno/install/xarm_planner/share/xarm_planner//launch/xarm6_planner_realmove.launch.py
[24.132s] -- Installing: /home/prodriguez/GITS/xarm_ros2_bueno/install/xarm_planner/share/xarm_planner//launch/test_xarm_planner_api_joint.launch.py
[24.132s] -- Installing: /home/prodriguez/GITS/xarm_ros2_bueno/install/xarm_planner/share/xarm_planner//launch/lite6_planner_gazebo.launch.py
[24.132s] -- Installing: /home/prodriguez/GITS/xarm_ros2_bueno/install/xarm_planner/share/xarm_planner//launch/lite6_planner_fake.launch.py
[24.133s] -- Installing: /home/prodriguez/GITS/xarm_ros2_bueno/install/xarm_planner/share/xarm_planner//launch/xarm6_planner_fake.launch.py
[24.133s] -- Installing: /home/prodriguez/GITS/xarm_ros2_bueno/install/xarm_planner/share/xarm_planner//launch/uf850_planner_gazebo.launch.py
[24.133s] -- Installing: /home/prodriguez/GITS/xarm_ros2_bueno/install/xarm_planner/share/xarm_planner//launch/_dual_robot_planner.launch.py
[24.133s] -- Installing: /home/prodriguez/GITS/xarm_ros2_bueno/install/xarm_planner/share/xarm_planner//launch/test_move_group.launch.py
[24.134s] -- Installing: /home/prodriguez/GITS/xarm_ros2_bueno/install/xarm_planner/share/xarm_planner//launch/xarm7_planner_realmove.launch.py
[24.134s] -- Installing: /home/prodriguez/GITS/xarm_ros2_bueno/install/xarm_planner/share/xarm_planner//launch/xarm7_mirror_planner_fake.launch.py
[24.134s] -- Installing: /home/prodriguez/GITS/xarm_ros2_bueno/install/xarm_planner/share/xarm_planner//launch/xarm7_mirror_planner_gazebo.launch.py
[24.134s] -- Installing: /home/prodriguez/GITS/xarm_ros2_bueno/install/xarm_planner/share/xarm_planner//launch/_robot_planner.launch.py
[24.135s] -- Installing: /home/prodriguez/GITS/xarm_ros2_bueno/install/xarm_planner/share/xarm_planner//launch/xarm7_mirror_planner_realmove.launch.py
[24.135s] -- Installing: /home/prodriguez/GITS/xarm_ros2_bueno/install/xarm_planner/share/xarm_planner//launch/xarm7_planner_gazebo.launch.py
[24.135s] -- Installing: /home/prodriguez/GITS/xarm_ros2_bueno/install/xarm_planner/share/xarm_planner//launch/uf850_planner_realmove.launch.py
[24.135s] -- Installing: /home/prodriguez/GITS/xarm_ros2_bueno/install/xarm_planner/share/xarm_planner//launch/test_lite_gripper_realmove.launch.py
[24.135s] -- Installing: /home/prodriguez/GITS/xarm_ros2_bueno/install/xarm_planner/share/xarm_planner//launch/test_dual_xarm_planner_api_joint.launch.py
[24.136s] -- Installing: /home/prodriguez/GITS/xarm_ros2_bueno/install/xarm_planner/share/ament_index/resource_index/package_run_dependencies/xarm_planner
[24.136s] -- Installing: /home/prodriguez/GITS/xarm_ros2_bueno/install/xarm_planner/share/ament_index/resource_index/parent_prefix_path/xarm_planner
[24.136s] -- Installing: /home/prodriguez/GITS/xarm_ros2_bueno/install/xarm_planner/share/xarm_planner/environment/ament_prefix_path.sh
[24.136s] -- Installing: /home/prodriguez/GITS/xarm_ros2_bueno/install/xarm_planner/share/xarm_planner/environment/ament_prefix_path.dsv
[24.136s] -- Installing: /home/prodriguez/GITS/xarm_ros2_bueno/install/xarm_planner/share/xarm_planner/environment/path.sh
[24.136s] -- Installing: /home/prodriguez/GITS/xarm_ros2_bueno/install/xarm_planner/share/xarm_planner/environment/path.dsv
[24.136s] -- Installing: /home/prodriguez/GITS/xarm_ros2_bueno/install/xarm_planner/share/xarm_planner/local_setup.bash
[24.137s] -- Installing: /home/prodriguez/GITS/xarm_ros2_bueno/install/xarm_planner/share/xarm_planner/local_setup.sh
[24.137s] -- Installing: /home/prodriguez/GITS/xarm_ros2_bueno/install/xarm_planner/share/xarm_planner/local_setup.zsh
[24.137s] -- Installing: /home/prodriguez/GITS/xarm_ros2_bueno/install/xarm_planner/share/xarm_planner/local_setup.dsv
[24.137s] -- Installing: /home/prodriguez/GITS/xarm_ros2_bueno/install/xarm_planner/share/xarm_planner/package.dsv
[24.137s] -- Installing: /home/prodriguez/GITS/xarm_ros2_bueno/install/xarm_planner/share/ament_index/resource_index/packages/xarm_planner
[24.137s] -- Installing: /home/prodriguez/GITS/xarm_ros2_bueno/install/xarm_planner/share/xarm_planner/cmake/xarm_plannerConfig.cmake
[24.137s] -- Installing: /home/prodriguez/GITS/xarm_ros2_bueno/install/xarm_planner/share/xarm_planner/cmake/xarm_plannerConfig-version.cmake
[24.137s] -- Installing: /home/prodriguez/GITS/xarm_ros2_bueno/install/xarm_planner/share/xarm_planner/package.xml
[24.140s] Invoked command in '/home/prodriguez/GITS/xarm_ros2_bueno/build/xarm_planner' returned '0': AMENT_PREFIX_PATH=/home/prodriguez/GITS/xarm_ros2_bueno/install/xarm_moveit_config:/home/prodriguez/GITS/xarm_ros2_bueno/install/xarm_gazebo:/home/prodriguez/GITS/xarm_ros2_bueno/install/xarm_controller:/home/prodriguez/GITS/xarm_ros2_bueno/install/xarm_api:/home/prodriguez/GITS/xarm_ros2_bueno/install/xarm_sdk:/home/prodriguez/GITS/xarm_ros2_bueno/install/xarm_msgs:/home/prodriguez/GITS/xarm_ros2_bueno/install/xarm_description:/home/prodriguez/GITS/xarm_ros2_bueno/install/uf_ros_lib:${AMENT_PREFIX_PATH} CMAKE_PREFIX_PATH=/home/prodriguez/GITS/xarm_ros2_bueno/install/xarm_moveit_config:/home/prodriguez/GITS/xarm_ros2_bueno/install/xarm_gazebo:/home/prodriguez/GITS/xarm_ros2_bueno/install/xarm_controller:/home/prodriguez/GITS/xarm_ros2_bueno/install/xarm_api:/home/prodriguez/GITS/xarm_ros2_bueno/install/xarm_sdk:/home/prodriguez/GITS/xarm_ros2_bueno/install/xarm_msgs:/home/prodriguez/GITS/xarm_ros2_bueno/install/xarm_description:/home/prodriguez/GITS/dev_ws/install/xarm_planner:/home/prodriguez/GITS/dev_ws/install/xarm_moveit_servo:/home/prodriguez/GITS/dev_ws/install/xarm_moveit_config:/home/prodriguez/GITS/dev_ws/install/xarm_gazebo:/home/prodriguez/GITS/dev_ws/install/xarm_controller:/home/prodriguez/GITS/dev_ws/install/xarm_api:/home/prodriguez/GITS/dev_ws/install/xarm_sdk:/home/prodriguez/GITS/dev_ws/install/xarm_msgs:/home/prodriguez/GITS/dev_ws/install/xarm_description:/home/prodriguez/GITS/dev_ws/install/realsense_gazebo_plugin:/home/prodriguez/ros2_ws/install/turtlesim:/home/prodriguez/ros2_ws/install/action_tutorials_interfaces:/home/prodriguez/GITS/dev_ws/install/uf_ros_lib:/home/prodriguez/ros2_ws/install/python_parameters:/home/prodriguez/ros2_ws/install/py_pubsub:/opt/ros/humble LD_LIBRARY_PATH=/home/prodriguez/GITS/xarm_ros2_bueno/install/xarm_gazebo/lib:/home/prodriguez/GITS/xarm_ros2_bueno/install/xarm_controller/lib:/home/prodriguez/GITS/xarm_ros2_bueno/install/xarm_api/lib:/home/prodriguez/GITS/xarm_ros2_bueno/install/xarm_sdk/lib:/home/prodriguez/GITS/xarm_ros2_bueno/install/xarm_msgs/lib:/home/prodriguez/GITS/dev_ws/install/xarm_planner/lib:/home/prodriguez/GITS/dev_ws/install/xarm_moveit_servo/lib:/home/prodriguez/GITS/dev_ws/install/xarm_gazebo/lib:/home/prodriguez/GITS/dev_ws/install/xarm_controller/lib:/home/prodriguez/GITS/dev_ws/install/xarm_api/lib:/home/prodriguez/GITS/dev_ws/install/xarm_sdk/lib:/home/prodriguez/GITS/dev_ws/install/xarm_msgs/lib:/home/prodriguez/GITS/dev_ws/install/realsense_gazebo_plugin/lib:/home/prodriguez/ros2_ws/install/turtlesim/lib:/home/prodriguez/ros2_ws/install/action_tutorials_interfaces/lib:/usr/lib/x86_64-linux-gnu/gazebo-11/plugins:/opt/ros/humble/opt/rviz_ogre_vendor/lib:/opt/ros/humble/lib/x86_64-linux-gnu:/opt/ros/humble/lib:/usr/lib/x86_64-linux-gnu/gazebo-11/plugins PYTHONPATH=/home/prodriguez/GITS/xarm_ros2_bueno/install/xarm_msgs/local/lib/python3.10/dist-packages:/home/prodriguez/GITS/xarm_ros2_bueno/install/uf_ros_lib/lib/python3.10/site-packages:${PYTHONPATH} /usr/bin/cmake --install /home/prodriguez/GITS/xarm_ros2_bueno/build/xarm_planner
