[0.021s] Invoking command in '/home/prodriguez/GITS/xarm_ros2_bueno/build/xarm_moveit_servo': AMENT_PREFIX_PATH=/home/prodriguez/GITS/xarm_ros2_bueno/install/xarm_moveit_config:/home/prodriguez/GITS/xarm_ros2_bueno/install/xarm_gazebo:/home/prodriguez/GITS/xarm_ros2_bueno/install/xarm_controller:/home/prodriguez/GITS/xarm_ros2_bueno/install/xarm_api:/home/prodriguez/GITS/xarm_ros2_bueno/install/xarm_sdk:/home/prodriguez/GITS/xarm_ros2_bueno/install/xarm_msgs:/home/prodriguez/GITS/xarm_ros2_bueno/install/xarm_description:/home/prodriguez/GITS/xarm_ros2_bueno/install/uf_ros_lib:${AMENT_PREFIX_PATH} CMAKE_PREFIX_PATH=/home/prodriguez/GITS/xarm_ros2_bueno/install/xarm_moveit_config:/home/prodriguez/GITS/xarm_ros2_bueno/install/xarm_gazebo:/home/prodriguez/GITS/xarm_ros2_bueno/install/xarm_controller:/home/prodriguez/GITS/xarm_ros2_bueno/install/xarm_api:/home/prodriguez/GITS/xarm_ros2_bueno/install/xarm_sdk:/home/prodriguez/GITS/xarm_ros2_bueno/install/xarm_msgs:/home/prodriguez/GITS/xarm_ros2_bueno/install/xarm_description:/home/prodriguez/GITS/dev_ws/install/xarm_planner:/home/prodriguez/GITS/dev_ws/install/xarm_moveit_servo:/home/prodriguez/GITS/dev_ws/install/xarm_moveit_config:/home/prodriguez/GITS/dev_ws/install/xarm_gazebo:/home/prodriguez/GITS/dev_ws/install/xarm_controller:/home/prodriguez/GITS/dev_ws/install/xarm_api:/home/prodriguez/GITS/dev_ws/install/xarm_sdk:/home/prodriguez/GITS/dev_ws/install/xarm_msgs:/home/prodriguez/GITS/dev_ws/install/xarm_description:/home/prodriguez/GITS/dev_ws/install/realsense_gazebo_plugin:/home/prodriguez/ros2_ws/install/turtlesim:/home/prodriguez/ros2_ws/install/action_tutorials_interfaces:/home/prodriguez/GITS/dev_ws/install/uf_ros_lib:/home/prodriguez/ros2_ws/install/python_parameters:/home/prodriguez/ros2_ws/install/py_pubsub:/opt/ros/humble LD_LIBRARY_PATH=/home/prodriguez/GITS/xarm_ros2_bueno/install/xarm_gazebo/lib:/home/prodriguez/GITS/xarm_ros2_bueno/install/xarm_controller/lib:/home/prodriguez/GITS/xarm_ros2_bueno/install/xarm_api/lib:/home/prodriguez/GITS/xarm_ros2_bueno/install/xarm_sdk/lib:/home/prodriguez/GITS/xarm_ros2_bueno/install/xarm_msgs/lib:/home/prodriguez/GITS/dev_ws/install/xarm_planner/lib:/home/prodriguez/GITS/dev_ws/install/xarm_moveit_servo/lib:/home/prodriguez/GITS/dev_ws/install/xarm_gazebo/lib:/home/prodriguez/GITS/dev_ws/install/xarm_controller/lib:/home/prodriguez/GITS/dev_ws/install/xarm_api/lib:/home/prodriguez/GITS/dev_ws/install/xarm_sdk/lib:/home/prodriguez/GITS/dev_ws/install/xarm_msgs/lib:/home/prodriguez/GITS/dev_ws/install/realsense_gazebo_plugin/lib:/home/prodriguez/ros2_ws/install/turtlesim/lib:/home/prodriguez/ros2_ws/install/action_tutorials_interfaces/lib:/usr/lib/x86_64-linux-gnu/gazebo-11/plugins:/opt/ros/humble/opt/rviz_ogre_vendor/lib:/opt/ros/humble/lib/x86_64-linux-gnu:/opt/ros/humble/lib:/usr/lib/x86_64-linux-gnu/gazebo-11/plugins PYTHONPATH=/home/prodriguez/GITS/xarm_ros2_bueno/install/xarm_msgs/local/lib/python3.10/dist-packages:/home/prodriguez/GITS/xarm_ros2_bueno/install/uf_ros_lib/lib/python3.10/site-packages:${PYTHONPATH} ROS_DOMAIN_ID=91 /usr/bin/cmake /home/prodriguez/GITS/xarm_ros2_bueno/src/xarm_ros2/xarm_moveit_servo -DCMAKE_INSTALL_PREFIX=/home/prodriguez/GITS/xarm_ros2_bueno/install/xarm_moveit_servo
[0.076s] -- The C compiler identification is GNU 11.4.0
[0.130s] -- The CXX compiler identification is GNU 11.4.0
[0.137s] -- Detecting C compiler ABI info
[0.208s] -- Detecting C compiler ABI info - done
[0.215s] -- Check for working C compiler: /usr/bin/cc - skipped
[0.215s] -- Detecting C compile features
[0.216s] -- Detecting C compile features - done
[0.218s] -- Detecting CXX compiler ABI info
[0.300s] -- Detecting CXX compiler ABI info - done
[0.306s] -- Check for working CXX compiler: /usr/bin/c++ - skipped
[0.307s] -- Detecting CXX compile features
[0.307s] -- Detecting CXX compile features - done
[0.312s] -- Found ament_cmake: 1.3.9 (/opt/ros/humble/share/ament_cmake/cmake)
[0.468s] -- Found Python3: /usr/bin/python3 (found version "3.10.12") found components: Interpreter 
[0.585s] -- Found rclcpp: 16.0.9 (/opt/ros/humble/share/rclcpp/cmake)
[0.652s] -- Found rosidl_generator_c: 3.1.5 (/opt/ros/humble/share/rosidl_generator_c/cmake)
[0.661s] -- Found rosidl_adapter: 3.1.5 (/opt/ros/humble/share/rosidl_adapter/cmake)
[0.674s] -- Found rosidl_generator_cpp: 3.1.5 (/opt/ros/humble/share/rosidl_generator_cpp/cmake)
[0.692s] -- Using all available rosidl_typesupport_c: rosidl_typesupport_fastrtps_c;rosidl_typesupport_introspection_c
[0.719s] -- Using all available rosidl_typesupport_cpp: rosidl_typesupport_fastrtps_cpp;rosidl_typesupport_introspection_cpp
[0.809s] -- Found rmw_implementation_cmake: 6.1.2 (/opt/ros/humble/share/rmw_implementation_cmake/cmake)
[0.815s] -- Found rmw_fastrtps_cpp: 6.2.6 (/opt/ros/humble/share/rmw_fastrtps_cpp/cmake)
[0.933s] -- Found OpenSSL: /usr/lib/x86_64-linux-gnu/libcrypto.so (found version "3.0.2")  
[0.964s] -- Found FastRTPS: /opt/ros/humble/include  
[1.019s] -- Using RMW implementation 'rmw_fastrtps_cpp' as default
[1.036s] -- Looking for pthread.h
[1.109s] -- Looking for pthread.h - found
[1.110s] -- Performing Test CMAKE_HAVE_LIBC_PTHREAD
[1.185s] -- Performing Test CMAKE_HAVE_LIBC_PTHREAD - Success
[1.186s] -- Found Threads: TRUE  
[1.371s] -- Found rclcpp_components: 16.0.9 (/opt/ros/humble/share/rclcpp_components/cmake)
[1.453s] -- Found std_srvs: 4.2.4 (/opt/ros/humble/share/std_srvs/cmake)
[1.477s] -- Found sensor_msgs: 4.2.4 (/opt/ros/humble/share/sensor_msgs/cmake)
[1.601s] -- Found control_msgs: 4.6.0 (/opt/ros/humble/share/control_msgs/cmake)
[1.941s] -- Found moveit_msgs: 2.2.1 (/opt/ros/humble/share/moveit_msgs/cmake)
[2.471s] -- Found moveit_ros_planning: 2.5.5 (/opt/ros/humble/share/moveit_ros_planning/cmake)
[2.517s] -- Found Boost: /usr/lib/x86_64-linux-gnu/cmake/Boost-1.74.0/BoostConfig.cmake (found version "1.74.0") found components: system filesystem date_time program_options thread chrono 
[2.885s] -- Found Boost: /usr/lib/x86_64-linux-gnu/cmake/Boost-1.74.0/BoostConfig.cmake (found version "1.74.0") found components: chrono date_time filesystem iostreams program_options regex serialization system thread 
[2.905s] -- Found parameter_traits: 0.3.8 (/opt/ros/humble/share/parameter_traits/cmake)
[2.931s] -- Found rclcpp_lifecycle: 16.0.9 (/opt/ros/humble/share/rclcpp_lifecycle/cmake)
[2.983s] -- Found Boost: /usr/lib/x86_64-linux-gnu/cmake/Boost-1.74.0/BoostConfig.cmake (found version "1.74.0") found components: filesystem 
[3.095s] -- library: /usr/lib/x86_64-linux-gnu/libcurl.so
[3.263s] -- Found Eigen3: TRUE (found version "3.4.0") 
[3.263s] -- Ensuring Eigen3 include directory is part of orocos-kdl CMake target
[3.858s] -- Found ament_lint_auto: 0.12.11 (/opt/ros/humble/share/ament_lint_auto/cmake)
[3.970s] -- Added test 'copyright' to check source files copyright and LICENSE
[3.972s] -- Added test 'cppcheck' to perform static code analysis on C / C++ code
[3.973s] -- Configured cppcheck include dirs: /home/prodriguez/GITS/xarm_ros2_bueno/src/xarm_ros2/xarm_moveit_servo/include
[3.973s] -- Configured cppcheck exclude dirs and/or files: 
[3.975s] -- Added test 'cpplint' to check C / C++ code against the Google style
[3.975s] -- Configured cpplint exclude dirs and/or files: 
[3.975s] -- Added test 'flake8' to check Python code syntax and style conventions
[3.976s] -- Added test 'lint_cmake' to check CMake code style
[3.977s] -- Added test 'pep257' to check Python code against some of the docstring style conventions in PEP 257
[3.979s] -- Added test 'uncrustify' to check C / C++ code style
[3.979s] -- Configured uncrustify additional arguments: 
[3.980s] -- Added test 'xmllint' to check XML markup files
[3.982s] -- Configuring done
[4.021s] -- Generating done
[4.023s] -- Build files have been written to: /home/prodriguez/GITS/xarm_ros2_bueno/build/xarm_moveit_servo
[4.035s] Invoked command in '/home/prodriguez/GITS/xarm_ros2_bueno/build/xarm_moveit_servo' returned '0': AMENT_PREFIX_PATH=/home/prodriguez/GITS/xarm_ros2_bueno/install/xarm_moveit_config:/home/prodriguez/GITS/xarm_ros2_bueno/install/xarm_gazebo:/home/prodriguez/GITS/xarm_ros2_bueno/install/xarm_controller:/home/prodriguez/GITS/xarm_ros2_bueno/install/xarm_api:/home/prodriguez/GITS/xarm_ros2_bueno/install/xarm_sdk:/home/prodriguez/GITS/xarm_ros2_bueno/install/xarm_msgs:/home/prodriguez/GITS/xarm_ros2_bueno/install/xarm_description:/home/prodriguez/GITS/xarm_ros2_bueno/install/uf_ros_lib:${AMENT_PREFIX_PATH} CMAKE_PREFIX_PATH=/home/prodriguez/GITS/xarm_ros2_bueno/install/xarm_moveit_config:/home/prodriguez/GITS/xarm_ros2_bueno/install/xarm_gazebo:/home/prodriguez/GITS/xarm_ros2_bueno/install/xarm_controller:/home/prodriguez/GITS/xarm_ros2_bueno/install/xarm_api:/home/prodriguez/GITS/xarm_ros2_bueno/install/xarm_sdk:/home/prodriguez/GITS/xarm_ros2_bueno/install/xarm_msgs:/home/prodriguez/GITS/xarm_ros2_bueno/install/xarm_description:/home/prodriguez/GITS/dev_ws/install/xarm_planner:/home/prodriguez/GITS/dev_ws/install/xarm_moveit_servo:/home/prodriguez/GITS/dev_ws/install/xarm_moveit_config:/home/prodriguez/GITS/dev_ws/install/xarm_gazebo:/home/prodriguez/GITS/dev_ws/install/xarm_controller:/home/prodriguez/GITS/dev_ws/install/xarm_api:/home/prodriguez/GITS/dev_ws/install/xarm_sdk:/home/prodriguez/GITS/dev_ws/install/xarm_msgs:/home/prodriguez/GITS/dev_ws/install/xarm_description:/home/prodriguez/GITS/dev_ws/install/realsense_gazebo_plugin:/home/prodriguez/ros2_ws/install/turtlesim:/home/prodriguez/ros2_ws/install/action_tutorials_interfaces:/home/prodriguez/GITS/dev_ws/install/uf_ros_lib:/home/prodriguez/ros2_ws/install/python_parameters:/home/prodriguez/ros2_ws/install/py_pubsub:/opt/ros/humble LD_LIBRARY_PATH=/home/prodriguez/GITS/xarm_ros2_bueno/install/xarm_gazebo/lib:/home/prodriguez/GITS/xarm_ros2_bueno/install/xarm_controller/lib:/home/prodriguez/GITS/xarm_ros2_bueno/install/xarm_api/lib:/home/prodriguez/GITS/xarm_ros2_bueno/install/xarm_sdk/lib:/home/prodriguez/GITS/xarm_ros2_bueno/install/xarm_msgs/lib:/home/prodriguez/GITS/dev_ws/install/xarm_planner/lib:/home/prodriguez/GITS/dev_ws/install/xarm_moveit_servo/lib:/home/prodriguez/GITS/dev_ws/install/xarm_gazebo/lib:/home/prodriguez/GITS/dev_ws/install/xarm_controller/lib:/home/prodriguez/GITS/dev_ws/install/xarm_api/lib:/home/prodriguez/GITS/dev_ws/install/xarm_sdk/lib:/home/prodriguez/GITS/dev_ws/install/xarm_msgs/lib:/home/prodriguez/GITS/dev_ws/install/realsense_gazebo_plugin/lib:/home/prodriguez/ros2_ws/install/turtlesim/lib:/home/prodriguez/ros2_ws/install/action_tutorials_interfaces/lib:/usr/lib/x86_64-linux-gnu/gazebo-11/plugins:/opt/ros/humble/opt/rviz_ogre_vendor/lib:/opt/ros/humble/lib/x86_64-linux-gnu:/opt/ros/humble/lib:/usr/lib/x86_64-linux-gnu/gazebo-11/plugins PYTHONPATH=/home/prodriguez/GITS/xarm_ros2_bueno/install/xarm_msgs/local/lib/python3.10/dist-packages:/home/prodriguez/GITS/xarm_ros2_bueno/install/uf_ros_lib/lib/python3.10/site-packages:${PYTHONPATH} ROS_DOMAIN_ID=91 /usr/bin/cmake /home/prodriguez/GITS/xarm_ros2_bueno/src/xarm_ros2/xarm_moveit_servo -DCMAKE_INSTALL_PREFIX=/home/prodriguez/GITS/xarm_ros2_bueno/install/xarm_moveit_servo
[4.037s] Invoking command in '/home/prodriguez/GITS/xarm_ros2_bueno/build/xarm_moveit_servo': AMENT_PREFIX_PATH=/home/prodriguez/GITS/xarm_ros2_bueno/install/xarm_moveit_config:/home/prodriguez/GITS/xarm_ros2_bueno/install/xarm_gazebo:/home/prodriguez/GITS/xarm_ros2_bueno/install/xarm_controller:/home/prodriguez/GITS/xarm_ros2_bueno/install/xarm_api:/home/prodriguez/GITS/xarm_ros2_bueno/install/xarm_sdk:/home/prodriguez/GITS/xarm_ros2_bueno/install/xarm_msgs:/home/prodriguez/GITS/xarm_ros2_bueno/install/xarm_description:/home/prodriguez/GITS/xarm_ros2_bueno/install/uf_ros_lib:${AMENT_PREFIX_PATH} CMAKE_PREFIX_PATH=/home/prodriguez/GITS/xarm_ros2_bueno/install/xarm_moveit_config:/home/prodriguez/GITS/xarm_ros2_bueno/install/xarm_gazebo:/home/prodriguez/GITS/xarm_ros2_bueno/install/xarm_controller:/home/prodriguez/GITS/xarm_ros2_bueno/install/xarm_api:/home/prodriguez/GITS/xarm_ros2_bueno/install/xarm_sdk:/home/prodriguez/GITS/xarm_ros2_bueno/install/xarm_msgs:/home/prodriguez/GITS/xarm_ros2_bueno/install/xarm_description:/home/prodriguez/GITS/dev_ws/install/xarm_planner:/home/prodriguez/GITS/dev_ws/install/xarm_moveit_servo:/home/prodriguez/GITS/dev_ws/install/xarm_moveit_config:/home/prodriguez/GITS/dev_ws/install/xarm_gazebo:/home/prodriguez/GITS/dev_ws/install/xarm_controller:/home/prodriguez/GITS/dev_ws/install/xarm_api:/home/prodriguez/GITS/dev_ws/install/xarm_sdk:/home/prodriguez/GITS/dev_ws/install/xarm_msgs:/home/prodriguez/GITS/dev_ws/install/xarm_description:/home/prodriguez/GITS/dev_ws/install/realsense_gazebo_plugin:/home/prodriguez/ros2_ws/install/turtlesim:/home/prodriguez/ros2_ws/install/action_tutorials_interfaces:/home/prodriguez/GITS/dev_ws/install/uf_ros_lib:/home/prodriguez/ros2_ws/install/python_parameters:/home/prodriguez/ros2_ws/install/py_pubsub:/opt/ros/humble LD_LIBRARY_PATH=/home/prodriguez/GITS/xarm_ros2_bueno/install/xarm_gazebo/lib:/home/prodriguez/GITS/xarm_ros2_bueno/install/xarm_controller/lib:/home/prodriguez/GITS/xarm_ros2_bueno/install/xarm_api/lib:/home/prodriguez/GITS/xarm_ros2_bueno/install/xarm_sdk/lib:/home/prodriguez/GITS/xarm_ros2_bueno/install/xarm_msgs/lib:/home/prodriguez/GITS/dev_ws/install/xarm_planner/lib:/home/prodriguez/GITS/dev_ws/install/xarm_moveit_servo/lib:/home/prodriguez/GITS/dev_ws/install/xarm_gazebo/lib:/home/prodriguez/GITS/dev_ws/install/xarm_controller/lib:/home/prodriguez/GITS/dev_ws/install/xarm_api/lib:/home/prodriguez/GITS/dev_ws/install/xarm_sdk/lib:/home/prodriguez/GITS/dev_ws/install/xarm_msgs/lib:/home/prodriguez/GITS/dev_ws/install/realsense_gazebo_plugin/lib:/home/prodriguez/ros2_ws/install/turtlesim/lib:/home/prodriguez/ros2_ws/install/action_tutorials_interfaces/lib:/usr/lib/x86_64-linux-gnu/gazebo-11/plugins:/opt/ros/humble/opt/rviz_ogre_vendor/lib:/opt/ros/humble/lib/x86_64-linux-gnu:/opt/ros/humble/lib:/usr/lib/x86_64-linux-gnu/gazebo-11/plugins PYTHONPATH=/home/prodriguez/GITS/xarm_ros2_bueno/install/xarm_msgs/local/lib/python3.10/dist-packages:/home/prodriguez/GITS/xarm_ros2_bueno/install/uf_ros_lib/lib/python3.10/site-packages:${PYTHONPATH} ROS_DOMAIN_ID=91 /usr/bin/cmake --build /home/prodriguez/GITS/xarm_ros2_bueno/build/xarm_moveit_servo -- -j6 -l6
[4.096s] [ 50%] [32mBuilding CXX object CMakeFiles/xarm_keyboard_input.dir/src/xarm_keyboard_input.cpp.o[0m
[4.096s] [ 50%] [32mBuilding CXX object CMakeFiles/xarm_joystick_input.dir/src/xarm_joystick_input.cpp.o[0m
[10.085s] [ 75%] [32m[1mLinking CXX executable xarm_keyboard_input[0m
[10.572s] [ 75%] Built target xarm_keyboard_input
[14.308s] [100%] [32m[1mLinking CXX shared library libxarm_joystick_input.so[0m
[15.521s] [100%] Built target xarm_joystick_input
[15.575s] Invoked command in '/home/prodriguez/GITS/xarm_ros2_bueno/build/xarm_moveit_servo' returned '0': AMENT_PREFIX_PATH=/home/prodriguez/GITS/xarm_ros2_bueno/install/xarm_moveit_config:/home/prodriguez/GITS/xarm_ros2_bueno/install/xarm_gazebo:/home/prodriguez/GITS/xarm_ros2_bueno/install/xarm_controller:/home/prodriguez/GITS/xarm_ros2_bueno/install/xarm_api:/home/prodriguez/GITS/xarm_ros2_bueno/install/xarm_sdk:/home/prodriguez/GITS/xarm_ros2_bueno/install/xarm_msgs:/home/prodriguez/GITS/xarm_ros2_bueno/install/xarm_description:/home/prodriguez/GITS/xarm_ros2_bueno/install/uf_ros_lib:${AMENT_PREFIX_PATH} CMAKE_PREFIX_PATH=/home/prodriguez/GITS/xarm_ros2_bueno/install/xarm_moveit_config:/home/prodriguez/GITS/xarm_ros2_bueno/install/xarm_gazebo:/home/prodriguez/GITS/xarm_ros2_bueno/install/xarm_controller:/home/prodriguez/GITS/xarm_ros2_bueno/install/xarm_api:/home/prodriguez/GITS/xarm_ros2_bueno/install/xarm_sdk:/home/prodriguez/GITS/xarm_ros2_bueno/install/xarm_msgs:/home/prodriguez/GITS/xarm_ros2_bueno/install/xarm_description:/home/prodriguez/GITS/dev_ws/install/xarm_planner:/home/prodriguez/GITS/dev_ws/install/xarm_moveit_servo:/home/prodriguez/GITS/dev_ws/install/xarm_moveit_config:/home/prodriguez/GITS/dev_ws/install/xarm_gazebo:/home/prodriguez/GITS/dev_ws/install/xarm_controller:/home/prodriguez/GITS/dev_ws/install/xarm_api:/home/prodriguez/GITS/dev_ws/install/xarm_sdk:/home/prodriguez/GITS/dev_ws/install/xarm_msgs:/home/prodriguez/GITS/dev_ws/install/xarm_description:/home/prodriguez/GITS/dev_ws/install/realsense_gazebo_plugin:/home/prodriguez/ros2_ws/install/turtlesim:/home/prodriguez/ros2_ws/install/action_tutorials_interfaces:/home/prodriguez/GITS/dev_ws/install/uf_ros_lib:/home/prodriguez/ros2_ws/install/python_parameters:/home/prodriguez/ros2_ws/install/py_pubsub:/opt/ros/humble LD_LIBRARY_PATH=/home/prodriguez/GITS/xarm_ros2_bueno/install/xarm_gazebo/lib:/home/prodriguez/GITS/xarm_ros2_bueno/install/xarm_controller/lib:/home/prodriguez/GITS/xarm_ros2_bueno/install/xarm_api/lib:/home/prodriguez/GITS/xarm_ros2_bueno/install/xarm_sdk/lib:/home/prodriguez/GITS/xarm_ros2_bueno/install/xarm_msgs/lib:/home/prodriguez/GITS/dev_ws/install/xarm_planner/lib:/home/prodriguez/GITS/dev_ws/install/xarm_moveit_servo/lib:/home/prodriguez/GITS/dev_ws/install/xarm_gazebo/lib:/home/prodriguez/GITS/dev_ws/install/xarm_controller/lib:/home/prodriguez/GITS/dev_ws/install/xarm_api/lib:/home/prodriguez/GITS/dev_ws/install/xarm_sdk/lib:/home/prodriguez/GITS/dev_ws/install/xarm_msgs/lib:/home/prodriguez/GITS/dev_ws/install/realsense_gazebo_plugin/lib:/home/prodriguez/ros2_ws/install/turtlesim/lib:/home/prodriguez/ros2_ws/install/action_tutorials_interfaces/lib:/usr/lib/x86_64-linux-gnu/gazebo-11/plugins:/opt/ros/humble/opt/rviz_ogre_vendor/lib:/opt/ros/humble/lib/x86_64-linux-gnu:/opt/ros/humble/lib:/usr/lib/x86_64-linux-gnu/gazebo-11/plugins PYTHONPATH=/home/prodriguez/GITS/xarm_ros2_bueno/install/xarm_msgs/local/lib/python3.10/dist-packages:/home/prodriguez/GITS/xarm_ros2_bueno/install/uf_ros_lib/lib/python3.10/site-packages:${PYTHONPATH} ROS_DOMAIN_ID=91 /usr/bin/cmake --build /home/prodriguez/GITS/xarm_ros2_bueno/build/xarm_moveit_servo -- -j6 -l6
[15.860s] Invoking command in '/home/prodriguez/GITS/xarm_ros2_bueno/build/xarm_moveit_servo': AMENT_PREFIX_PATH=/home/prodriguez/GITS/xarm_ros2_bueno/install/xarm_moveit_config:/home/prodriguez/GITS/xarm_ros2_bueno/install/xarm_gazebo:/home/prodriguez/GITS/xarm_ros2_bueno/install/xarm_controller:/home/prodriguez/GITS/xarm_ros2_bueno/install/xarm_api:/home/prodriguez/GITS/xarm_ros2_bueno/install/xarm_sdk:/home/prodriguez/GITS/xarm_ros2_bueno/install/xarm_msgs:/home/prodriguez/GITS/xarm_ros2_bueno/install/xarm_description:/home/prodriguez/GITS/xarm_ros2_bueno/install/uf_ros_lib:${AMENT_PREFIX_PATH} CMAKE_PREFIX_PATH=/home/prodriguez/GITS/xarm_ros2_bueno/install/xarm_moveit_config:/home/prodriguez/GITS/xarm_ros2_bueno/install/xarm_gazebo:/home/prodriguez/GITS/xarm_ros2_bueno/install/xarm_controller:/home/prodriguez/GITS/xarm_ros2_bueno/install/xarm_api:/home/prodriguez/GITS/xarm_ros2_bueno/install/xarm_sdk:/home/prodriguez/GITS/xarm_ros2_bueno/install/xarm_msgs:/home/prodriguez/GITS/xarm_ros2_bueno/install/xarm_description:/home/prodriguez/GITS/dev_ws/install/xarm_planner:/home/prodriguez/GITS/dev_ws/install/xarm_moveit_servo:/home/prodriguez/GITS/dev_ws/install/xarm_moveit_config:/home/prodriguez/GITS/dev_ws/install/xarm_gazebo:/home/prodriguez/GITS/dev_ws/install/xarm_controller:/home/prodriguez/GITS/dev_ws/install/xarm_api:/home/prodriguez/GITS/dev_ws/install/xarm_sdk:/home/prodriguez/GITS/dev_ws/install/xarm_msgs:/home/prodriguez/GITS/dev_ws/install/xarm_description:/home/prodriguez/GITS/dev_ws/install/realsense_gazebo_plugin:/home/prodriguez/ros2_ws/install/turtlesim:/home/prodriguez/ros2_ws/install/action_tutorials_interfaces:/home/prodriguez/GITS/dev_ws/install/uf_ros_lib:/home/prodriguez/ros2_ws/install/python_parameters:/home/prodriguez/ros2_ws/install/py_pubsub:/opt/ros/humble LD_LIBRARY_PATH=/home/prodriguez/GITS/xarm_ros2_bueno/install/xarm_gazebo/lib:/home/prodriguez/GITS/xarm_ros2_bueno/install/xarm_controller/lib:/home/prodriguez/GITS/xarm_ros2_bueno/install/xarm_api/lib:/home/prodriguez/GITS/xarm_ros2_bueno/install/xarm_sdk/lib:/home/prodriguez/GITS/xarm_ros2_bueno/install/xarm_msgs/lib:/home/prodriguez/GITS/dev_ws/install/xarm_planner/lib:/home/prodriguez/GITS/dev_ws/install/xarm_moveit_servo/lib:/home/prodriguez/GITS/dev_ws/install/xarm_gazebo/lib:/home/prodriguez/GITS/dev_ws/install/xarm_controller/lib:/home/prodriguez/GITS/dev_ws/install/xarm_api/lib:/home/prodriguez/GITS/dev_ws/install/xarm_sdk/lib:/home/prodriguez/GITS/dev_ws/install/xarm_msgs/lib:/home/prodriguez/GITS/dev_ws/install/realsense_gazebo_plugin/lib:/home/prodriguez/ros2_ws/install/turtlesim/lib:/home/prodriguez/ros2_ws/install/action_tutorials_interfaces/lib:/usr/lib/x86_64-linux-gnu/gazebo-11/plugins:/opt/ros/humble/opt/rviz_ogre_vendor/lib:/opt/ros/humble/lib/x86_64-linux-gnu:/opt/ros/humble/lib:/usr/lib/x86_64-linux-gnu/gazebo-11/plugins PYTHONPATH=/home/prodriguez/GITS/xarm_ros2_bueno/install/xarm_msgs/local/lib/python3.10/dist-packages:/home/prodriguez/GITS/xarm_ros2_bueno/install/uf_ros_lib/lib/python3.10/site-packages:${PYTHONPATH} ROS_DOMAIN_ID=91 /usr/bin/cmake --install /home/prodriguez/GITS/xarm_ros2_bueno/build/xarm_moveit_servo
[15.882s] -- Install configuration: ""
[15.883s] -- Installing: /home/prodriguez/GITS/xarm_ros2_bueno/install/xarm_moveit_servo/lib/libxarm_joystick_input.so
[15.900s] -- Set runtime path of "/home/prodriguez/GITS/xarm_ros2_bueno/install/xarm_moveit_servo/lib/libxarm_joystick_input.so" to ""
[15.900s] -- Installing: /home/prodriguez/GITS/xarm_ros2_bueno/install/xarm_moveit_servo/lib/xarm_moveit_servo/xarm_keyboard_input
[15.902s] -- Set runtime path of "/home/prodriguez/GITS/xarm_ros2_bueno/install/xarm_moveit_servo/lib/xarm_moveit_servo/xarm_keyboard_input" to ""
[15.902s] -- Installing: /home/prodriguez/GITS/xarm_ros2_bueno/install/xarm_moveit_servo/share/xarm_moveit_servo//config
[15.902s] -- Installing: /home/prodriguez/GITS/xarm_ros2_bueno/install/xarm_moveit_servo/share/xarm_moveit_servo//config/xarm_moveit_servo_config.yaml
[15.903s] -- Installing: /home/prodriguez/GITS/xarm_ros2_bueno/install/xarm_moveit_servo/share/xarm_moveit_servo//launch
[15.903s] -- Installing: /home/prodriguez/GITS/xarm_ros2_bueno/install/xarm_moveit_servo/share/xarm_moveit_servo//launch/uf850_moveit_servo_fake.launch.py
[15.903s] -- Installing: /home/prodriguez/GITS/xarm_ros2_bueno/install/xarm_moveit_servo/share/xarm_moveit_servo//launch/_robot_moveit_servo.launch.py
[15.903s] -- Installing: /home/prodriguez/GITS/xarm_ros2_bueno/install/xarm_moveit_servo/share/xarm_moveit_servo//launch/lite6_moveit_servo_realmove.launch.py
[15.903s] -- Installing: /home/prodriguez/GITS/xarm_ros2_bueno/install/xarm_moveit_servo/share/xarm_moveit_servo//launch/uf850_moveit_servo_realmove.launch.py
[15.904s] -- Installing: /home/prodriguez/GITS/xarm_ros2_bueno/install/xarm_moveit_servo/share/xarm_moveit_servo//launch/_robot_moveit_servo_fake.launch.py
[15.904s] -- Installing: /home/prodriguez/GITS/xarm_ros2_bueno/install/xarm_moveit_servo/share/xarm_moveit_servo//launch/lite6_moveit_servo_fake.launch.py
[15.904s] -- Installing: /home/prodriguez/GITS/xarm_ros2_bueno/install/xarm_moveit_servo/share/xarm_moveit_servo//launch/xarm_moveit_servo_fake.launch.py
[15.904s] -- Installing: /home/prodriguez/GITS/xarm_ros2_bueno/install/xarm_moveit_servo/share/xarm_moveit_servo//launch/xarm_moveit_servo_realmove.launch.py
[15.905s] -- Installing: /home/prodriguez/GITS/xarm_ros2_bueno/install/xarm_moveit_servo/share/xarm_moveit_servo//launch/_robot_moveit_servo_realmove.launch.py
[15.905s] -- Installing: /home/prodriguez/GITS/xarm_ros2_bueno/install/xarm_moveit_servo/share/xarm_moveit_servo//rviz
[15.905s] -- Installing: /home/prodriguez/GITS/xarm_ros2_bueno/install/xarm_moveit_servo/share/xarm_moveit_servo//rviz/servo.rviz
[15.906s] -- Installing: /home/prodriguez/GITS/xarm_ros2_bueno/install/xarm_moveit_servo/share/ament_index/resource_index/package_run_dependencies/xarm_moveit_servo
[15.906s] -- Installing: /home/prodriguez/GITS/xarm_ros2_bueno/install/xarm_moveit_servo/share/ament_index/resource_index/parent_prefix_path/xarm_moveit_servo
[15.906s] -- Installing: /home/prodriguez/GITS/xarm_ros2_bueno/install/xarm_moveit_servo/share/xarm_moveit_servo/environment/ament_prefix_path.sh
[15.906s] -- Installing: /home/prodriguez/GITS/xarm_ros2_bueno/install/xarm_moveit_servo/share/xarm_moveit_servo/environment/ament_prefix_path.dsv
[15.906s] -- Installing: /home/prodriguez/GITS/xarm_ros2_bueno/install/xarm_moveit_servo/share/xarm_moveit_servo/environment/path.sh
[15.906s] -- Installing: /home/prodriguez/GITS/xarm_ros2_bueno/install/xarm_moveit_servo/share/xarm_moveit_servo/environment/path.dsv
[15.906s] -- Installing: /home/prodriguez/GITS/xarm_ros2_bueno/install/xarm_moveit_servo/share/xarm_moveit_servo/local_setup.bash
[15.907s] -- Installing: /home/prodriguez/GITS/xarm_ros2_bueno/install/xarm_moveit_servo/share/xarm_moveit_servo/local_setup.sh
[15.907s] -- Installing: /home/prodriguez/GITS/xarm_ros2_bueno/install/xarm_moveit_servo/share/xarm_moveit_servo/local_setup.zsh
[15.907s] -- Installing: /home/prodriguez/GITS/xarm_ros2_bueno/install/xarm_moveit_servo/share/xarm_moveit_servo/local_setup.dsv
[15.907s] -- Installing: /home/prodriguez/GITS/xarm_ros2_bueno/install/xarm_moveit_servo/share/xarm_moveit_servo/package.dsv
[15.907s] -- Installing: /home/prodriguez/GITS/xarm_ros2_bueno/install/xarm_moveit_servo/share/ament_index/resource_index/packages/xarm_moveit_servo
[15.907s] -- Installing: /home/prodriguez/GITS/xarm_ros2_bueno/install/xarm_moveit_servo/share/ament_index/resource_index/rclcpp_components/xarm_moveit_servo
[15.907s] -- Installing: /home/prodriguez/GITS/xarm_ros2_bueno/install/xarm_moveit_servo/share/xarm_moveit_servo/cmake/xarm_moveit_servoConfig.cmake
[15.908s] -- Installing: /home/prodriguez/GITS/xarm_ros2_bueno/install/xarm_moveit_servo/share/xarm_moveit_servo/cmake/xarm_moveit_servoConfig-version.cmake
[15.908s] -- Installing: /home/prodriguez/GITS/xarm_ros2_bueno/install/xarm_moveit_servo/share/xarm_moveit_servo/package.xml
[15.910s] Invoked command in '/home/prodriguez/GITS/xarm_ros2_bueno/build/xarm_moveit_servo' returned '0': AMENT_PREFIX_PATH=/home/prodriguez/GITS/xarm_ros2_bueno/install/xarm_moveit_config:/home/prodriguez/GITS/xarm_ros2_bueno/install/xarm_gazebo:/home/prodriguez/GITS/xarm_ros2_bueno/install/xarm_controller:/home/prodriguez/GITS/xarm_ros2_bueno/install/xarm_api:/home/prodriguez/GITS/xarm_ros2_bueno/install/xarm_sdk:/home/prodriguez/GITS/xarm_ros2_bueno/install/xarm_msgs:/home/prodriguez/GITS/xarm_ros2_bueno/install/xarm_description:/home/prodriguez/GITS/xarm_ros2_bueno/install/uf_ros_lib:${AMENT_PREFIX_PATH} CMAKE_PREFIX_PATH=/home/prodriguez/GITS/xarm_ros2_bueno/install/xarm_moveit_config:/home/prodriguez/GITS/xarm_ros2_bueno/install/xarm_gazebo:/home/prodriguez/GITS/xarm_ros2_bueno/install/xarm_controller:/home/prodriguez/GITS/xarm_ros2_bueno/install/xarm_api:/home/prodriguez/GITS/xarm_ros2_bueno/install/xarm_sdk:/home/prodriguez/GITS/xarm_ros2_bueno/install/xarm_msgs:/home/prodriguez/GITS/xarm_ros2_bueno/install/xarm_description:/home/prodriguez/GITS/dev_ws/install/xarm_planner:/home/prodriguez/GITS/dev_ws/install/xarm_moveit_servo:/home/prodriguez/GITS/dev_ws/install/xarm_moveit_config:/home/prodriguez/GITS/dev_ws/install/xarm_gazebo:/home/prodriguez/GITS/dev_ws/install/xarm_controller:/home/prodriguez/GITS/dev_ws/install/xarm_api:/home/prodriguez/GITS/dev_ws/install/xarm_sdk:/home/prodriguez/GITS/dev_ws/install/xarm_msgs:/home/prodriguez/GITS/dev_ws/install/xarm_description:/home/prodriguez/GITS/dev_ws/install/realsense_gazebo_plugin:/home/prodriguez/ros2_ws/install/turtlesim:/home/prodriguez/ros2_ws/install/action_tutorials_interfaces:/home/prodriguez/GITS/dev_ws/install/uf_ros_lib:/home/prodriguez/ros2_ws/install/python_parameters:/home/prodriguez/ros2_ws/install/py_pubsub:/opt/ros/humble LD_LIBRARY_PATH=/home/prodriguez/GITS/xarm_ros2_bueno/install/xarm_gazebo/lib:/home/prodriguez/GITS/xarm_ros2_bueno/install/xarm_controller/lib:/home/prodriguez/GITS/xarm_ros2_bueno/install/xarm_api/lib:/home/prodriguez/GITS/xarm_ros2_bueno/install/xarm_sdk/lib:/home/prodriguez/GITS/xarm_ros2_bueno/install/xarm_msgs/lib:/home/prodriguez/GITS/dev_ws/install/xarm_planner/lib:/home/prodriguez/GITS/dev_ws/install/xarm_moveit_servo/lib:/home/prodriguez/GITS/dev_ws/install/xarm_gazebo/lib:/home/prodriguez/GITS/dev_ws/install/xarm_controller/lib:/home/prodriguez/GITS/dev_ws/install/xarm_api/lib:/home/prodriguez/GITS/dev_ws/install/xarm_sdk/lib:/home/prodriguez/GITS/dev_ws/install/xarm_msgs/lib:/home/prodriguez/GITS/dev_ws/install/realsense_gazebo_plugin/lib:/home/prodriguez/ros2_ws/install/turtlesim/lib:/home/prodriguez/ros2_ws/install/action_tutorials_interfaces/lib:/usr/lib/x86_64-linux-gnu/gazebo-11/plugins:/opt/ros/humble/opt/rviz_ogre_vendor/lib:/opt/ros/humble/lib/x86_64-linux-gnu:/opt/ros/humble/lib:/usr/lib/x86_64-linux-gnu/gazebo-11/plugins PYTHONPATH=/home/prodriguez/GITS/xarm_ros2_bueno/install/xarm_msgs/local/lib/python3.10/dist-packages:/home/prodriguez/GITS/xarm_ros2_bueno/install/uf_ros_lib/lib/python3.10/site-packages:${PYTHONPATH} ROS_DOMAIN_ID=91 /usr/bin/cmake --install /home/prodriguez/GITS/xarm_ros2_bueno/build/xarm_moveit_servo
