[0.884s] Invoking command in '/home/prodriguez/GITS/xarm_ros2_bueno/src/xarm_ros2/uf_ros_lib': PYTHONPATH=/home/prodriguez/GITS/xarm_ros2_bueno/build/uf_ros_lib/prefix_override:/usr/lib/python3/dist-packages/colcon_core/task/python/colcon_distutils_commands:/home/prodriguez/GITS/xarm_ros2_bueno/install/uf_ros_lib/lib/python3.10/site-packages:${PYTHONPATH} /usr/bin/python3 -W ignore:setup.py install is deprecated setup.py egg_info --egg-base ../../../build/uf_ros_lib build --build-base /home/prodriguez/GITS/xarm_ros2_bueno/build/uf_ros_lib/build install --record /home/prodriguez/GITS/xarm_ros2_bueno/build/uf_ros_lib/install.log --single-version-externally-managed install_data
[1.151s] running egg_info
[1.151s] creating ../../../build/uf_ros_lib/uf_ros_lib.egg-info
[1.152s] writing ../../../build/uf_ros_lib/uf_ros_lib.egg-info/PKG-INFO
[1.152s] writing dependency_links to ../../../build/uf_ros_lib/uf_ros_lib.egg-info/dependency_links.txt
[1.152s] writing entry points to ../../../build/uf_ros_lib/uf_ros_lib.egg-info/entry_points.txt
[1.153s] writing requirements to ../../../build/uf_ros_lib/uf_ros_lib.egg-info/requires.txt
[1.153s] writing top-level names to ../../../build/uf_ros_lib/uf_ros_lib.egg-info/top_level.txt
[1.156s] writing manifest file '../../../build/uf_ros_lib/uf_ros_lib.egg-info/SOURCES.txt'
[1.159s] reading manifest file '../../../build/uf_ros_lib/uf_ros_lib.egg-info/SOURCES.txt'
[1.160s] writing manifest file '../../../build/uf_ros_lib/uf_ros_lib.egg-info/SOURCES.txt'
[1.167s] running build
[1.167s] running build_py
[1.167s] creating /home/prodriguez/GITS/xarm_ros2_bueno/build/uf_ros_lib/build
[1.167s] creating /home/prodriguez/GITS/xarm_ros2_bueno/build/uf_ros_lib/build/lib
[1.167s] creating /home/prodriguez/GITS/xarm_ros2_bueno/build/uf_ros_lib/build/lib/uf_ros_lib
[1.167s] copying uf_ros_lib/moveit_configs_builder.py -> /home/prodriguez/GITS/xarm_ros2_bueno/build/uf_ros_lib/build/lib/uf_ros_lib
[1.167s] copying uf_ros_lib/uf_robot_utils.py -> /home/prodriguez/GITS/xarm_ros2_bueno/build/uf_ros_lib/build/lib/uf_ros_lib
[1.168s] copying uf_ros_lib/__init__.py -> /home/prodriguez/GITS/xarm_ros2_bueno/build/uf_ros_lib/build/lib/uf_ros_lib
[1.168s] copying uf_ros_lib/parameter_descriptions.py -> /home/prodriguez/GITS/xarm_ros2_bueno/build/uf_ros_lib/build/lib/uf_ros_lib
[1.168s] creating /home/prodriguez/GITS/xarm_ros2_bueno/build/uf_ros_lib/build/lib/uf_ros_lib/substitutions
[1.168s] copying uf_ros_lib/substitutions/common.py -> /home/prodriguez/GITS/xarm_ros2_bueno/build/uf_ros_lib/build/lib/uf_ros_lib/substitutions
[1.168s] copying uf_ros_lib/substitutions/controllers.py -> /home/prodriguez/GITS/xarm_ros2_bueno/build/uf_ros_lib/build/lib/uf_ros_lib/substitutions
[1.168s] copying uf_ros_lib/substitutions/planning_pipelines.py -> /home/prodriguez/GITS/xarm_ros2_bueno/build/uf_ros_lib/build/lib/uf_ros_lib/substitutions
[1.168s] copying uf_ros_lib/substitutions/__init__.py -> /home/prodriguez/GITS/xarm_ros2_bueno/build/uf_ros_lib/build/lib/uf_ros_lib/substitutions
[1.168s] copying uf_ros_lib/substitutions/joint_limits.py -> /home/prodriguez/GITS/xarm_ros2_bueno/build/uf_ros_lib/build/lib/uf_ros_lib/substitutions
[1.168s] copying uf_ros_lib/substitutions/kinematics.py -> /home/prodriguez/GITS/xarm_ros2_bueno/build/uf_ros_lib/build/lib/uf_ros_lib/substitutions
[1.168s] running install
[1.169s] running install_lib
[1.170s] creating /home/prodriguez/GITS/xarm_ros2_bueno/install/uf_ros_lib/lib/python3.10/site-packages/uf_ros_lib
[1.170s] copying /home/prodriguez/GITS/xarm_ros2_bueno/build/uf_ros_lib/build/lib/uf_ros_lib/moveit_configs_builder.py -> /home/prodriguez/GITS/xarm_ros2_bueno/install/uf_ros_lib/lib/python3.10/site-packages/uf_ros_lib
[1.170s] copying /home/prodriguez/GITS/xarm_ros2_bueno/build/uf_ros_lib/build/lib/uf_ros_lib/uf_robot_utils.py -> /home/prodriguez/GITS/xarm_ros2_bueno/install/uf_ros_lib/lib/python3.10/site-packages/uf_ros_lib
[1.171s] copying /home/prodriguez/GITS/xarm_ros2_bueno/build/uf_ros_lib/build/lib/uf_ros_lib/__init__.py -> /home/prodriguez/GITS/xarm_ros2_bueno/install/uf_ros_lib/lib/python3.10/site-packages/uf_ros_lib
[1.171s] copying /home/prodriguez/GITS/xarm_ros2_bueno/build/uf_ros_lib/build/lib/uf_ros_lib/parameter_descriptions.py -> /home/prodriguez/GITS/xarm_ros2_bueno/install/uf_ros_lib/lib/python3.10/site-packages/uf_ros_lib
[1.171s] creating /home/prodriguez/GITS/xarm_ros2_bueno/install/uf_ros_lib/lib/python3.10/site-packages/uf_ros_lib/substitutions
[1.171s] copying /home/prodriguez/GITS/xarm_ros2_bueno/build/uf_ros_lib/build/lib/uf_ros_lib/substitutions/common.py -> /home/prodriguez/GITS/xarm_ros2_bueno/install/uf_ros_lib/lib/python3.10/site-packages/uf_ros_lib/substitutions
[1.172s] copying /home/prodriguez/GITS/xarm_ros2_bueno/build/uf_ros_lib/build/lib/uf_ros_lib/substitutions/controllers.py -> /home/prodriguez/GITS/xarm_ros2_bueno/install/uf_ros_lib/lib/python3.10/site-packages/uf_ros_lib/substitutions
[1.172s] copying /home/prodriguez/GITS/xarm_ros2_bueno/build/uf_ros_lib/build/lib/uf_ros_lib/substitutions/planning_pipelines.py -> /home/prodriguez/GITS/xarm_ros2_bueno/install/uf_ros_lib/lib/python3.10/site-packages/uf_ros_lib/substitutions
[1.172s] copying /home/prodriguez/GITS/xarm_ros2_bueno/build/uf_ros_lib/build/lib/uf_ros_lib/substitutions/__init__.py -> /home/prodriguez/GITS/xarm_ros2_bueno/install/uf_ros_lib/lib/python3.10/site-packages/uf_ros_lib/substitutions
[1.172s] copying /home/prodriguez/GITS/xarm_ros2_bueno/build/uf_ros_lib/build/lib/uf_ros_lib/substitutions/joint_limits.py -> /home/prodriguez/GITS/xarm_ros2_bueno/install/uf_ros_lib/lib/python3.10/site-packages/uf_ros_lib/substitutions
[1.173s] copying /home/prodriguez/GITS/xarm_ros2_bueno/build/uf_ros_lib/build/lib/uf_ros_lib/substitutions/kinematics.py -> /home/prodriguez/GITS/xarm_ros2_bueno/install/uf_ros_lib/lib/python3.10/site-packages/uf_ros_lib/substitutions
[1.173s] byte-compiling /home/prodriguez/GITS/xarm_ros2_bueno/install/uf_ros_lib/lib/python3.10/site-packages/uf_ros_lib/moveit_configs_builder.py to moveit_configs_builder.cpython-310.pyc
[1.183s] byte-compiling /home/prodriguez/GITS/xarm_ros2_bueno/install/uf_ros_lib/lib/python3.10/site-packages/uf_ros_lib/uf_robot_utils.py to uf_robot_utils.cpython-310.pyc
[1.185s] byte-compiling /home/prodriguez/GITS/xarm_ros2_bueno/install/uf_ros_lib/lib/python3.10/site-packages/uf_ros_lib/__init__.py to __init__.cpython-310.pyc
[1.185s] byte-compiling /home/prodriguez/GITS/xarm_ros2_bueno/install/uf_ros_lib/lib/python3.10/site-packages/uf_ros_lib/parameter_descriptions.py to parameter_descriptions.cpython-310.pyc
[1.186s] byte-compiling /home/prodriguez/GITS/xarm_ros2_bueno/install/uf_ros_lib/lib/python3.10/site-packages/uf_ros_lib/substitutions/common.py to common.cpython-310.pyc
[1.187s] byte-compiling /home/prodriguez/GITS/xarm_ros2_bueno/install/uf_ros_lib/lib/python3.10/site-packages/uf_ros_lib/substitutions/controllers.py to controllers.cpython-310.pyc
[1.190s] byte-compiling /home/prodriguez/GITS/xarm_ros2_bueno/install/uf_ros_lib/lib/python3.10/site-packages/uf_ros_lib/substitutions/planning_pipelines.py to planning_pipelines.cpython-310.pyc
[1.191s] byte-compiling /home/prodriguez/GITS/xarm_ros2_bueno/install/uf_ros_lib/lib/python3.10/site-packages/uf_ros_lib/substitutions/__init__.py to __init__.cpython-310.pyc
[1.191s] byte-compiling /home/prodriguez/GITS/xarm_ros2_bueno/install/uf_ros_lib/lib/python3.10/site-packages/uf_ros_lib/substitutions/joint_limits.py to joint_limits.cpython-310.pyc
[1.193s] byte-compiling /home/prodriguez/GITS/xarm_ros2_bueno/install/uf_ros_lib/lib/python3.10/site-packages/uf_ros_lib/substitutions/kinematics.py to kinematics.cpython-310.pyc
[1.194s] running install_data
[1.194s] creating /home/prodriguez/GITS/xarm_ros2_bueno/install/uf_ros_lib/share/ament_index
[1.194s] creating /home/prodriguez/GITS/xarm_ros2_bueno/install/uf_ros_lib/share/ament_index/resource_index
[1.194s] creating /home/prodriguez/GITS/xarm_ros2_bueno/install/uf_ros_lib/share/ament_index/resource_index/packages
[1.195s] copying resource/uf_ros_lib -> /home/prodriguez/GITS/xarm_ros2_bueno/install/uf_ros_lib/share/ament_index/resource_index/packages
[1.195s] copying package.xml -> /home/prodriguez/GITS/xarm_ros2_bueno/install/uf_ros_lib/share/uf_ros_lib
[1.195s] running install_egg_info
[1.197s] Copying ../../../build/uf_ros_lib/uf_ros_lib.egg-info to /home/prodriguez/GITS/xarm_ros2_bueno/install/uf_ros_lib/lib/python3.10/site-packages/uf_ros_lib-0.0.0-py3.10.egg-info
[1.198s] running install_scripts
[1.228s] writing list of installed files to '/home/prodriguez/GITS/xarm_ros2_bueno/build/uf_ros_lib/install.log'
[1.263s] Invoked command in '/home/prodriguez/GITS/xarm_ros2_bueno/src/xarm_ros2/uf_ros_lib' returned '0': PYTHONPATH=/home/prodriguez/GITS/xarm_ros2_bueno/build/uf_ros_lib/prefix_override:/usr/lib/python3/dist-packages/colcon_core/task/python/colcon_distutils_commands:/home/prodriguez/GITS/xarm_ros2_bueno/install/uf_ros_lib/lib/python3.10/site-packages:${PYTHONPATH} /usr/bin/python3 -W ignore:setup.py install is deprecated setup.py egg_info --egg-base ../../../build/uf_ros_lib build --build-base /home/prodriguez/GITS/xarm_ros2_bueno/build/uf_ros_lib/build install --record /home/prodriguez/GITS/xarm_ros2_bueno/build/uf_ros_lib/install.log --single-version-externally-managed install_data
