[0.016s] Invoking command in '/home/prodriguez/GITS/xarm_ros2_bueno/build/xarm_controller': AMENT_PREFIX_PATH=/home/prodriguez/GITS/xarm_ros2_bueno/install/xarm_api:/home/prodriguez/GITS/xarm_ros2_bueno/install/xarm_sdk:/home/prodriguez/GITS/xarm_ros2_bueno/install/xarm_msgs:/home/prodriguez/GITS/xarm_ros2_bueno/install/xarm_description:${AMENT_PREFIX_PATH} CMAKE_PREFIX_PATH=/home/prodriguez/GITS/xarm_ros2_bueno/install/xarm_api:/home/prodriguez/GITS/xarm_ros2_bueno/install/xarm_sdk:/home/prodriguez/GITS/xarm_ros2_bueno/install/xarm_msgs:/home/prodriguez/GITS/xarm_ros2_bueno/install/xarm_description:/home/prodriguez/GITS/dev_ws/install/xarm_planner:/home/prodriguez/GITS/dev_ws/install/xarm_moveit_servo:/home/prodriguez/GITS/dev_ws/install/xarm_moveit_config:/home/prodriguez/GITS/dev_ws/install/xarm_gazebo:/home/prodriguez/GITS/dev_ws/install/xarm_controller:/home/prodriguez/GITS/dev_ws/install/xarm_api:/home/prodriguez/GITS/dev_ws/install/xarm_sdk:/home/prodriguez/GITS/dev_ws/install/xarm_msgs:/home/prodriguez/GITS/dev_ws/install/xarm_description:/home/prodriguez/GITS/dev_ws/install/realsense_gazebo_plugin:/home/prodriguez/ros2_ws/install/turtlesim:/home/prodriguez/ros2_ws/install/action_tutorials_interfaces:/home/prodriguez/GITS/dev_ws/install/uf_ros_lib:/home/prodriguez/ros2_ws/install/python_parameters:/home/prodriguez/ros2_ws/install/py_pubsub:/opt/ros/humble LD_LIBRARY_PATH=/home/prodriguez/GITS/xarm_ros2_bueno/install/xarm_api/lib:/home/prodriguez/GITS/xarm_ros2_bueno/install/xarm_sdk/lib:/home/prodriguez/GITS/xarm_ros2_bueno/install/xarm_msgs/lib:/home/prodriguez/GITS/dev_ws/install/xarm_planner/lib:/home/prodriguez/GITS/dev_ws/install/xarm_moveit_servo/lib:/home/prodriguez/GITS/dev_ws/install/xarm_gazebo/lib:/home/prodriguez/GITS/dev_ws/install/xarm_controller/lib:/home/prodriguez/GITS/dev_ws/install/xarm_api/lib:/home/prodriguez/GITS/dev_ws/install/xarm_sdk/lib:/home/prodriguez/GITS/dev_ws/install/xarm_msgs/lib:/home/prodriguez/GITS/dev_ws/install/realsense_gazebo_plugin/lib:/home/prodriguez/ros2_ws/install/turtlesim/lib:/home/prodriguez/ros2_ws/install/action_tutorials_interfaces/lib:/usr/lib/x86_64-linux-gnu/gazebo-11/plugins:/opt/ros/humble/opt/rviz_ogre_vendor/lib:/opt/ros/humble/lib/x86_64-linux-gnu:/opt/ros/humble/lib:/usr/lib/x86_64-linux-gnu/gazebo-11/plugins PYTHONPATH=/home/prodriguez/GITS/xarm_ros2_bueno/install/xarm_msgs/local/lib/python3.10/dist-packages:${PYTHONPATH} /usr/bin/cmake /home/prodriguez/GITS/xarm_ros2_bueno/src/xarm_ros2/xarm_controller -DCMAKE_INSTALL_PREFIX=/home/prodriguez/GITS/xarm_ros2_bueno/install/xarm_controller
[0.070s] -- The C compiler identification is GNU 11.4.0
[0.122s] -- The CXX compiler identification is GNU 11.4.0
[0.129s] -- Detecting C compiler ABI info
[0.198s] -- Detecting C compiler ABI info - done
[0.204s] -- Check for working C compiler: /usr/bin/cc - skipped
[0.204s] -- Detecting C compile features
[0.205s] -- Detecting C compile features - done
[0.207s] -- Detecting CXX compiler ABI info
[0.286s] -- Detecting CXX compiler ABI info - done
[0.292s] -- Check for working CXX compiler: /usr/bin/c++ - skipped
[0.292s] -- Detecting CXX compile features
[0.293s] -- Detecting CXX compile features - done
[0.297s] -- Found ament_cmake: 1.3.9 (/opt/ros/humble/share/ament_cmake/cmake)
[0.445s] -- Found Python3: /usr/bin/python3 (found version "3.10.12") found components: Interpreter 
[0.558s] -- Found ament_lint_auto: 0.12.11 (/opt/ros/humble/share/ament_lint_auto/cmake)
[0.652s] -- Found hardware_interface: 2.41.0 (/opt/ros/humble/share/hardware_interface/cmake)
[0.716s] -- Found rosidl_generator_c: 3.1.5 (/opt/ros/humble/share/rosidl_generator_c/cmake)
[0.725s] -- Found rosidl_adapter: 3.1.5 (/opt/ros/humble/share/rosidl_adapter/cmake)
[0.737s] -- Found rosidl_generator_cpp: 3.1.5 (/opt/ros/humble/share/rosidl_generator_cpp/cmake)
[0.754s] -- Using all available rosidl_typesupport_c: rosidl_typesupport_fastrtps_c;rosidl_typesupport_introspection_c
[0.779s] -- Using all available rosidl_typesupport_cpp: rosidl_typesupport_fastrtps_cpp;rosidl_typesupport_introspection_cpp
[1.491s] -- Found rmw_implementation_cmake: 6.1.2 (/opt/ros/humble/share/rmw_implementation_cmake/cmake)
[1.496s] -- Found rmw_fastrtps_cpp: 6.2.6 (/opt/ros/humble/share/rmw_fastrtps_cpp/cmake)
[1.542s] -- Found TinyXML2 via Config file: TinyXML2_DIR-NOTFOUND
[1.598s] -- Found OpenSSL: /usr/lib/x86_64-linux-gnu/libcrypto.so (found version "3.0.2")  
[1.601s] -- Found TinyXML2 via Config file: TinyXML2_DIR-NOTFOUND
[1.615s] -- Found FastRTPS: /opt/ros/humble/include  
[1.624s] -- Found TinyXML2 via Config file: TinyXML2_DIR-NOTFOUND
[1.633s] -- Found TinyXML2 via Config file: TinyXML2_DIR-NOTFOUND
[1.643s] -- Using RMW implementation 'rmw_fastrtps_cpp' as default
[1.658s] -- Looking for pthread.h
[1.730s] -- Looking for pthread.h - found
[1.730s] -- Performing Test CMAKE_HAVE_LIBC_PTHREAD
[1.803s] -- Performing Test CMAKE_HAVE_LIBC_PTHREAD - Success
[1.804s] -- Found Threads: TRUE  
[1.969s] -- Found rclcpp_action: 16.0.9 (/opt/ros/humble/share/rclcpp_action/cmake)
[2.004s] -- Found controller_manager_msgs: 2.41.0 (/opt/ros/humble/share/controller_manager_msgs/cmake)
[2.054s] -- Found xarm_msgs: 0.0.0 (/home/prodriguez/GITS/xarm_ros2_bueno/install/xarm_msgs/share/xarm_msgs/cmake)
[2.113s] -- Found xarm_api: 0.0.0 (/home/prodriguez/GITS/xarm_ros2_bueno/install/xarm_api/share/xarm_api/cmake)
[2.114s] -- Found xarm_sdk: 0.0.0 (/home/prodriguez/GITS/xarm_ros2_bueno/install/xarm_sdk/share/xarm_sdk/cmake)
[2.179s] -- Added test 'copyright' to check source files copyright and LICENSE
[2.182s] -- Added test 'cppcheck' to perform static code analysis on C / C++ code
[2.182s] -- Configured cppcheck include dirs: /home/prodriguez/GITS/xarm_ros2_bueno/src/xarm_ros2/xarm_controller/include
[2.182s] -- Configured cppcheck exclude dirs and/or files: 
[2.185s] -- Added test 'cpplint' to check C / C++ code against the Google style
[2.185s] -- Configured cpplint exclude dirs and/or files: 
[2.185s] -- Added test 'flake8' to check Python code syntax and style conventions
[2.186s] -- Added test 'lint_cmake' to check CMake code style
[2.187s] -- Added test 'pep257' to check Python code against some of the docstring style conventions in PEP 257
[2.190s] -- Added test 'uncrustify' to check C / C++ code style
[2.190s] -- Configured uncrustify additional arguments: 
[2.190s] -- Added test 'xmllint' to check XML markup files
[2.194s] -- Configuring done
[2.226s] -- Generating done
[2.227s] -- Build files have been written to: /home/prodriguez/GITS/xarm_ros2_bueno/build/xarm_controller
[2.236s] Invoked command in '/home/prodriguez/GITS/xarm_ros2_bueno/build/xarm_controller' returned '0': AMENT_PREFIX_PATH=/home/prodriguez/GITS/xarm_ros2_bueno/install/xarm_api:/home/prodriguez/GITS/xarm_ros2_bueno/install/xarm_sdk:/home/prodriguez/GITS/xarm_ros2_bueno/install/xarm_msgs:/home/prodriguez/GITS/xarm_ros2_bueno/install/xarm_description:${AMENT_PREFIX_PATH} CMAKE_PREFIX_PATH=/home/prodriguez/GITS/xarm_ros2_bueno/install/xarm_api:/home/prodriguez/GITS/xarm_ros2_bueno/install/xarm_sdk:/home/prodriguez/GITS/xarm_ros2_bueno/install/xarm_msgs:/home/prodriguez/GITS/xarm_ros2_bueno/install/xarm_description:/home/prodriguez/GITS/dev_ws/install/xarm_planner:/home/prodriguez/GITS/dev_ws/install/xarm_moveit_servo:/home/prodriguez/GITS/dev_ws/install/xarm_moveit_config:/home/prodriguez/GITS/dev_ws/install/xarm_gazebo:/home/prodriguez/GITS/dev_ws/install/xarm_controller:/home/prodriguez/GITS/dev_ws/install/xarm_api:/home/prodriguez/GITS/dev_ws/install/xarm_sdk:/home/prodriguez/GITS/dev_ws/install/xarm_msgs:/home/prodriguez/GITS/dev_ws/install/xarm_description:/home/prodriguez/GITS/dev_ws/install/realsense_gazebo_plugin:/home/prodriguez/ros2_ws/install/turtlesim:/home/prodriguez/ros2_ws/install/action_tutorials_interfaces:/home/prodriguez/GITS/dev_ws/install/uf_ros_lib:/home/prodriguez/ros2_ws/install/python_parameters:/home/prodriguez/ros2_ws/install/py_pubsub:/opt/ros/humble LD_LIBRARY_PATH=/home/prodriguez/GITS/xarm_ros2_bueno/install/xarm_api/lib:/home/prodriguez/GITS/xarm_ros2_bueno/install/xarm_sdk/lib:/home/prodriguez/GITS/xarm_ros2_bueno/install/xarm_msgs/lib:/home/prodriguez/GITS/dev_ws/install/xarm_planner/lib:/home/prodriguez/GITS/dev_ws/install/xarm_moveit_servo/lib:/home/prodriguez/GITS/dev_ws/install/xarm_gazebo/lib:/home/prodriguez/GITS/dev_ws/install/xarm_controller/lib:/home/prodriguez/GITS/dev_ws/install/xarm_api/lib:/home/prodriguez/GITS/dev_ws/install/xarm_sdk/lib:/home/prodriguez/GITS/dev_ws/install/xarm_msgs/lib:/home/prodriguez/GITS/dev_ws/install/realsense_gazebo_plugin/lib:/home/prodriguez/ros2_ws/install/turtlesim/lib:/home/prodriguez/ros2_ws/install/action_tutorials_interfaces/lib:/usr/lib/x86_64-linux-gnu/gazebo-11/plugins:/opt/ros/humble/opt/rviz_ogre_vendor/lib:/opt/ros/humble/lib/x86_64-linux-gnu:/opt/ros/humble/lib:/usr/lib/x86_64-linux-gnu/gazebo-11/plugins PYTHONPATH=/home/prodriguez/GITS/xarm_ros2_bueno/install/xarm_msgs/local/lib/python3.10/dist-packages:${PYTHONPATH} /usr/bin/cmake /home/prodriguez/GITS/xarm_ros2_bueno/src/xarm_ros2/xarm_controller -DCMAKE_INSTALL_PREFIX=/home/prodriguez/GITS/xarm_ros2_bueno/install/xarm_controller
[2.237s] Invoking command in '/home/prodriguez/GITS/xarm_ros2_bueno/build/xarm_controller': AMENT_PREFIX_PATH=/home/prodriguez/GITS/xarm_ros2_bueno/install/xarm_api:/home/prodriguez/GITS/xarm_ros2_bueno/install/xarm_sdk:/home/prodriguez/GITS/xarm_ros2_bueno/install/xarm_msgs:/home/prodriguez/GITS/xarm_ros2_bueno/install/xarm_description:${AMENT_PREFIX_PATH} CMAKE_PREFIX_PATH=/home/prodriguez/GITS/xarm_ros2_bueno/install/xarm_api:/home/prodriguez/GITS/xarm_ros2_bueno/install/xarm_sdk:/home/prodriguez/GITS/xarm_ros2_bueno/install/xarm_msgs:/home/prodriguez/GITS/xarm_ros2_bueno/install/xarm_description:/home/prodriguez/GITS/dev_ws/install/xarm_planner:/home/prodriguez/GITS/dev_ws/install/xarm_moveit_servo:/home/prodriguez/GITS/dev_ws/install/xarm_moveit_config:/home/prodriguez/GITS/dev_ws/install/xarm_gazebo:/home/prodriguez/GITS/dev_ws/install/xarm_controller:/home/prodriguez/GITS/dev_ws/install/xarm_api:/home/prodriguez/GITS/dev_ws/install/xarm_sdk:/home/prodriguez/GITS/dev_ws/install/xarm_msgs:/home/prodriguez/GITS/dev_ws/install/xarm_description:/home/prodriguez/GITS/dev_ws/install/realsense_gazebo_plugin:/home/prodriguez/ros2_ws/install/turtlesim:/home/prodriguez/ros2_ws/install/action_tutorials_interfaces:/home/prodriguez/GITS/dev_ws/install/uf_ros_lib:/home/prodriguez/ros2_ws/install/python_parameters:/home/prodriguez/ros2_ws/install/py_pubsub:/opt/ros/humble LD_LIBRARY_PATH=/home/prodriguez/GITS/xarm_ros2_bueno/install/xarm_api/lib:/home/prodriguez/GITS/xarm_ros2_bueno/install/xarm_sdk/lib:/home/prodriguez/GITS/xarm_ros2_bueno/install/xarm_msgs/lib:/home/prodriguez/GITS/dev_ws/install/xarm_planner/lib:/home/prodriguez/GITS/dev_ws/install/xarm_moveit_servo/lib:/home/prodriguez/GITS/dev_ws/install/xarm_gazebo/lib:/home/prodriguez/GITS/dev_ws/install/xarm_controller/lib:/home/prodriguez/GITS/dev_ws/install/xarm_api/lib:/home/prodriguez/GITS/dev_ws/install/xarm_sdk/lib:/home/prodriguez/GITS/dev_ws/install/xarm_msgs/lib:/home/prodriguez/GITS/dev_ws/install/realsense_gazebo_plugin/lib:/home/prodriguez/ros2_ws/install/turtlesim/lib:/home/prodriguez/ros2_ws/install/action_tutorials_interfaces/lib:/usr/lib/x86_64-linux-gnu/gazebo-11/plugins:/opt/ros/humble/opt/rviz_ogre_vendor/lib:/opt/ros/humble/lib/x86_64-linux-gnu:/opt/ros/humble/lib:/usr/lib/x86_64-linux-gnu/gazebo-11/plugins PYTHONPATH=/home/prodriguez/GITS/xarm_ros2_bueno/install/xarm_msgs/local/lib/python3.10/dist-packages:${PYTHONPATH} /usr/bin/cmake --build /home/prodriguez/GITS/xarm_ros2_bueno/build/xarm_controller -- -j6 -l6
[2.293s] [ 66%] [32mBuilding CXX object CMakeFiles/uf_robot_hardware.dir/src/hardware/uf_robot_system_hardware.cpp.o[0m
[2.293s] [ 66%] [32mBuilding CXX object CMakeFiles/uf_robot_hardware.dir/src/hardware/uf_robot_fake_system_hardware.cpp.o[0m
[8.625s] [100%] [32m[1mLinking CXX shared library libuf_robot_hardware.so[0m
[9.478s] [100%] Built target uf_robot_hardware
[9.490s] Invoked command in '/home/prodriguez/GITS/xarm_ros2_bueno/build/xarm_controller' returned '0': AMENT_PREFIX_PATH=/home/prodriguez/GITS/xarm_ros2_bueno/install/xarm_api:/home/prodriguez/GITS/xarm_ros2_bueno/install/xarm_sdk:/home/prodriguez/GITS/xarm_ros2_bueno/install/xarm_msgs:/home/prodriguez/GITS/xarm_ros2_bueno/install/xarm_description:${AMENT_PREFIX_PATH} CMAKE_PREFIX_PATH=/home/prodriguez/GITS/xarm_ros2_bueno/install/xarm_api:/home/prodriguez/GITS/xarm_ros2_bueno/install/xarm_sdk:/home/prodriguez/GITS/xarm_ros2_bueno/install/xarm_msgs:/home/prodriguez/GITS/xarm_ros2_bueno/install/xarm_description:/home/prodriguez/GITS/dev_ws/install/xarm_planner:/home/prodriguez/GITS/dev_ws/install/xarm_moveit_servo:/home/prodriguez/GITS/dev_ws/install/xarm_moveit_config:/home/prodriguez/GITS/dev_ws/install/xarm_gazebo:/home/prodriguez/GITS/dev_ws/install/xarm_controller:/home/prodriguez/GITS/dev_ws/install/xarm_api:/home/prodriguez/GITS/dev_ws/install/xarm_sdk:/home/prodriguez/GITS/dev_ws/install/xarm_msgs:/home/prodriguez/GITS/dev_ws/install/xarm_description:/home/prodriguez/GITS/dev_ws/install/realsense_gazebo_plugin:/home/prodriguez/ros2_ws/install/turtlesim:/home/prodriguez/ros2_ws/install/action_tutorials_interfaces:/home/prodriguez/GITS/dev_ws/install/uf_ros_lib:/home/prodriguez/ros2_ws/install/python_parameters:/home/prodriguez/ros2_ws/install/py_pubsub:/opt/ros/humble LD_LIBRARY_PATH=/home/prodriguez/GITS/xarm_ros2_bueno/install/xarm_api/lib:/home/prodriguez/GITS/xarm_ros2_bueno/install/xarm_sdk/lib:/home/prodriguez/GITS/xarm_ros2_bueno/install/xarm_msgs/lib:/home/prodriguez/GITS/dev_ws/install/xarm_planner/lib:/home/prodriguez/GITS/dev_ws/install/xarm_moveit_servo/lib:/home/prodriguez/GITS/dev_ws/install/xarm_gazebo/lib:/home/prodriguez/GITS/dev_ws/install/xarm_controller/lib:/home/prodriguez/GITS/dev_ws/install/xarm_api/lib:/home/prodriguez/GITS/dev_ws/install/xarm_sdk/lib:/home/prodriguez/GITS/dev_ws/install/xarm_msgs/lib:/home/prodriguez/GITS/dev_ws/install/realsense_gazebo_plugin/lib:/home/prodriguez/ros2_ws/install/turtlesim/lib:/home/prodriguez/ros2_ws/install/action_tutorials_interfaces/lib:/usr/lib/x86_64-linux-gnu/gazebo-11/plugins:/opt/ros/humble/opt/rviz_ogre_vendor/lib:/opt/ros/humble/lib/x86_64-linux-gnu:/opt/ros/humble/lib:/usr/lib/x86_64-linux-gnu/gazebo-11/plugins PYTHONPATH=/home/prodriguez/GITS/xarm_ros2_bueno/install/xarm_msgs/local/lib/python3.10/dist-packages:${PYTHONPATH} /usr/bin/cmake --build /home/prodriguez/GITS/xarm_ros2_bueno/build/xarm_controller -- -j6 -l6
[9.525s] Invoking command in '/home/prodriguez/GITS/xarm_ros2_bueno/build/xarm_controller': AMENT_PREFIX_PATH=/home/prodriguez/GITS/xarm_ros2_bueno/install/xarm_api:/home/prodriguez/GITS/xarm_ros2_bueno/install/xarm_sdk:/home/prodriguez/GITS/xarm_ros2_bueno/install/xarm_msgs:/home/prodriguez/GITS/xarm_ros2_bueno/install/xarm_description:${AMENT_PREFIX_PATH} CMAKE_PREFIX_PATH=/home/prodriguez/GITS/xarm_ros2_bueno/install/xarm_api:/home/prodriguez/GITS/xarm_ros2_bueno/install/xarm_sdk:/home/prodriguez/GITS/xarm_ros2_bueno/install/xarm_msgs:/home/prodriguez/GITS/xarm_ros2_bueno/install/xarm_description:/home/prodriguez/GITS/dev_ws/install/xarm_planner:/home/prodriguez/GITS/dev_ws/install/xarm_moveit_servo:/home/prodriguez/GITS/dev_ws/install/xarm_moveit_config:/home/prodriguez/GITS/dev_ws/install/xarm_gazebo:/home/prodriguez/GITS/dev_ws/install/xarm_controller:/home/prodriguez/GITS/dev_ws/install/xarm_api:/home/prodriguez/GITS/dev_ws/install/xarm_sdk:/home/prodriguez/GITS/dev_ws/install/xarm_msgs:/home/prodriguez/GITS/dev_ws/install/xarm_description:/home/prodriguez/GITS/dev_ws/install/realsense_gazebo_plugin:/home/prodriguez/ros2_ws/install/turtlesim:/home/prodriguez/ros2_ws/install/action_tutorials_interfaces:/home/prodriguez/GITS/dev_ws/install/uf_ros_lib:/home/prodriguez/ros2_ws/install/python_parameters:/home/prodriguez/ros2_ws/install/py_pubsub:/opt/ros/humble LD_LIBRARY_PATH=/home/prodriguez/GITS/xarm_ros2_bueno/install/xarm_api/lib:/home/prodriguez/GITS/xarm_ros2_bueno/install/xarm_sdk/lib:/home/prodriguez/GITS/xarm_ros2_bueno/install/xarm_msgs/lib:/home/prodriguez/GITS/dev_ws/install/xarm_planner/lib:/home/prodriguez/GITS/dev_ws/install/xarm_moveit_servo/lib:/home/prodriguez/GITS/dev_ws/install/xarm_gazebo/lib:/home/prodriguez/GITS/dev_ws/install/xarm_controller/lib:/home/prodriguez/GITS/dev_ws/install/xarm_api/lib:/home/prodriguez/GITS/dev_ws/install/xarm_sdk/lib:/home/prodriguez/GITS/dev_ws/install/xarm_msgs/lib:/home/prodriguez/GITS/dev_ws/install/realsense_gazebo_plugin/lib:/home/prodriguez/ros2_ws/install/turtlesim/lib:/home/prodriguez/ros2_ws/install/action_tutorials_interfaces/lib:/usr/lib/x86_64-linux-gnu/gazebo-11/plugins:/opt/ros/humble/opt/rviz_ogre_vendor/lib:/opt/ros/humble/lib/x86_64-linux-gnu:/opt/ros/humble/lib:/usr/lib/x86_64-linux-gnu/gazebo-11/plugins PYTHONPATH=/home/prodriguez/GITS/xarm_ros2_bueno/install/xarm_msgs/local/lib/python3.10/dist-packages:${PYTHONPATH} /usr/bin/cmake --install /home/prodriguez/GITS/xarm_ros2_bueno/build/xarm_controller
[9.533s] -- Install configuration: ""
[9.534s] -- Installing: /home/prodriguez/GITS/xarm_ros2_bueno/install/xarm_controller/share/xarm_controller/uf_hardware_interface_plugins.xml
[9.534s] -- Installing: /home/prodriguez/GITS/xarm_ros2_bueno/install/xarm_controller/include
[9.534s] -- Installing: /home/prodriguez/GITS/xarm_ros2_bueno/install/xarm_controller/include/xarm_controller
[9.534s] -- Installing: /home/prodriguez/GITS/xarm_ros2_bueno/install/xarm_controller/include/xarm_controller/hardware
[9.534s] -- Installing: /home/prodriguez/GITS/xarm_ros2_bueno/install/xarm_controller/include/xarm_controller/hardware/uf_robot_system_hardware.h
[9.535s] -- Installing: /home/prodriguez/GITS/xarm_ros2_bueno/install/xarm_controller/include/xarm_controller/hardware/uf_robot_fake_system_hardware.h
[9.535s] -- Installing: /home/prodriguez/GITS/xarm_ros2_bueno/install/xarm_controller/lib/libuf_robot_hardware.so
[9.538s] -- Set runtime path of "/home/prodriguez/GITS/xarm_ros2_bueno/install/xarm_controller/lib/libuf_robot_hardware.so" to ""
[9.538s] -- Installing: /home/prodriguez/GITS/xarm_ros2_bueno/install/xarm_controller/share/xarm_controller//launch
[9.538s] -- Installing: /home/prodriguez/GITS/xarm_ros2_bueno/install/xarm_controller/share/xarm_controller//launch/lib
[9.538s] -- Installing: /home/prodriguez/GITS/xarm_ros2_bueno/install/xarm_controller/share/xarm_controller//launch/lib/robot_controller_lib.py
[9.538s] -- Installing: /home/prodriguez/GITS/xarm_ros2_bueno/install/xarm_controller/share/xarm_controller//launch/_dual_ros2_control.launch.py
[9.538s] -- Installing: /home/prodriguez/GITS/xarm_ros2_bueno/install/xarm_controller/share/xarm_controller//launch/uf850_control_rviz_display.launch.py
[9.539s] -- Installing: /home/prodriguez/GITS/xarm_ros2_bueno/install/xarm_controller/share/xarm_controller//launch/xarm6_control_rviz_display.launch.py
[9.539s] -- Installing: /home/prodriguez/GITS/xarm_ros2_bueno/install/xarm_controller/share/xarm_controller//launch/_robot_ros2_control.launch.py
[9.539s] -- Installing: /home/prodriguez/GITS/xarm_ros2_bueno/install/xarm_controller/share/xarm_controller//launch/lite6_control_rviz_display.launch.py
[9.540s] -- Installing: /home/prodriguez/GITS/xarm_ros2_bueno/install/xarm_controller/share/xarm_controller//launch/xarm7_control_rviz_display.launch.py
[9.540s] -- Installing: /home/prodriguez/GITS/xarm_ros2_bueno/install/xarm_controller/share/xarm_controller//launch/_ros2_control.launch.py
[9.540s] -- Installing: /home/prodriguez/GITS/xarm_ros2_bueno/install/xarm_controller/share/xarm_controller//launch/xarm7_mirror_control_rviz_display.launch.py
[9.540s] -- Installing: /home/prodriguez/GITS/xarm_ros2_bueno/install/xarm_controller/share/xarm_controller//launch/xarm5_control_rviz_display.launch.py
[9.541s] -- Installing: /home/prodriguez/GITS/xarm_ros2_bueno/install/xarm_controller/share/xarm_controller//config
[9.541s] -- Installing: /home/prodriguez/GITS/xarm_ros2_bueno/install/xarm_controller/share/xarm_controller//config/xarm7_mirror_controllers.yaml
[9.541s] -- Installing: /home/prodriguez/GITS/xarm_ros2_bueno/install/xarm_controller/share/xarm_controller//config/lite6_controllers.yaml
[9.541s] -- Installing: /home/prodriguez/GITS/xarm_ros2_bueno/install/xarm_controller/share/xarm_controller//config/bio_gripper_controllers.yaml
[9.541s] -- Installing: /home/prodriguez/GITS/xarm_ros2_bueno/install/xarm_controller/share/xarm_controller//config/xarm5_controllers.yaml
[9.542s] -- Installing: /home/prodriguez/GITS/xarm_ros2_bueno/install/xarm_controller/share/xarm_controller//config/xarm6_controllers.yaml
[9.542s] -- Installing: /home/prodriguez/GITS/xarm_ros2_bueno/install/xarm_controller/share/xarm_controller//config/xarm7_controllers.yaml
[9.542s] -- Installing: /home/prodriguez/GITS/xarm_ros2_bueno/install/xarm_controller/share/xarm_controller//config/xarm_gripper_controllers.yaml
[9.542s] -- Installing: /home/prodriguez/GITS/xarm_ros2_bueno/install/xarm_controller/share/xarm_controller//config/uf850_gripper_controllers.yaml
[9.543s] -- Installing: /home/prodriguez/GITS/xarm_ros2_bueno/install/xarm_controller/share/xarm_controller//config/uf850_controllers.yaml
[9.543s] -- Installing: /home/prodriguez/GITS/xarm_ros2_bueno/install/xarm_controller/share/xarm_controller//config/xarm7_mirror_gripper_controllers.yaml
[9.543s] -- Installing: /home/prodriguez/GITS/xarm_ros2_bueno/install/xarm_controller/share/xarm_controller/environment/library_path.sh
[9.543s] -- Installing: /home/prodriguez/GITS/xarm_ros2_bueno/install/xarm_controller/share/xarm_controller/environment/library_path.dsv
[9.544s] -- Installing: /home/prodriguez/GITS/xarm_ros2_bueno/install/xarm_controller/share/ament_index/resource_index/package_run_dependencies/xarm_controller
[9.544s] -- Installing: /home/prodriguez/GITS/xarm_ros2_bueno/install/xarm_controller/share/ament_index/resource_index/parent_prefix_path/xarm_controller
[9.544s] -- Installing: /home/prodriguez/GITS/xarm_ros2_bueno/install/xarm_controller/share/xarm_controller/environment/ament_prefix_path.sh
[9.544s] -- Installing: /home/prodriguez/GITS/xarm_ros2_bueno/install/xarm_controller/share/xarm_controller/environment/ament_prefix_path.dsv
[9.544s] -- Installing: /home/prodriguez/GITS/xarm_ros2_bueno/install/xarm_controller/share/xarm_controller/environment/path.sh
[9.544s] -- Installing: /home/prodriguez/GITS/xarm_ros2_bueno/install/xarm_controller/share/xarm_controller/environment/path.dsv
[9.544s] -- Installing: /home/prodriguez/GITS/xarm_ros2_bueno/install/xarm_controller/share/xarm_controller/local_setup.bash
[9.544s] -- Installing: /home/prodriguez/GITS/xarm_ros2_bueno/install/xarm_controller/share/xarm_controller/local_setup.sh
[9.545s] -- Installing: /home/prodriguez/GITS/xarm_ros2_bueno/install/xarm_controller/share/xarm_controller/local_setup.zsh
[9.545s] -- Installing: /home/prodriguez/GITS/xarm_ros2_bueno/install/xarm_controller/share/xarm_controller/local_setup.dsv
[9.545s] -- Installing: /home/prodriguez/GITS/xarm_ros2_bueno/install/xarm_controller/share/xarm_controller/package.dsv
[9.545s] -- Installing: /home/prodriguez/GITS/xarm_ros2_bueno/install/xarm_controller/share/ament_index/resource_index/packages/xarm_controller
[9.545s] -- Installing: /home/prodriguez/GITS/xarm_ros2_bueno/install/xarm_controller/share/ament_index/resource_index/hardware_interface__pluginlib__plugin/xarm_controller
[9.545s] -- Installing: /home/prodriguez/GITS/xarm_ros2_bueno/install/xarm_controller/share/xarm_controller/cmake/ament_cmake_export_include_directories-extras.cmake
[9.546s] -- Installing: /home/prodriguez/GITS/xarm_ros2_bueno/install/xarm_controller/share/xarm_controller/cmake/ament_cmake_export_libraries-extras.cmake
[9.546s] -- Installing: /home/prodriguez/GITS/xarm_ros2_bueno/install/xarm_controller/share/xarm_controller/cmake/ament_cmake_export_dependencies-extras.cmake
[9.546s] -- Installing: /home/prodriguez/GITS/xarm_ros2_bueno/install/xarm_controller/share/xarm_controller/cmake/xarm_controllerConfig.cmake
[9.546s] -- Installing: /home/prodriguez/GITS/xarm_ros2_bueno/install/xarm_controller/share/xarm_controller/cmake/xarm_controllerConfig-version.cmake
[9.546s] -- Installing: /home/prodriguez/GITS/xarm_ros2_bueno/install/xarm_controller/share/xarm_controller/package.xml
[9.548s] Invoked command in '/home/prodriguez/GITS/xarm_ros2_bueno/build/xarm_controller' returned '0': AMENT_PREFIX_PATH=/home/prodriguez/GITS/xarm_ros2_bueno/install/xarm_api:/home/prodriguez/GITS/xarm_ros2_bueno/install/xarm_sdk:/home/prodriguez/GITS/xarm_ros2_bueno/install/xarm_msgs:/home/prodriguez/GITS/xarm_ros2_bueno/install/xarm_description:${AMENT_PREFIX_PATH} CMAKE_PREFIX_PATH=/home/prodriguez/GITS/xarm_ros2_bueno/install/xarm_api:/home/prodriguez/GITS/xarm_ros2_bueno/install/xarm_sdk:/home/prodriguez/GITS/xarm_ros2_bueno/install/xarm_msgs:/home/prodriguez/GITS/xarm_ros2_bueno/install/xarm_description:/home/prodriguez/GITS/dev_ws/install/xarm_planner:/home/prodriguez/GITS/dev_ws/install/xarm_moveit_servo:/home/prodriguez/GITS/dev_ws/install/xarm_moveit_config:/home/prodriguez/GITS/dev_ws/install/xarm_gazebo:/home/prodriguez/GITS/dev_ws/install/xarm_controller:/home/prodriguez/GITS/dev_ws/install/xarm_api:/home/prodriguez/GITS/dev_ws/install/xarm_sdk:/home/prodriguez/GITS/dev_ws/install/xarm_msgs:/home/prodriguez/GITS/dev_ws/install/xarm_description:/home/prodriguez/GITS/dev_ws/install/realsense_gazebo_plugin:/home/prodriguez/ros2_ws/install/turtlesim:/home/prodriguez/ros2_ws/install/action_tutorials_interfaces:/home/prodriguez/GITS/dev_ws/install/uf_ros_lib:/home/prodriguez/ros2_ws/install/python_parameters:/home/prodriguez/ros2_ws/install/py_pubsub:/opt/ros/humble LD_LIBRARY_PATH=/home/prodriguez/GITS/xarm_ros2_bueno/install/xarm_api/lib:/home/prodriguez/GITS/xarm_ros2_bueno/install/xarm_sdk/lib:/home/prodriguez/GITS/xarm_ros2_bueno/install/xarm_msgs/lib:/home/prodriguez/GITS/dev_ws/install/xarm_planner/lib:/home/prodriguez/GITS/dev_ws/install/xarm_moveit_servo/lib:/home/prodriguez/GITS/dev_ws/install/xarm_gazebo/lib:/home/prodriguez/GITS/dev_ws/install/xarm_controller/lib:/home/prodriguez/GITS/dev_ws/install/xarm_api/lib:/home/prodriguez/GITS/dev_ws/install/xarm_sdk/lib:/home/prodriguez/GITS/dev_ws/install/xarm_msgs/lib:/home/prodriguez/GITS/dev_ws/install/realsense_gazebo_plugin/lib:/home/prodriguez/ros2_ws/install/turtlesim/lib:/home/prodriguez/ros2_ws/install/action_tutorials_interfaces/lib:/usr/lib/x86_64-linux-gnu/gazebo-11/plugins:/opt/ros/humble/opt/rviz_ogre_vendor/lib:/opt/ros/humble/lib/x86_64-linux-gnu:/opt/ros/humble/lib:/usr/lib/x86_64-linux-gnu/gazebo-11/plugins PYTHONPATH=/home/prodriguez/GITS/xarm_ros2_bueno/install/xarm_msgs/local/lib/python3.10/dist-packages:${PYTHONPATH} /usr/bin/cmake --install /home/prodriguez/GITS/xarm_ros2_bueno/build/xarm_controller
